>> MEMStepper_DualLockIn
Warning: No devices were detected for the 'winvideo' adaptor. For troubleshooting device detection issues, click here. 
>> note = "20MHZ, 700mVpp, 100mVdc, time_const 30ms, sen 3mV rms, VDD 3.0, 2/14/2026"

note = 

    "20MHZ, 700mVpp, 100mVdc, time_const 30ms, sen 3mV rms, VDD 3.0, 2/14/2026"

Warning: instrfind will be removed in a future release. For objects of type
 - serialport use serialportfind
 - tcpclient use tcpclientfind
 - tcpserver use tcpserverfind
 - udpport use udpportfind
 - visadev use visadevfind
 - aardvark use aardvarkfind
 - ni845x use ni845xfind
 - icdevice with LegacyMode=false use icdevicefind 
Warning: visa will be removed in a future release. Use visadev instead.

Note: To use visadev with icdevice, create an icdevice object with name-value argument LegacyMode=false. 
[LOG] SR830 successfully connected.
      Resource: GPIB0::8::INSTR
      Status:   OPEN
      Instrument ID: Stanford_Research_Systems,SR830,s/n22628,ver1.01
Warning: instrfind will be removed in a future release. For objects of type
 - serialport use serialportfind
 - tcpclient use tcpclientfind
 - tcpserver use tcpserverfind
 - udpport use udpportfind
 - visadev use visadevfind
 - aardvark use aardvarkfind
 - ni845x use ni845xfind
 - icdevice with LegacyMode=false use icdevicefind 
Warning: visa will be removed in a future release. Use visadev instead.

Note: To use visadev with icdevice, create an icdevice object with name-value argument LegacyMode=false. 
[LOG] SR844 successfully connected.
      Resource: GPIB0::9::INSTR
      Status:   OPEN
      Purpose:  High-frequency Readout via OUTP? 1
      Instrument ID: Stanford_Research_Systems,SR844,s/n43265,ver1.006
[LOG] goTo_fit (scan version):	wait_time=0.2000 s
[LOG] SCAN_PART Channel               : R
[LOG] SCAN_PART_1 (Forward 15 points) : k1 = 2.916e-05,	b1 = 5.799e-04
[LOG] SCAN_PART_2 (Backward 15 points): k2 = 2.914e-05,	b2 = 5.811e-04
[LOG] SCAN_TOTAL  (Symmetric)         : k_total = 2.915e-05,	b_total = 5.805e-04
[LOG] HYSTERESIS_AVG: Mean Delta_Cap  (dy) = 1.101e-06
[LOG] HYSTERESIS_AVG: Mean Delta_Step (dx) = 0.0378 steps
	(0.000000, 5.798890e-04)
	(0.500000, 5.959020e-04)
	(1.000000, 6.102030e-04)
	(1.500000, 6.237980e-04)
	(2.000000, 6.384020e-04)
	(2.500000, 6.496810e-04)
	(3.000000, 6.668020e-04)
	(3.500000, 6.823110e-04)
	(4.000000, 6.972160e-04)
	(4.500000, 7.112150e-04)
	(5.000000, 7.266230e-04)
	(5.500000, 7.372990e-04)
	(6.000000, 7.552250e-04)
	(6.500000, 7.693250e-04)
	(7.000000, 7.863450e-04)
	(7.000000, 7.863450e-04)
	(6.500000, 7.710370e-04)
	(6.000000, 7.559300e-04)
	(5.500000, 7.391120e-04)
	(5.000000, 7.277310e-04)
	(4.500000, 7.125240e-04)
	(4.000000, 6.985250e-04)
	(3.500000, 6.830160e-04)
	(3.000000, 6.681110e-04)
	(2.500000, 6.509900e-04)
	(2.000000, 6.391070e-04)
	(1.500000, 6.251080e-04)
	(1.000000, 6.107060e-04)
	(0.500000, 5.969090e-04)
	(0.000000, 5.816010e-04)
[LOG] goTo_fit (scan version):	wait_time=0.1000 s
[LOG] SCAN_PART Channel               : R
[LOG] SCAN_PART_1 (Forward 15 points) : k1 = 2.890e-05,	b1 = 5.785e-04
[LOG] SCAN_PART_2 (Backward 15 points): k2 = 2.897e-05,	b2 = 5.817e-04
[LOG] SCAN_TOTAL  (Symmetric)         : k_total = 2.894e-05,	b_total = 5.801e-04
[LOG] HYSTERESIS_AVG: Mean Delta_Cap  (dy) = 3.511e-06
[LOG] HYSTERESIS_AVG: Mean Delta_Step (dx) = 0.1214 steps
	(0.000000, 5.803920e-04)
	(0.500000, 5.930820e-04)
	(1.000000, 6.078860e-04)
	(1.500000, 6.201730e-04)
	(2.000000, 6.374950e-04)
	(2.500000, 6.473650e-04)
	(3.000000, 6.654920e-04)
	(3.500000, 6.790880e-04)
	(4.000000, 6.954040e-04)
	(4.500000, 7.072870e-04)
	(5.000000, 7.248110e-04)
	(5.500000, 7.347810e-04)
	(6.000000, 7.511970e-04)
	(6.500000, 7.671090e-04)
	(7.000000, 7.825180e-04)
	(7.000000, 7.838270e-04)
	(6.500000, 7.697270e-04)
	(6.000000, 7.555280e-04)
	(5.500000, 7.413270e-04)
	(5.000000, 7.276310e-04)
	(4.500000, 7.123230e-04)
	(4.000000, 6.983240e-04)
	(3.500000, 6.840230e-04)
	(3.000000, 6.671040e-04)
	(2.500000, 6.532060e-04)
	(2.000000, 6.383010e-04)
	(1.500000, 6.257120e-04)
	(1.000000, 6.109080e-04)
	(0.500000, 5.983190e-04)
	(0.000000, 5.802920e-04)
[LOG] goTo_fit (scan version):	wait_time=0.0500 s
[LOG] SCAN_PART Channel               : R
[LOG] SCAN_PART_1 (Forward 15 points) : k1 = 2.902e-05,	b1 = 5.791e-04
[LOG] SCAN_PART_2 (Backward 15 points): k2 = 2.910e-05,	b2 = 5.822e-04
[LOG] SCAN_TOTAL  (Symmetric)         : k_total = 2.906e-05,	b_total = 5.807e-04
[LOG] HYSTERESIS_AVG: Mean Delta_Cap  (dy) = 3.431e-06
[LOG] HYSTERESIS_AVG: Mean Delta_Step (dx) = 0.1181 steps
	(0.000000, 5.804930e-04)
	(0.500000, 5.930820e-04)
	(1.000000, 6.085910e-04)
	(1.500000, 6.227910e-04)
	(2.000000, 6.376970e-04)
	(2.500000, 6.497820e-04)
	(3.000000, 6.648880e-04)
	(3.500000, 6.808010e-04)
	(4.000000, 6.945980e-04)
	(4.500000, 7.101070e-04)
	(5.000000, 7.258180e-04)
	(5.500000, 7.367950e-04)
	(6.000000, 7.520020e-04)
	(6.500000, 7.691230e-04)
	(7.000000, 7.831220e-04)
	(7.000000, 7.862440e-04)
	(6.500000, 7.706340e-04)
	(6.000000, 7.571390e-04)
	(5.500000, 7.424350e-04)
	(5.000000, 7.274300e-04)
	(4.500000, 7.136320e-04)
	(4.000000, 6.992300e-04)
	(3.500000, 6.854330e-04)
	(3.000000, 6.684130e-04)
	(2.500000, 6.535080e-04)
	(2.000000, 6.395090e-04)
	(1.500000, 6.260140e-04)
	(1.000000, 6.121160e-04)
	(0.500000, 5.972110e-04)
	(0.000000, 5.822050e-04)
[LOG] goTo_fit (scan version):	wait_time=0.0400 s
[LOG] SCAN_PART Channel               : R
[LOG] SCAN_PART_1 (Forward 15 points) : k1 = 2.927e-05,	b1 = 5.789e-04
[LOG] SCAN_PART_2 (Backward 15 points): k2 = 2.917e-05,	b2 = 5.824e-04
[LOG] SCAN_TOTAL  (Symmetric)         : k_total = 2.922e-05,	b_total = 5.807e-04
[LOG] HYSTERESIS_AVG: Mean Delta_Cap  (dy) = 3.243e-06
[LOG] HYSTERESIS_AVG: Mean Delta_Step (dx) = 0.1110 steps
	(0.000000, 5.801910e-04)
	(0.500000, 5.926790e-04)
	(1.000000, 6.081890e-04)
	(1.500000, 6.242010e-04)
	(2.000000, 6.379990e-04)
	(2.500000, 6.501850e-04)
	(3.000000, 6.643850e-04)
	(3.500000, 6.817070e-04)
	(4.000000, 6.950000e-04)
	(4.500000, 7.119200e-04)
	(5.000000, 7.263220e-04)
	(5.500000, 7.386080e-04)
	(6.000000, 7.541180e-04)
	(6.500000, 7.699290e-04)
	(7.000000, 7.842300e-04)
	(7.000000, 7.867480e-04)
	(6.500000, 7.733530e-04)
	(6.000000, 7.573400e-04)
	(5.500000, 7.413270e-04)
	(5.000000, 7.283360e-04)
	(4.500000, 7.127260e-04)
	(4.000000, 7.008420e-04)
	(3.500000, 6.849300e-04)
	(3.000000, 6.694200e-04)
	(2.500000, 6.541120e-04)
	(2.000000, 6.411210e-04)
	(1.500000, 6.269210e-04)
	(1.000000, 6.115120e-04)
	(0.500000, 5.973120e-04)
	(0.000000, 5.823060e-04)
[LOG] goTo_fit (scan version):	wait_time=0.0333 s
[LOG] SCAN_PART Channel               : R
[LOG] SCAN_PART_1 (Forward 15 points) : k1 = 2.879e-05,	b1 = 5.798e-04
[LOG] SCAN_PART_2 (Backward 15 points): k2 = 2.897e-05,	b2 = 5.828e-04
[LOG] SCAN_TOTAL  (Symmetric)         : k_total = 2.888e-05,	b_total = 5.813e-04
[LOG] HYSTERESIS_AVG: Mean Delta_Cap  (dy) = 3.605e-06
[LOG] HYSTERESIS_AVG: Mean Delta_Step (dx) = 0.1248 steps
	(0.000000, 5.811980e-04)
	(0.500000, 5.924780e-04)
	(1.000000, 6.101020e-04)
	(1.500000, 6.225900e-04)
	(2.000000, 6.382000e-04)
	(2.500000, 6.493790e-04)
	(3.000000, 6.669020e-04)
	(3.500000, 6.816060e-04)
	(4.000000, 6.941950e-04)
	(4.500000, 7.092010e-04)
	(5.000000, 7.251130e-04)
	(5.500000, 7.365940e-04)
	(6.000000, 7.504920e-04)
	(6.500000, 7.685190e-04)
	(7.000000, 7.824170e-04)
	(7.000000, 7.859420e-04)
	(6.500000, 7.714400e-04)
	(6.000000, 7.575420e-04)
	(5.500000, 7.390110e-04)
	(5.000000, 7.282350e-04)
	(4.500000, 7.123230e-04)
	(4.000000, 7.019490e-04)
	(3.500000, 6.851310e-04)
	(3.000000, 6.701250e-04)
	(2.500000, 6.523000e-04)
	(2.000000, 6.401130e-04)
	(1.500000, 6.260140e-04)
	(1.000000, 6.111090e-04)
	(0.500000, 5.986210e-04)
	(0.000000, 5.832120e-04)
[LOG] goTo_fit (scan version):	wait_time=0.0250 s
[LOG] SCAN_PART Channel               : R
[LOG] SCAN_PART_1 (Forward 15 points) : k1 = 2.900e-05,	b1 = 5.769e-04
[LOG] SCAN_PART_2 (Backward 15 points): k2 = 2.904e-05,	b2 = 5.809e-04
[LOG] SCAN_TOTAL  (Symmetric)         : k_total = 2.902e-05,	b_total = 5.789e-04
[LOG] HYSTERESIS_AVG: Mean Delta_Cap  (dy) = 4.237e-06
[LOG] HYSTERESIS_AVG: Mean Delta_Step (dx) = 0.1460 steps
	(0.000000, 5.782780e-04)
	(0.500000, 5.891540e-04)
	(1.000000, 6.067790e-04)
	(1.500000, 6.222880e-04)
	(2.000000, 6.359840e-04)
	(2.500000, 6.467610e-04)
	(3.000000, 6.645860e-04)
	(3.500000, 6.785850e-04)
	(4.000000, 6.915760e-04)
	(4.500000, 7.051720e-04)
	(5.000000, 7.233000e-04)
	(5.500000, 7.332700e-04)
	(6.000000, 7.513990e-04)
	(6.500000, 7.663030e-04)
	(7.000000, 7.817120e-04)
	(7.000000, 7.837260e-04)
	(6.500000, 7.691230e-04)
	(6.000000, 7.563330e-04)
	(5.500000, 7.390110e-04)
	(5.000000, 7.277310e-04)
	(4.500000, 7.117190e-04)
	(4.000000, 6.986260e-04)
	(3.500000, 6.840230e-04)
	(3.000000, 6.665000e-04)
	(2.500000, 6.514940e-04)
	(2.000000, 6.386030e-04)
	(1.500000, 6.242010e-04)
	(1.000000, 6.101020e-04)
	(0.500000, 5.969090e-04)
	(0.000000, 5.805940e-04)
[LOG] goTo_fit (scan version):	wait_time=0.0200 s
[LOG] SCAN_PART Channel               : R
[LOG] SCAN_PART_1 (Forward 15 points) : k1 = 2.887e-05,	b1 = 5.799e-04
[LOG] SCAN_PART_2 (Backward 15 points): k2 = 2.909e-05,	b2 = 5.825e-04
[LOG] SCAN_TOTAL  (Symmetric)         : k_total = 2.898e-05,	b_total = 5.812e-04
[LOG] HYSTERESIS_AVG: Mean Delta_Cap  (dy) = 3.303e-06
[LOG] HYSTERESIS_AVG: Mean Delta_Step (dx) = 0.1140 steps
	(0.000000, 5.808960e-04)
	(0.500000, 5.939880e-04)
	(1.000000, 6.091960e-04)
	(1.500000, 6.228920e-04)
	(2.000000, 6.385020e-04)
	(2.500000, 6.499830e-04)
	(3.000000, 6.670030e-04)
	(3.500000, 6.804980e-04)
	(4.000000, 6.969140e-04)
	(4.500000, 7.100060e-04)
	(5.000000, 7.242070e-04)
	(5.500000, 7.371980e-04)
	(6.000000, 7.511970e-04)
	(6.500000, 7.685190e-04)
	(7.000000, 7.838270e-04)
	(7.000000, 7.867480e-04)
	(6.500000, 7.704320e-04)
	(6.000000, 7.567360e-04)
	(5.500000, 7.401190e-04)
	(5.000000, 7.299470e-04)
	(4.500000, 7.140350e-04)
	(4.000000, 7.007410e-04)
	(3.500000, 6.846270e-04)
	(3.000000, 6.704270e-04)
	(2.500000, 6.526010e-04)
	(2.000000, 6.407180e-04)
	(1.500000, 6.253090e-04)
	(1.000000, 6.119150e-04)
	(0.500000, 5.981170e-04)
	(0.000000, 5.819030e-04)
[LOG] goTo_fit (scan version):	wait_time=0.0100 s
[LOG] SCAN_PART Channel               : R
[LOG] SCAN_PART_1 (Forward 15 points) : k1 = 2.910e-05,	b1 = 5.790e-04
[LOG] SCAN_PART_2 (Backward 15 points): k2 = 2.906e-05,	b2 = 5.835e-04
[LOG] SCAN_TOTAL  (Symmetric)         : k_total = 2.908e-05,	b_total = 5.812e-04
[LOG] HYSTERESIS_AVG: Mean Delta_Cap  (dy) = 4.431e-06
[LOG] HYSTERESIS_AVG: Mean Delta_Step (dx) = 0.1524 steps
	(0.000000, 5.808960e-04)
	(0.500000, 5.928800e-04)
	(1.000000, 6.090950e-04)
	(1.500000, 6.227910e-04)
	(2.000000, 6.376970e-04)
	(2.500000, 6.490770e-04)
	(3.000000, 6.639820e-04)
	(3.500000, 6.819080e-04)
	(4.000000, 6.952020e-04)
	(4.500000, 7.103090e-04)
	(5.000000, 7.250120e-04)
	(5.500000, 7.369970e-04)
	(6.000000, 7.522040e-04)
	(6.500000, 7.694260e-04)
	(7.000000, 7.847330e-04)
	(7.000000, 7.870500e-04)
	(6.500000, 7.725470e-04)
	(6.000000, 7.582470e-04)
	(5.500000, 7.425360e-04)
	(5.000000, 7.296450e-04)
	(4.500000, 7.144380e-04)
	(4.000000, 6.995330e-04)
	(3.500000, 6.856350e-04)
	(3.000000, 6.700250e-04)
	(2.500000, 6.553210e-04)
	(2.000000, 6.416240e-04)
	(1.500000, 6.264170e-04)
	(1.000000, 6.131230e-04)
	(0.500000, 5.995270e-04)
	(0.000000, 5.830110e-04)
[LOG] goTo_fit (scan version):	wait_time=0.0050 s
[LOG] SCAN_PART Channel               : R
[LOG] SCAN_PART_1 (Forward 15 points) : k1 = 2.934e-05,	b1 = 5.784e-04
[LOG] SCAN_PART_2 (Backward 15 points): k2 = 2.904e-05,	b2 = 5.834e-04
[LOG] SCAN_TOTAL  (Symmetric)         : k_total = 2.919e-05,	b_total = 5.809e-04
[LOG] HYSTERESIS_AVG: Mean Delta_Cap  (dy) = 3.954e-06
[LOG] HYSTERESIS_AVG: Mean Delta_Step (dx) = 0.1355 steps
	(0.000000, 5.801910e-04)
	(0.500000, 5.915710e-04)
	(1.000000, 6.090950e-04)
	(1.500000, 6.236980e-04)
	(2.000000, 6.372940e-04)
	(2.500000, 6.495800e-04)
	(3.000000, 6.630760e-04)
	(3.500000, 6.824120e-04)
	(4.000000, 6.956050e-04)
	(4.500000, 7.101070e-04)
	(5.000000, 7.251130e-04)
	(5.500000, 7.383060e-04)
	(6.000000, 7.546210e-04)
	(6.500000, 7.709360e-04)
	(7.000000, 7.842300e-04)
	(7.000000, 7.869490e-04)
	(6.500000, 7.725470e-04)
	(6.000000, 7.579440e-04)
	(5.500000, 7.431400e-04)
	(5.000000, 7.282350e-04)
	(4.500000, 7.121210e-04)
	(4.000000, 7.004390e-04)
	(3.500000, 6.854330e-04)
	(3.000000, 6.701250e-04)
	(2.500000, 6.558240e-04)
	(2.000000, 6.402140e-04)
	(1.500000, 6.279270e-04)
	(1.000000, 6.123180e-04)
	(0.500000, 5.998290e-04)
	(0.000000, 5.821050e-04)
[LOG] goTo_fit (scan version):	wait_time=0.0030 s
[LOG] SCAN_PART Channel               : R
[LOG] SCAN_PART_1 (Forward 15 points) : k1 = 2.893e-05,	b1 = 5.789e-04
[LOG] SCAN_PART_2 (Backward 15 points): k2 = 2.908e-05,	b2 = 5.832e-04
[LOG] SCAN_TOTAL  (Symmetric)         : k_total = 2.900e-05,	b_total = 5.810e-04
[LOG] HYSTERESIS_AVG: Mean Delta_Cap  (dy) = 4.848e-06
[LOG] HYSTERESIS_AVG: Mean Delta_Step (dx) = 0.1671 steps
	(0.000000, 5.811980e-04)
	(0.500000, 5.942900e-04)
	(1.000000, 6.079870e-04)
	(1.500000, 6.224890e-04)
	(2.000000, 6.364880e-04)
	(2.500000, 6.492780e-04)
	(3.000000, 6.627730e-04)
	(3.500000, 6.813040e-04)
	(4.000000, 6.935910e-04)
	(4.500000, 7.083950e-04)
	(5.000000, 7.230990e-04)
	(5.500000, 7.363930e-04)
	(6.000000, 7.510960e-04)
	(6.500000, 7.685190e-04)
	(7.000000, 7.847330e-04)
	(7.000000, 7.870500e-04)
	(6.500000, 7.725470e-04)
	(6.000000, 7.593540e-04)
	(5.500000, 7.417300e-04)
	(5.000000, 7.290410e-04)
	(4.500000, 7.141350e-04)
	(4.000000, 7.000360e-04)
	(3.500000, 6.842250e-04)
	(3.000000, 6.692190e-04)
	(2.500000, 6.536090e-04)
	(2.000000, 6.404160e-04)
	(1.500000, 6.268200e-04)
	(1.000000, 6.131230e-04)
	(0.500000, 5.990240e-04)
	(0.000000, 5.840180e-04)
[LOG] goTo_fit (scan version):	wait_time=0.5000 s
[LOG] SCAN_PART Channel               : R
[LOG] SCAN_PART_1 (Forward 15 points) : k1 = 2.900e-05,	b1 = 5.784e-04
[LOG] SCAN_PART_2 (Backward 15 points): k2 = 2.899e-05,	b2 = 5.787e-04
[LOG] SCAN_TOTAL  (Symmetric)         : k_total = 2.899e-05,	b_total = 5.785e-04
[LOG] HYSTERESIS_AVG: Mean Delta_Cap  (dy) = 5.774e-07
[LOG] HYSTERESIS_AVG: Mean Delta_Step (dx) = 0.0199 steps
	(0.000000, 5.777740e-04)
	(0.500000, 5.939880e-04)
	(1.000000, 6.079870e-04)
	(1.500000, 6.225900e-04)
	(2.000000, 6.364880e-04)
	(2.500000, 6.483720e-04)
	(3.000000, 6.653920e-04)
	(3.500000, 6.804980e-04)
	(4.000000, 6.952020e-04)
	(4.500000, 7.085960e-04)
	(5.000000, 7.237030e-04)
	(5.500000, 7.343780e-04)
	(6.000000, 7.530100e-04)
	(6.500000, 7.662030e-04)
	(7.000000, 7.838270e-04)
	(7.000000, 7.829210e-04)
	(6.500000, 7.665050e-04)
	(6.000000, 7.537150e-04)
	(5.500000, 7.360900e-04)
	(5.000000, 7.248110e-04)
	(4.500000, 7.093010e-04)
	(4.000000, 6.951010e-04)
	(3.500000, 6.800960e-04)
	(3.000000, 6.653920e-04)
	(2.500000, 6.480700e-04)
	(2.000000, 6.366890e-04)
	(1.500000, 6.223880e-04)
	(1.000000, 6.078860e-04)
	(0.500000, 5.943910e-04)
	(0.000000, 5.792850e-04)
[LOG] goTo_fit (scan version):	wait_time=1.0000 s
[LOG] SCAN_PART Channel               : R
[LOG] SCAN_PART_1 (Forward 15 points) : k1 = 2.921e-05,	b1 = 5.815e-04
[LOG] SCAN_PART_2 (Backward 15 points): k2 = 2.927e-05,	b2 = 5.818e-04
[LOG] SCAN_TOTAL  (Symmetric)         : k_total = 2.924e-05,	b_total = 5.816e-04
[LOG] HYSTERESIS_AVG: Mean Delta_Cap  (dy) = 6.781e-07
[LOG] HYSTERESIS_AVG: Mean Delta_Step (dx) = 0.0232 steps
	(0.000000, 5.809970e-04)
	(0.500000, 5.977140e-04)
	(1.000000, 6.116130e-04)
	(1.500000, 6.253090e-04)
	(2.000000, 6.397110e-04)
	(2.500000, 6.511920e-04)
	(3.000000, 6.691180e-04)
	(3.500000, 6.835200e-04)
	(4.000000, 6.993310e-04)
	(4.500000, 7.135310e-04)
	(5.000000, 7.292420e-04)
	(5.500000, 7.390110e-04)
	(6.000000, 7.567360e-04)
	(6.500000, 7.712380e-04)
	(7.000000, 7.873520e-04)
	(7.000000, 7.880570e-04)
	(6.500000, 7.724470e-04)
	(6.000000, 7.573400e-04)
	(5.500000, 7.389100e-04)
	(5.000000, 7.287380e-04)
	(4.500000, 7.138340e-04)
	(4.000000, 7.003380e-04)
	(3.500000, 6.850300e-04)
	(3.000000, 6.697220e-04)
	(2.500000, 6.521990e-04)
	(2.000000, 6.400130e-04)
	(1.500000, 6.262160e-04)
	(1.000000, 6.112100e-04)
	(0.500000, 5.973120e-04)
	(0.000000, 5.816010e-04)
[LOG] goTo_fit (scan version):	wait_time=1.2500 s
[LOG] SCAN_PART Channel               : R
[LOG] SCAN_PART_1 (Forward 15 points) : k1 = 2.916e-05,	b1 = 5.821e-04
[LOG] SCAN_PART_2 (Backward 15 points): k2 = 2.926e-05,	b2 = 5.811e-04
[LOG] SCAN_TOTAL  (Symmetric)         : k_total = 2.921e-05,	b_total = 5.816e-04
[LOG] HYSTERESIS_AVG: Mean Delta_Cap  (dy) = 7.185e-07
[LOG] HYSTERESIS_AVG: Mean Delta_Step (dx) = 0.0246 steps
	(0.000000, 5.824070e-04)
	(0.500000, 5.976140e-04)
	(1.000000, 6.116130e-04)
	(1.500000, 6.254100e-04)
	(2.000000, 6.396100e-04)
	(2.500000, 6.527030e-04)
	(3.000000, 6.698230e-04)
	(3.500000, 6.854330e-04)
	(4.000000, 6.994320e-04)
	(4.500000, 7.131290e-04)
	(5.000000, 7.288390e-04)
	(5.500000, 7.392130e-04)
	(6.000000, 7.573400e-04)
	(6.500000, 7.709360e-04)
	(7.000000, 7.881570e-04)
	(7.000000, 7.883590e-04)
	(6.500000, 7.708350e-04)
	(6.000000, 7.570380e-04)
	(5.500000, 7.393130e-04)
	(5.000000, 7.284360e-04)
	(4.500000, 7.120210e-04)
	(4.000000, 6.984250e-04)
	(3.500000, 6.844260e-04)
	(3.000000, 6.686150e-04)
	(2.500000, 6.515950e-04)
	(2.000000, 6.400130e-04)
	(1.500000, 6.246040e-04)
	(1.000000, 6.104040e-04)
	(0.500000, 5.980170e-04)
	(0.000000, 5.809970e-04)
[LOG] goTo_fit (scan version):	wait_time=1.6667 s
[LOG] SCAN_PART Channel               : R
[LOG] SCAN_PART_1 (Forward 15 points) : k1 = 2.942e-05,	b1 = 5.808e-04
[LOG] SCAN_PART_2 (Backward 15 points): k2 = 2.933e-05,	b2 = 5.812e-04
[LOG] SCAN_TOTAL  (Symmetric)         : k_total = 2.938e-05,	b_total = 5.810e-04
[LOG] HYSTERESIS_AVG: Mean Delta_Cap  (dy) = 4.900e-07
[LOG] HYSTERESIS_AVG: Mean Delta_Step (dx) = 0.0167 steps
	(0.000000, 5.810970e-04)
	(0.500000, 5.972110e-04)
	(1.000000, 6.105050e-04)
	(1.500000, 6.246040e-04)
	(2.000000, 6.391070e-04)
	(2.500000, 6.520980e-04)
	(3.000000, 6.686150e-04)
	(3.500000, 6.840230e-04)
	(4.000000, 6.995330e-04)
	(4.500000, 7.127260e-04)
	(5.000000, 7.284360e-04)
	(5.500000, 7.394140e-04)
	(6.000000, 7.577430e-04)
	(6.500000, 7.718420e-04)
	(7.000000, 7.890640e-04)
	(7.000000, 7.887620e-04)
	(6.500000, 7.717420e-04)
	(6.000000, 7.569380e-04)
	(5.500000, 7.399170e-04)
	(5.000000, 7.287380e-04)
	(4.500000, 7.126250e-04)
	(4.000000, 6.988280e-04)
	(3.500000, 6.845270e-04)
	(3.000000, 6.693200e-04)
	(2.500000, 6.510910e-04)
	(2.000000, 6.402140e-04)
	(1.500000, 6.249060e-04)
	(1.000000, 6.111090e-04)
	(0.500000, 5.973120e-04)
	(0.000000, 5.812990e-04)
[LOG] goTo_fit (scan version):	wait_time=2.0000 s
[LOG] SCAN_PART Channel               : R
[LOG] SCAN_PART_1 (Forward 15 points) : k1 = 2.928e-05,	b1 = 5.811e-04
[LOG] SCAN_PART_2 (Backward 15 points): k2 = 2.936e-05,	b2 = 5.805e-04
[LOG] SCAN_TOTAL  (Symmetric)         : k_total = 2.932e-05,	b_total = 5.808e-04
[LOG] HYSTERESIS_AVG: Mean Delta_Cap  (dy) = 6.445e-07
[LOG] HYSTERESIS_AVG: Mean Delta_Step (dx) = 0.0220 steps
	(0.000000, 5.805940e-04)
	(0.500000, 5.966070e-04)
	(1.000000, 6.109080e-04)
	(1.500000, 6.257120e-04)
	(2.000000, 6.400130e-04)
	(2.500000, 6.511920e-04)
	(3.000000, 6.696220e-04)
	(3.500000, 6.837210e-04)
	(4.000000, 6.994320e-04)
	(4.500000, 7.126250e-04)
	(5.000000, 7.287380e-04)
	(5.500000, 7.391120e-04)
	(6.000000, 7.574410e-04)
	(6.500000, 7.702310e-04)
	(7.000000, 7.881570e-04)
	(7.000000, 7.871510e-04)
	(6.500000, 7.718420e-04)
	(6.000000, 7.577430e-04)
	(5.500000, 7.397160e-04)
	(5.000000, 7.283360e-04)
	(4.500000, 7.122220e-04)
	(4.000000, 6.987270e-04)
	(3.500000, 6.835200e-04)
	(3.000000, 6.676070e-04)
	(2.500000, 6.496810e-04)
	(2.000000, 6.401130e-04)
	(1.500000, 6.253090e-04)
	(1.000000, 6.107060e-04)
	(0.500000, 5.967080e-04)
	(0.000000, 5.804930e-04)
[LOG] goTo_fit (scan version):	wait_time=5.0000 s
[LOG] SCAN_PART Channel               : R
[LOG] SCAN_PART_1 (Forward 15 points) : k1 = 2.904e-05,	b1 = 5.818e-04
[LOG] SCAN_PART_2 (Backward 15 points): k2 = 2.907e-05,	b2 = 5.823e-04
[LOG] SCAN_TOTAL  (Symmetric)         : k_total = 2.906e-05,	b_total = 5.820e-04
[LOG] HYSTERESIS_AVG: Mean Delta_Cap  (dy) = 7.384e-07
[LOG] HYSTERESIS_AVG: Mean Delta_Step (dx) = 0.0254 steps
	(0.000000, 5.809970e-04)
	(0.500000, 5.969090e-04)
	(1.000000, 6.118140e-04)
	(1.500000, 6.267190e-04)
	(2.000000, 6.407180e-04)
	(2.500000, 6.515950e-04)
	(3.000000, 6.683120e-04)
	(3.500000, 6.836210e-04)
	(4.000000, 6.991300e-04)
	(4.500000, 7.119200e-04)
	(5.000000, 7.285370e-04)
	(5.500000, 7.381050e-04)
	(6.000000, 7.561310e-04)
	(6.500000, 7.706340e-04)
	(7.000000, 7.869490e-04)
	(7.000000, 7.883590e-04)
	(6.500000, 7.711370e-04)
	(6.000000, 7.562330e-04)
	(5.500000, 7.388090e-04)
	(5.000000, 7.279330e-04)
	(4.500000, 7.130280e-04)
	(4.000000, 6.993310e-04)
	(3.500000, 6.846270e-04)
	(3.000000, 6.702260e-04)
	(2.500000, 6.519980e-04)
	(2.000000, 6.405170e-04)
	(1.500000, 6.261150e-04)
	(1.000000, 6.117130e-04)
	(0.500000, 5.986210e-04)
	(0.000000, 5.815000e-04)
[LOG] goTo_fit (scan version):	wait_time=10.0000 s
[LOG] SCAN_PART Channel               : R
[LOG] SCAN_PART_1 (Forward 15 points) : k1 = 2.936e-05,	b1 = 5.805e-04
[LOG] SCAN_PART_2 (Backward 15 points): k2 = 2.936e-05,	b2 = 5.805e-04
[LOG] SCAN_TOTAL  (Symmetric)         : k_total = 2.936e-05,	b_total = 5.805e-04
[LOG] HYSTERESIS_AVG: Mean Delta_Cap  (dy) = 6.175e-07
[LOG] HYSTERESIS_AVG: Mean Delta_Step (dx) = 0.0210 steps
	(0.000000, 5.811980e-04)
	(0.500000, 5.968080e-04)
	(1.000000, 6.095990e-04)
	(1.500000, 6.246040e-04)
	(2.000000, 6.389050e-04)
	(2.500000, 6.506880e-04)
	(3.000000, 6.685140e-04)
	(3.500000, 6.836210e-04)
	(4.000000, 6.988280e-04)
	(4.500000, 7.124240e-04)
	(5.000000, 7.283360e-04)
	(5.500000, 7.390110e-04)
	(6.000000, 7.569380e-04)
	(6.500000, 7.715400e-04)
	(7.000000, 7.876540e-04)
	(7.000000, 7.867480e-04)
	(6.500000, 7.723460e-04)
	(6.000000, 7.579440e-04)
	(5.500000, 7.386080e-04)
	(5.000000, 7.278320e-04)
	(4.500000, 7.119200e-04)
	(4.000000, 6.980220e-04)
	(3.500000, 6.839220e-04)
	(3.000000, 6.688160e-04)
	(2.500000, 6.520980e-04)
	(2.000000, 6.396100e-04)
	(1.500000, 6.244030e-04)
	(1.000000, 6.098000e-04)
	(0.500000, 5.963050e-04)
	(0.000000, 5.804930e-04)
>> 