>> note = "20MHZ, 200mVpp, 100mVdc, time_const 300ms, sen 300uV rms, VDD 2.5, 2/12/2026"

note = 

    "20MHZ, 200mVpp, 100mVdc, time_const 300ms, sen 300uV rms, VDD 2.5, 2/12/2026"

[LOG] goTo_fit (scan version):	wait_time=10.0000 s
[LOG] SCAN_PART Channel               : R
[LOG] SCAN_PART_1 (Forward 13 points) : k1 = 8.281e-06,	b1 = 1.674e-04
[LOG] SCAN_PART_2 (Backward 13 points): k2 = 8.247e-06,	b2 = 1.675e-04
[LOG] SCAN_TOTAL  (Symmetric)         : k_total = 8.264e-06,	b_total = 1.675e-04
[LOG] HYSTERESIS_AVG: Mean Delta_Cap  (dy) = 2.028e-07
[LOG] HYSTERESIS_AVG: Mean Delta_Step (dx) = 0.0245 steps
	(2.000000, 1.843260e-04)
	(2.500000, 1.874990e-04)
	(3.000000, 1.924740e-04)
	(3.500000, 1.966630e-04)
	(4.000000, 2.006920e-04)
	(4.500000, 2.047200e-04)
	(5.000000, 2.088790e-04)
	(5.500000, 2.119210e-04)
	(6.000000, 2.171470e-04)
	(6.500000, 2.209440e-04)
	(7.000000, 2.258990e-04)
	(7.500000, 2.293230e-04)
	(8.000000, 2.339560e-04)
	(8.000000, 2.337340e-04)
	(7.500000, 2.291820e-04)
	(7.000000, 2.254260e-04)
	(6.500000, 2.209640e-04)
	(6.000000, 2.168750e-04)
	(5.500000, 2.122030e-04)
	(5.000000, 2.090300e-04)
	(4.500000, 2.045690e-04)
	(4.000000, 2.009230e-04)
	(3.500000, 1.963910e-04)
	(3.000000, 1.926750e-04)
	(2.500000, 1.874890e-04)
	(2.000000, 1.841150e-04)
[LOG] goTo_fit (scan version):	wait_time=5.0000 s
[LOG] SCAN_PART Channel               : R
[LOG] SCAN_PART_1 (Forward 13 points) : k1 = 8.291e-06,	b1 = 1.673e-04
[LOG] SCAN_PART_2 (Backward 13 points): k2 = 8.330e-06,	b2 = 1.672e-04
[LOG] SCAN_TOTAL  (Symmetric)         : k_total = 8.310e-06,	b_total = 1.673e-04
[LOG] HYSTERESIS_AVG: Mean Delta_Cap  (dy) = 1.355e-07
[LOG] HYSTERESIS_AVG: Mean Delta_Step (dx) = 0.0163 steps
	(2.000000, 1.841960e-04)
	(2.500000, 1.873580e-04)
	(3.000000, 1.922320e-04)
	(3.500000, 1.966730e-04)
	(4.000000, 2.010540e-04)
	(4.500000, 2.045490e-04)
	(5.000000, 2.092010e-04)
	(5.500000, 2.120410e-04)
	(6.000000, 2.171770e-04)
	(6.500000, 2.209140e-04)
	(7.000000, 2.256170e-04)
	(7.500000, 2.292630e-04)
	(8.000000, 2.340160e-04)
	(8.000000, 2.340660e-04)
	(7.500000, 2.294540e-04)
	(7.000000, 2.257680e-04)
	(6.500000, 2.212760e-04)
	(6.000000, 2.172980e-04)
	(5.500000, 2.119510e-04)
	(5.000000, 2.088790e-04)
	(4.500000, 2.046190e-04)
	(4.000000, 2.009130e-04)
	(3.500000, 1.967540e-04)
	(3.000000, 1.922820e-04)
	(2.500000, 1.872770e-04)
	(2.000000, 1.841450e-04)
[LOG] goTo_fit (scan version):	wait_time=2.5000 s
[LOG] SCAN_PART Channel               : R
[LOG] SCAN_PART_1 (Forward 13 points) : k1 = 8.268e-06,	b1 = 1.673e-04
[LOG] SCAN_PART_2 (Backward 13 points): k2 = 8.336e-06,	b2 = 1.672e-04
[LOG] SCAN_TOTAL  (Symmetric)         : k_total = 8.302e-06,	b_total = 1.672e-04
[LOG] HYSTERESIS_AVG: Mean Delta_Cap  (dy) = 2.208e-07
[LOG] HYSTERESIS_AVG: Mean Delta_Step (dx) = 0.0266 steps
	(2.000000, 1.842060e-04)
	(2.500000, 1.875090e-04)
	(3.000000, 1.921210e-04)
	(3.500000, 1.963110e-04)
	(4.000000, 2.006410e-04)
	(4.500000, 2.044880e-04)
	(5.000000, 2.089700e-04)
	(5.500000, 2.121220e-04)
	(6.000000, 2.167750e-04)
	(6.500000, 2.206420e-04)
	(7.000000, 2.256170e-04)
	(7.500000, 2.291220e-04)
	(8.000000, 2.337840e-04)
	(8.000000, 2.341870e-04)
	(7.500000, 2.294840e-04)
	(7.000000, 2.256770e-04)
	(6.500000, 2.211760e-04)
	(6.000000, 2.171570e-04)
	(5.500000, 2.121720e-04)
	(5.000000, 2.091410e-04)
	(4.500000, 2.046800e-04)
	(4.000000, 2.008930e-04)
	(3.500000, 1.964110e-04)
	(3.000000, 1.923030e-04)
	(2.500000, 1.873980e-04)
	(2.000000, 1.841350e-04)
[LOG] goTo_fit (scan version):	wait_time=1.0000 s
[LOG] SCAN_PART Channel               : R
[LOG] SCAN_PART_1 (Forward 13 points) : k1 = 8.086e-06,	b1 = 1.656e-04
[LOG] SCAN_PART_2 (Backward 13 points): k2 = 8.112e-06,	b2 = 1.702e-04
[LOG] SCAN_TOTAL  (Symmetric)         : k_total = 8.099e-06,	b_total = 1.679e-04
[LOG] HYSTERESIS_AVG: Mean Delta_Cap  (dy) = 4.701e-06
[LOG] HYSTERESIS_AVG: Mean Delta_Step (dx) = 0.5805 steps
	(2.000000, 1.836820e-04)
	(2.500000, 1.855150e-04)
	(3.000000, 1.892410e-04)
	(3.500000, 1.934610e-04)
	(4.000000, 1.974790e-04)
	(4.500000, 2.016080e-04)
	(5.000000, 2.058180e-04)
	(5.500000, 2.097250e-04)
	(6.000000, 2.138940e-04)
	(6.500000, 2.183050e-04)
	(7.000000, 2.224950e-04)
	(7.500000, 2.265740e-04)
	(8.000000, 2.306930e-04)
	(8.000000, 2.331400e-04)
	(7.500000, 2.315280e-04)
	(7.000000, 2.277320e-04)
	(6.500000, 2.235830e-04)
	(6.000000, 2.192120e-04)
	(5.500000, 2.147200e-04)
	(5.000000, 2.106110e-04)
	(4.500000, 2.068650e-04)
	(4.000000, 2.028060e-04)
	(3.500000, 1.988390e-04)
	(3.000000, 1.946190e-04)
	(2.500000, 1.900770e-04)
	(2.000000, 1.858770e-04)