>> note = "10MHZ, 200mVpp, 100mVdc, time_const 300ms, sen 300uV rms, VDD 2.5, 2/12/2026"

note = 

    "10MHZ, 200mVpp, 100mVdc, time_const 300ms, sen 300uV rms, VDD 2.5, 2/12/2026"

[LOG] goTo_fit (scan version):	wait_time=10.0000 s
[LOG] SCAN_PART Channel               : R
[LOG] SCAN_PART_1 (Forward 13 points) : k1 = 7.021e-06,	b1 = 1.539e-04
[LOG] SCAN_PART_2 (Backward 13 points): k2 = 7.051e-06,	b2 = 1.538e-04
[LOG] SCAN_TOTAL  (Symmetric)         : k_total = 7.036e-06,	b_total = 1.538e-04
[LOG] HYSTERESIS_AVG: Mean Delta_Cap  (dy) = 1.836e-07
[LOG] HYSTERESIS_AVG: Mean Delta_Step (dx) = 0.0261 steps
	(2.000000, 1.680520e-04)
	(2.500000, 1.707610e-04)
	(3.000000, 1.752430e-04)
	(3.500000, 1.788480e-04)
	(4.000000, 1.822820e-04)
	(4.500000, 1.854950e-04)
	(5.000000, 1.891910e-04)
	(5.500000, 1.916180e-04)
	(6.000000, 1.958780e-04)
	(6.500000, 1.993720e-04)
	(7.000000, 2.034310e-04)
	(7.500000, 2.064820e-04)
	(8.000000, 2.101680e-04)
	(8.000000, 2.104500e-04)
	(7.500000, 2.064820e-04)
	(7.000000, 2.033200e-04)
	(6.500000, 1.995940e-04)
	(6.000000, 1.962000e-04)
	(5.500000, 1.919400e-04)
	(5.000000, 1.892110e-04)
	(4.500000, 1.853340e-04)
	(4.000000, 1.822420e-04)
	(3.500000, 1.785460e-04)
	(3.000000, 1.750410e-04)
	(2.500000, 1.710830e-04)
	(2.000000, 1.681330e-04)
[LOG] goTo_fit (scan version):	wait_time=5.0000 s
[LOG] SCAN_PART Channel               : R
[LOG] SCAN_PART_1 (Forward 13 points) : k1 = 7.079e-06,	b1 = 1.523e-04
[LOG] SCAN_PART_2 (Backward 13 points): k2 = 7.082e-06,	b2 = 1.525e-04
[LOG] SCAN_TOTAL  (Symmetric)         : k_total = 7.080e-06,	b_total = 1.524e-04
[LOG] HYSTERESIS_AVG: Mean Delta_Cap  (dy) = 1.791e-07
[LOG] HYSTERESIS_AVG: Mean Delta_Step (dx) = 0.0253 steps
	(2.000000, 1.666120e-04)
	(2.500000, 1.693010e-04)
	(3.000000, 1.737220e-04)
	(3.500000, 1.774880e-04)
	(4.000000, 1.808420e-04)
	(4.500000, 1.845380e-04)
	(5.000000, 1.878710e-04)
	(5.500000, 1.908120e-04)
	(6.000000, 1.949810e-04)
	(6.500000, 1.980230e-04)
	(7.000000, 2.020910e-04)
	(7.500000, 2.051030e-04)
	(8.000000, 2.092010e-04)
	(8.000000, 2.092220e-04)
	(7.500000, 2.054550e-04)
	(7.000000, 2.022220e-04)
	(6.500000, 1.982340e-04)
	(6.000000, 1.952430e-04)
	(5.500000, 1.906710e-04)
	(5.000000, 1.881330e-04)
	(4.500000, 1.844470e-04)
	(4.000000, 1.809530e-04)
	(3.500000, 1.775390e-04)
	(3.000000, 1.736210e-04)
	(2.500000, 1.695930e-04)
	(2.000000, 1.669140e-04)
[LOG] goTo_fit (scan version):	wait_time=2.5000 s
[LOG] SCAN_PART Channel               : R
[LOG] SCAN_PART_1 (Forward 13 points) : k1 = 7.045e-06,	b1 = 1.524e-04
[LOG] SCAN_PART_2 (Backward 13 points): k2 = 7.057e-06,	b2 = 1.528e-04
[LOG] SCAN_TOTAL  (Symmetric)         : k_total = 7.051e-06,	b_total = 1.526e-04
[LOG] HYSTERESIS_AVG: Mean Delta_Cap  (dy) = 5.192e-07
[LOG] HYSTERESIS_AVG: Mean Delta_Step (dx) = 0.0736 steps
	(2.000000, 1.667630e-04)
	(2.500000, 1.693110e-04)
	(3.000000, 1.736110e-04)
	(3.500000, 1.773270e-04)
	(4.000000, 1.806300e-04)
	(4.500000, 1.841850e-04)
	(5.000000, 1.880530e-04)
	(5.500000, 1.905200e-04)
	(6.000000, 1.945180e-04)
	(6.500000, 1.978410e-04)
	(7.000000, 2.018900e-04)
	(7.500000, 2.050720e-04)
	(8.000000, 2.090100e-04)
	(8.000000, 2.092920e-04)
	(7.500000, 2.056670e-04)
	(7.000000, 2.024540e-04)
	(6.500000, 1.984960e-04)
	(6.000000, 1.951730e-04)
	(5.500000, 1.912450e-04)
	(5.000000, 1.883040e-04)
	(4.500000, 1.847390e-04)
	(4.000000, 1.814060e-04)
	(3.500000, 1.776290e-04)
	(3.000000, 1.741150e-04)
	(2.500000, 1.698350e-04)
	(2.000000, 1.671250e-04)
[LOG] goTo_fit (scan version):	wait_time=1.0000 s
[LOG] SCAN_PART Channel               : R
[LOG] SCAN_PART_1 (Forward 13 points) : k1 = 6.913e-06,	b1 = 1.512e-04
[LOG] SCAN_PART_2 (Backward 13 points): k2 = 6.842e-06,	b2 = 1.557e-04
[LOG] SCAN_TOTAL  (Symmetric)         : k_total = 6.878e-06,	b_total = 1.535e-04
[LOG] HYSTERESIS_AVG: Mean Delta_Cap  (dy) = 4.178e-06
[LOG] HYSTERESIS_AVG: Mean Delta_Step (dx) = 0.6075 steps
	(2.000000, 1.662290e-04)
	(2.500000, 1.680120e-04)
	(3.000000, 1.712550e-04)
	(3.500000, 1.751320e-04)
	(4.000000, 1.787770e-04)
	(4.500000, 1.824230e-04)
	(5.000000, 1.858370e-04)
	(5.500000, 1.891100e-04)
	(6.000000, 1.923830e-04)
	(6.500000, 1.960590e-04)
	(7.000000, 1.996540e-04)
	(7.500000, 2.031890e-04)
	(8.000000, 2.067140e-04)
	(8.000000, 2.088290e-04)
	(7.500000, 2.074190e-04)
	(7.000000, 2.041760e-04)
	(6.500000, 2.007720e-04)
	(6.000000, 1.971060e-04)
	(5.500000, 1.934310e-04)
	(5.000000, 1.898250e-04)
	(4.500000, 1.866020e-04)
	(4.000000, 1.832890e-04)
	(3.500000, 1.798950e-04)
	(3.000000, 1.763910e-04)
	(2.500000, 1.724430e-04)
	(2.000000, 1.689080e-04)