>> note = "20MHZ, 300mVpp, 100mVdc, time_const 100ms, sen 300uV rms, VDD 2.5, 2/13/2026, 14:16"

note =

    "20MHZ, 300mVpp, 100mVdc, time_const 100ms, sen 300uV rms, VDD 2.5, 2/13/2026, 14:16"

[LOG] goTo_fit (scan version): wait_time=10.0000 s
[LOG] SCAN_PART Channel               : R
[LOG] SCAN_PART_1 (Forward 13 points) : k1 = 1.025e-05, b1 = 2.569e-04
[LOG] SCAN_PART_2 (Backward 13 points): k2 = 1.016e-05, b2 = 2.575e-04
[LOG] SCAN_TOTAL  (Symmetric)         : k_total = 1.020e-05, b_total = 2.572e-04
[LOG] HYSTERESIS_AVG: Mean Delta_Cap  (dy) = 2.300e-07
[LOG] HYSTERESIS_AVG: Mean Delta_Step (dx) = 0.0225 steps
(2.000000, 2.744200e-04)
(2.500000, 2.791640e-04)
(3.000000, 2.865050e-04)
(3.500000, 2.927790e-04)
(4.000000, 2.987610e-04)
(4.500000, 3.045520e-04)
(5.000000, 3.112390e-04)
(5.500000, 3.157000e-04)
(6.000000, 3.236060e-04)
(6.500000, 3.294770e-04)
(7.000000, 3.299910e-04)
(7.500000, 3.299910e-04)
(8.000000, 3.299910e-04)
(8.000000, 3.299910e-04)
(7.500000, 3.299910e-04)
(7.000000, 3.299910e-04)
(6.500000, 3.290240e-04)
(6.000000, 3.234850e-04)
(5.500000, 3.154290e-04)
(5.000000, 3.111080e-04)
(4.500000, 3.050250e-04)
(4.000000, 2.991740e-04)
(3.500000, 2.929710e-04)
(3.000000, 2.870490e-04)
(2.500000, 2.795060e-04)
(2.000000, 2.744700e-04)
[LOG] goTo_fit (scan version): wait_time=5.0000 s
[LOG] SCAN_PART Channel               : R
[LOG] SCAN_PART_1 (Forward 13 points) : k1 = 1.012e-05, b1 = 2.579e-04
[LOG] SCAN_PART_2 (Backward 13 points): k2 = 1.020e-05, b2 = 2.572e-04
[LOG] SCAN_TOTAL  (Symmetric)         : k_total = 1.016e-05, b_total = 2.575e-04
[LOG] HYSTERESIS_AVG: Mean Delta_Cap  (dy) = 3.525e-07
[LOG] HYSTERESIS_AVG: Mean Delta_Step (dx) = 0.0347 steps
(2.000000, 2.751450e-04)
(2.500000, 2.798480e-04)
(3.000000, 2.868480e-04)
(3.500000, 2.930810e-04)
(4.000000, 2.994360e-04)
(4.500000, 3.053070e-04)
(5.000000, 3.117530e-04)
(5.500000, 3.158620e-04)
(6.000000, 3.236670e-04)
(6.500000, 3.296080e-04)
(7.000000, 3.299910e-04)
(7.500000, 3.299910e-04)
(8.000000, 3.299910e-04)
(8.000000, 3.299910e-04)
(7.500000, 3.299910e-04)
(7.000000, 3.299910e-04)
(6.500000, 3.291750e-04)
(6.000000, 3.230320e-04)
(5.500000, 3.159120e-04)
(5.000000, 3.111380e-04)
(4.500000, 3.047430e-04)
(4.000000, 2.987710e-04)
(3.500000, 2.926180e-04)
(3.000000, 2.868270e-04)
(2.500000, 2.793450e-04)
(2.000000, 2.745110e-04)
[LOG] goTo_fit (scan version): wait_time=2.5000 s
[LOG] SCAN_PART Channel               : R
[LOG] SCAN_PART_1 (Forward 13 points) : k1 = 1.018e-05, b1 = 2.575e-04
[LOG] SCAN_PART_2 (Backward 13 points): k2 = 1.015e-05, b2 = 2.577e-04
[LOG] SCAN_TOTAL  (Symmetric)         : k_total = 1.016e-05, b_total = 2.576e-04
[LOG] HYSTERESIS_AVG: Mean Delta_Cap  (dy) = 1.455e-07
[LOG] HYSTERESIS_AVG: Mean Delta_Step (dx) = 0.0143 steps
(2.000000, 2.747020e-04)
(2.500000, 2.796970e-04)
(3.000000, 2.868170e-04)
(3.500000, 2.928600e-04)
(4.000000, 2.991940e-04)
(4.500000, 3.050250e-04)
(5.000000, 3.114710e-04)
(5.500000, 3.162340e-04)
(6.000000, 3.238080e-04)
(6.500000, 3.294170e-04)
(7.000000, 3.299910e-04)
(7.500000, 3.299910e-04)
(8.000000, 3.299910e-04)
(8.000000, 3.299910e-04)
(7.500000, 3.299910e-04)
(7.000000, 3.299910e-04)
(6.500000, 3.292360e-04)
(6.000000, 3.238980e-04)
(5.500000, 3.159930e-04)
(5.000000, 3.116320e-04)
(4.500000, 3.050860e-04)
(4.000000, 2.997680e-04)
(3.500000, 2.931620e-04)
(3.000000, 2.867270e-04)
(2.500000, 2.795860e-04)
(2.000000, 2.747830e-04)
[LOG] goTo_fit (scan version): wait_time=1.0000 s
[LOG] SCAN_PART Channel               : R
[LOG] SCAN_PART_1 (Forward 13 points) : k1 = 1.013e-05, b1 = 2.579e-04
[LOG] SCAN_PART_2 (Backward 13 points): k2 = 1.005e-05, b2 = 2.586e-04
[LOG] SCAN_TOTAL  (Symmetric)         : k_total = 1.009e-05, b_total = 2.583e-04
[LOG] HYSTERESIS_AVG: Mean Delta_Cap  (dy) = 3.897e-07
[LOG] HYSTERESIS_AVG: Mean Delta_Step (dx) = 0.0386 steps
(2.000000, 2.750340e-04)
(2.500000, 2.796870e-04)
(3.000000, 2.870190e-04)
(3.500000, 2.933630e-04)
(4.000000, 2.995070e-04)
(4.500000, 3.049650e-04)
(5.000000, 3.115820e-04)
(5.500000, 3.161230e-04)
(6.000000, 3.238980e-04)
(6.500000, 3.295980e-04)
(7.000000, 3.299910e-04)
(7.500000, 3.299910e-04)
(8.000000, 3.299910e-04)
(8.000000, 3.299910e-04)
(7.500000, 3.299910e-04)
(7.000000, 3.299910e-04)
(6.500000, 3.298900e-04)
(6.000000, 3.244820e-04)
(5.500000, 3.167880e-04)
(5.000000, 3.122160e-04)
(4.500000, 3.057300e-04)
(4.000000, 2.999800e-04)
(3.500000, 2.935850e-04)
(3.000000, 2.873110e-04)
(2.500000, 2.804530e-04)
(2.000000, 2.754070e-04)