>> note = "20MHZ, 600mVpp, 100mVdc, time_const 100ms, sen 3mV rms, VDD 3.0, 2/13/2026"

note = 

    "20MHZ, 600mVpp, 100mVdc, time_const 100ms, sen 3mV rms, VDD 3.0, 2/13/2026"

[LOG] goTo_fit (scan version):	wait_time=1.0000 s
[LOG] SCAN_PART Channel               : R
[LOG] SCAN_PART_1 (Forward 15 points) : k1 = 2.553e-05,	b1 = 5.305e-04
[LOG] SCAN_PART_2 (Backward 15 points): k2 = 2.537e-05,	b2 = 5.314e-04
[LOG] SCAN_TOTAL  (Symmetric)         : k_total = 2.545e-05,	b_total = 5.310e-04
[LOG] HYSTERESIS_AVG: Mean Delta_Cap  (dy) = 3.961e-07
[LOG] HYSTERESIS_AVG: Mean Delta_Step (dx) = 0.0156 steps
	(0.000000, 5.299370e-04)
	(0.500000, 5.436330e-04)
	(1.000000, 5.565240e-04)
	(1.500000, 5.693140e-04)
	(2.000000, 5.815000e-04)
	(2.500000, 5.921750e-04)
	(3.000000, 6.077860e-04)
	(3.500000, 6.210790e-04)
	(4.000000, 6.336680e-04)
	(4.500000, 6.455520e-04)
	(5.000000, 6.592480e-04)
	(5.500000, 6.680100e-04)
	(6.000000, 6.837210e-04)
	(6.500000, 6.961090e-04)
	(7.000000, 7.104090e-04)
	(7.000000, 7.106110e-04)
	(6.500000, 6.961090e-04)
	(6.000000, 6.838220e-04)
	(5.500000, 6.681110e-04)
	(5.000000, 6.590470e-04)
	(4.500000, 6.456530e-04)
	(4.000000, 6.336680e-04)
	(3.500000, 6.205760e-04)
	(3.000000, 6.078860e-04)
	(2.500000, 5.918730e-04)
	(2.000000, 5.815000e-04)
	(1.500000, 5.702210e-04)
	(1.000000, 5.571280e-04)
	(0.500000, 5.451440e-04)
	(0.000000, 5.312460e-04)
[LOG] goTo_fit (scan version):	wait_time=0.5000 s
[LOG] SCAN_PART Channel               : R
[LOG] SCAN_PART_1 (Forward 15 points) : k1 = 2.525e-05,	b1 = 5.275e-04
[LOG] SCAN_PART_2 (Backward 15 points): k2 = 2.534e-05,	b2 = 5.316e-04
[LOG] SCAN_TOTAL  (Symmetric)         : k_total = 2.529e-05,	b_total = 5.296e-04
[LOG] HYSTERESIS_AVG: Mean Delta_Cap  (dy) = 4.451e-06
[LOG] HYSTERESIS_AVG: Mean Delta_Step (dx) = 0.1760 steps
	(0.000000, 5.295340e-04)
	(0.500000, 5.405110e-04)
	(1.000000, 5.524960e-04)
	(1.500000, 5.651850e-04)
	(2.000000, 5.786810e-04)
	(2.500000, 5.881470e-04)
	(3.000000, 6.018440e-04)
	(3.500000, 6.156410e-04)
	(4.000000, 6.288340e-04)
	(4.500000, 6.412210e-04)
	(5.000000, 6.546160e-04)
	(5.500000, 6.643850e-04)
	(6.000000, 6.791890e-04)
	(6.500000, 6.922810e-04)
	(7.000000, 7.056760e-04)
	(7.000000, 7.084960e-04)
	(6.500000, 6.967130e-04)
	(6.000000, 6.840230e-04)
	(5.500000, 6.698230e-04)
	(5.000000, 6.588460e-04)
	(4.500000, 6.451490e-04)
	(4.000000, 6.336680e-04)
	(3.500000, 6.216830e-04)
	(3.000000, 6.085910e-04)
	(2.500000, 5.935850e-04)
	(2.000000, 5.820040e-04)
	(1.500000, 5.694150e-04)
	(1.000000, 5.568260e-04)
	(0.500000, 5.449420e-04)
	(0.000000, 5.312460e-04)
[LOG] goTo_fit (scan version):	wait_time=0.3333 s
[LOG] SCAN_PART Channel               : R
[LOG] SCAN_PART_1 (Forward 15 points) : k1 = 2.504e-05,	b1 = 5.256e-04
[LOG] SCAN_PART_2 (Backward 15 points): k2 = 2.503e-05,	b2 = 5.372e-04
[LOG] SCAN_TOTAL  (Symmetric)         : k_total = 2.503e-05,	b_total = 5.314e-04
[LOG] HYSTERESIS_AVG: Mean Delta_Cap  (dy) = 1.164e-05
[LOG] HYSTERESIS_AVG: Mean Delta_Step (dx) = 0.4651 steps
	(0.000000, 5.296350e-04)
	(0.500000, 5.385980e-04)
	(1.000000, 5.498770e-04)
	(1.500000, 5.616600e-04)
	(2.000000, 5.747530e-04)
	(2.500000, 5.857300e-04)
	(3.000000, 5.987220e-04)
	(3.500000, 6.130230e-04)
	(4.000000, 6.261150e-04)
	(4.500000, 6.391070e-04)
	(5.000000, 6.516950e-04)
	(5.500000, 6.626730e-04)
	(6.000000, 6.748590e-04)
	(6.500000, 6.891600e-04)
	(7.000000, 7.021510e-04)
	(7.000000, 7.088990e-04)
	(6.500000, 7.010430e-04)
	(6.000000, 6.878500e-04)
	(5.500000, 6.754630e-04)
	(5.000000, 6.626730e-04)
	(4.500000, 6.509900e-04)
	(4.000000, 6.384020e-04)
	(3.500000, 6.257120e-04)
	(3.000000, 6.125190e-04)
	(2.500000, 5.992250e-04)
	(2.000000, 5.865360e-04)
	(1.500000, 5.745510e-04)
	(1.000000, 5.623650e-04)
	(0.500000, 5.496760e-04)
	(0.000000, 5.364830e-04)
[LOG] goTo_fit (scan version):	wait_time=10.0000 s
[LOG] SCAN_PART Channel               : R
[LOG] SCAN_PART_1 (Forward 15 points) : k1 = 2.546e-05,	b1 = 5.303e-04
[LOG] SCAN_PART_2 (Backward 15 points): k2 = 2.522e-05,	b2 = 5.321e-04
[LOG] SCAN_TOTAL  (Symmetric)         : k_total = 2.534e-05,	b_total = 5.312e-04
[LOG] HYSTERESIS_AVG: Mean Delta_Cap  (dy) = 1.021e-06
[LOG] HYSTERESIS_AVG: Mean Delta_Step (dx) = 0.0403 steps
	(0.000000, 5.297350e-04)
	(0.500000, 5.442370e-04)
	(1.000000, 5.565240e-04)
	(1.500000, 5.689110e-04)
	(2.000000, 5.804930e-04)
	(2.500000, 5.909670e-04)
	(3.000000, 6.076850e-04)
	(3.500000, 6.199720e-04)
	(4.000000, 6.326610e-04)
	(4.500000, 6.454510e-04)
	(5.000000, 6.583420e-04)
	(5.500000, 6.682120e-04)
	(6.000000, 6.835200e-04)
	(6.500000, 6.944970e-04)
	(7.000000, 7.102080e-04)
	(7.000000, 7.109130e-04)
	(6.500000, 6.953030e-04)
	(6.000000, 6.837210e-04)
	(5.500000, 6.682120e-04)
	(5.000000, 6.588460e-04)
	(4.500000, 6.445450e-04)
	(4.000000, 6.334670e-04)
	(3.500000, 6.210790e-04)
	(3.000000, 6.078860e-04)
	(2.500000, 5.922760e-04)
	(2.000000, 5.826080e-04)
	(1.500000, 5.705230e-04)
	(1.000000, 5.584380e-04)
	(0.500000, 5.457480e-04)
	(0.000000, 5.313470e-04)
[LOG] goTo_fit (scan version):	wait_time=5.0000 s
[LOG] SCAN_PART Channel               : R
[LOG] SCAN_PART_1 (Forward 15 points) : k1 = 2.546e-05,	b1 = 5.323e-04
[LOG] SCAN_PART_2 (Backward 15 points): k2 = 2.531e-05,	b2 = 5.325e-04
[LOG] SCAN_TOTAL  (Symmetric)         : k_total = 2.539e-05,	b_total = 5.324e-04
[LOG] HYSTERESIS_AVG: Mean Delta_Cap  (dy) = 6.447e-07
[LOG] HYSTERESIS_AVG: Mean Delta_Step (dx) = 0.0254 steps
	(0.000000, 5.324540e-04)
	(0.500000, 5.453450e-04)
	(1.000000, 5.571280e-04)
	(1.500000, 5.708250e-04)
	(2.000000, 5.840180e-04)
	(2.500000, 5.938880e-04)
	(3.000000, 6.092960e-04)
	(3.500000, 6.212810e-04)
	(4.000000, 6.340710e-04)
	(4.500000, 6.466600e-04)
	(5.000000, 6.610610e-04)
	(5.500000, 6.705280e-04)
	(6.000000, 6.854330e-04)
	(6.500000, 6.974180e-04)
	(7.000000, 7.110140e-04)
	(7.000000, 7.111140e-04)
	(6.500000, 6.973170e-04)
	(6.000000, 6.844260e-04)
	(5.500000, 6.690170e-04)
	(5.000000, 6.600540e-04)
	(4.500000, 6.466600e-04)
	(4.000000, 6.347760e-04)
	(3.500000, 6.213820e-04)
	(3.000000, 6.078860e-04)
	(2.500000, 5.927800e-04)
	(2.000000, 5.837160e-04)
	(1.500000, 5.706240e-04)
	(1.000000, 5.580350e-04)
	(0.500000, 5.462520e-04)
	(0.000000, 5.327570e-04)
[LOG] goTo_fit (scan version):	wait_time=2.0000 s
[LOG] SCAN_PART Channel               : R
[LOG] SCAN_PART_1 (Forward 15 points) : k1 = 2.564e-05,	b1 = 5.319e-04
[LOG] SCAN_PART_2 (Backward 15 points): k2 = 2.549e-05,	b2 = 5.322e-04
[LOG] SCAN_TOTAL  (Symmetric)         : k_total = 2.556e-05,	b_total = 5.320e-04
[LOG] HYSTERESIS_AVG: Mean Delta_Cap  (dy) = 4.903e-07
[LOG] HYSTERESIS_AVG: Mean Delta_Step (dx) = 0.0192 steps
	(0.000000, 5.314470e-04)
	(0.500000, 5.461510e-04)
	(1.000000, 5.577330e-04)
	(1.500000, 5.705230e-04)
	(2.000000, 5.832120e-04)
	(2.500000, 5.932830e-04)
	(3.000000, 6.086920e-04)
	(3.500000, 6.220870e-04)
	(4.000000, 6.351790e-04)
	(4.500000, 6.475660e-04)
	(5.000000, 6.609610e-04)
	(5.500000, 6.704270e-04)
	(6.000000, 6.855340e-04)
	(6.500000, 6.985250e-04)
	(7.000000, 7.126250e-04)
	(7.000000, 7.124240e-04)
	(6.500000, 6.979210e-04)
	(6.000000, 6.859370e-04)
	(5.500000, 6.694200e-04)
	(5.000000, 6.597520e-04)
	(4.500000, 6.465590e-04)
	(4.000000, 6.350780e-04)
	(3.500000, 6.216830e-04)
	(3.000000, 6.082890e-04)
	(2.500000, 5.930820e-04)
	(2.000000, 5.835150e-04)
	(1.500000, 5.708250e-04)
	(1.000000, 5.583370e-04)
	(0.500000, 5.461510e-04)
	(0.000000, 5.320520e-04)
[LOG] goTo_fit (scan version):	wait_time=1.6667 s
[LOG] SCAN_PART Channel               : R
[LOG] SCAN_PART_1 (Forward 15 points) : k1 = 2.562e-05,	b1 = 5.327e-04
[LOG] SCAN_PART_2 (Backward 15 points): k2 = 2.548e-05,	b2 = 5.336e-04
[LOG] SCAN_TOTAL  (Symmetric)         : k_total = 2.555e-05,	b_total = 5.332e-04
[LOG] HYSTERESIS_AVG: Mean Delta_Cap  (dy) = 6.847e-07
[LOG] HYSTERESIS_AVG: Mean Delta_Step (dx) = 0.0268 steps
	(0.000000, 5.325550e-04)
	(0.500000, 5.466550e-04)
	(1.000000, 5.586390e-04)
	(1.500000, 5.715300e-04)
	(2.000000, 5.840180e-04)
	(2.500000, 5.941900e-04)
	(3.000000, 6.092960e-04)
	(3.500000, 6.230930e-04)
	(4.000000, 6.363870e-04)
	(4.500000, 6.474650e-04)
	(5.000000, 6.617660e-04)
	(5.500000, 6.712330e-04)
	(6.000000, 6.871450e-04)
	(6.500000, 6.987270e-04)
	(7.000000, 7.135310e-04)
	(7.000000, 7.127260e-04)
	(6.500000, 6.996330e-04)
	(6.000000, 6.871450e-04)
	(5.500000, 6.714350e-04)
	(5.000000, 6.618670e-04)
	(4.500000, 6.485730e-04)
	(4.000000, 6.355820e-04)
	(3.500000, 6.223880e-04)
	(3.000000, 6.100010e-04)
	(2.500000, 5.950960e-04)
	(2.000000, 5.847230e-04)
	(1.500000, 5.725370e-04)
	(1.000000, 5.592430e-04)
	(0.500000, 5.474600e-04)
	(0.000000, 5.334620e-04)
[LOG] goTo_fit (scan version): wait_time=1.2500 s
[LOG] SCAN_PART Channel               : R
[LOG] SCAN_PART_1 (Forward 15 points) : k1 = 2.553e-05, b1 = 5.340e-04
[LOG] SCAN_PART_2 (Backward 15 points): k2 = 2.550e-05, b2 = 5.346e-04
[LOG] SCAN_TOTAL  (Symmetric)         : k_total = 2.551e-05, b_total = 5.343e-04
[LOG] HYSTERESIS_AVG: Mean Delta_Cap  (dy) = 4.970e-07
[LOG] HYSTERESIS_AVG: Mean Delta_Step (dx) = 0.0195 steps
(0.000000, 5.336630e-04)
(0.500000, 5.477620e-04)
(1.000000, 5.600490e-04)
(1.500000, 5.729400e-04)
(2.000000, 5.860320e-04)
(2.500000, 5.953980e-04)
(3.000000, 6.107060e-04)
(3.500000, 6.227910e-04)
(4.000000, 6.357830e-04)
(4.500000, 6.489760e-04)
(5.000000, 6.623710e-04)
(5.500000, 6.718370e-04)
(6.000000, 6.877500e-04)
(6.500000, 7.001370e-04)
(7.000000, 7.142360e-04)
(7.000000, 7.143370e-04)
(6.500000, 7.002380e-04)
(6.000000, 6.879510e-04)
(5.500000, 6.727440e-04)
(5.000000, 6.630760e-04)
(4.500000, 6.490770e-04)
(4.000000, 6.369920e-04)
(3.500000, 6.237980e-04)
(3.000000, 6.109080e-04)
(2.500000, 5.963050e-04)
(2.000000, 5.859310e-04)
(1.500000, 5.730400e-04)
(1.000000, 5.603510e-04)
(0.500000, 5.485680e-04)
(0.000000, 5.343680e-04)
[LOG] goTo_fit (scan version): wait_time=0.6667 s
[LOG] SCAN_PART Channel               : R
[LOG] SCAN_PART_1 (Forward 15 points) : k1 = 2.554e-05, b1 = 5.324e-04
[LOG] SCAN_PART_2 (Backward 15 points): k2 = 2.553e-05, b2 = 5.345e-04
[LOG] SCAN_TOTAL  (Symmetric)         : k_total = 2.554e-05, b_total = 5.335e-04
[LOG] HYSTERESIS_AVG: Mean Delta_Cap  (dy) = 1.994e-06
[LOG] HYSTERESIS_AVG: Mean Delta_Step (dx) = 0.0781 steps
(0.000000, 5.330590e-04)
(0.500000, 5.460500e-04)
(1.000000, 5.578330e-04)
(1.500000, 5.710260e-04)
(2.000000, 5.835150e-04)
(2.500000, 5.935850e-04)
(3.000000, 6.084910e-04)
(3.500000, 6.226910e-04)
(4.000000, 6.357830e-04)
(4.500000, 6.474650e-04)
(5.000000, 6.609610e-04)
(5.500000, 6.706290e-04)
(6.000000, 6.856350e-04)
(6.500000, 6.982230e-04)
(7.000000, 7.128260e-04)
(7.000000, 7.137330e-04)
(6.500000, 7.005400e-04)
(6.000000, 6.883540e-04)
(5.500000, 6.729450e-04)
(5.000000, 6.627730e-04)
(4.500000, 6.494800e-04)
(4.000000, 6.371930e-04)
(3.500000, 6.245030e-04)
(3.000000, 6.110080e-04)
(2.500000, 5.960030e-04)
(2.000000, 5.851260e-04)
(1.500000, 5.728390e-04)
(1.000000, 5.605520e-04)
(0.500000, 5.481650e-04)
(0.000000, 5.344690e-04)
>> 
