>> note = "20MHZ, 400mVpp, 100mVdc, time_const 100ms, sen 3mV rms, VDD 3.0, 2/13/2026"

note = 

    "20MHZ, 400mVpp, 100mVdc, time_const 100ms, sen 3mV rms, VDD 3.0, 2/13/2026"

[LOG] goTo_fit (scan version):	wait_time=0.3333 s
[LOG] SCAN_PART Channel               : R
[LOG] SCAN_PART_1 (Forward 15 points) : k1 = 1.684e-05,	b1 = 3.374e-04
[LOG] SCAN_PART_2 (Backward 15 points): k2 = 1.664e-05,	b2 = 3.466e-04
[LOG] SCAN_TOTAL  (Symmetric)         : k_total = 1.674e-05,	b_total = 3.420e-04
[LOG] HYSTERESIS_AVG: Mean Delta_Cap  (dy) = 8.513e-06
[LOG] HYSTERESIS_AVG: Mean Delta_Step (dx) = 0.5087 steps
	(0.000000, 3.404000e-04)
	(0.500000, 3.456370e-04)
	(1.000000, 3.536940e-04)
	(1.500000, 3.619520e-04)
	(2.000000, 3.707140e-04)
	(2.500000, 3.781660e-04)
	(3.000000, 3.865250e-04)
	(3.500000, 3.959920e-04)
	(4.000000, 4.048550e-04)
	(4.500000, 4.137170e-04)
	(5.000000, 4.225800e-04)
	(5.500000, 4.297300e-04)
	(6.000000, 4.376860e-04)
	(6.500000, 4.474550e-04)
	(7.000000, 4.561160e-04)
	(7.000000, 4.606480e-04)
	(6.500000, 4.558140e-04)
	(6.000000, 4.469510e-04)
	(5.500000, 4.381900e-04)
	(5.000000, 4.296290e-04)
	(4.500000, 4.218750e-04)
	(4.000000, 4.143210e-04)
	(3.500000, 4.058620e-04)
	(3.000000, 3.967980e-04)
	(2.500000, 3.876330e-04)
	(2.000000, 3.792740e-04)
	(1.500000, 3.716200e-04)
	(1.000000, 3.634630e-04)
	(0.500000, 3.550030e-04)
	(0.000000, 3.458380e-04)
[LOG] goTo_fit (scan version):	wait_time=0.5000 s
[LOG] SCAN_PART Channel               : R
[LOG] SCAN_PART_1 (Forward 15 points) : k1 = 1.680e-05,	b1 = 3.411e-04
[LOG] SCAN_PART_2 (Backward 15 points): k2 = 1.682e-05,	b2 = 3.440e-04
[LOG] SCAN_TOTAL  (Symmetric)         : k_total = 1.681e-05,	b_total = 3.425e-04
[LOG] HYSTERESIS_AVG: Mean Delta_Cap  (dy) = 2.994e-06
[LOG] HYSTERESIS_AVG: Mean Delta_Step (dx) = 0.1781 steps
	(0.000000, 3.419110e-04)
	(0.500000, 3.498670e-04)
	(1.000000, 3.580250e-04)
	(1.500000, 3.664840e-04)
	(2.000000, 3.749440e-04)
	(2.500000, 3.815910e-04)
	(3.000000, 3.903520e-04)
	(3.500000, 3.997190e-04)
	(4.000000, 4.081780e-04)
	(4.500000, 4.164360e-04)
	(5.000000, 4.257010e-04)
	(5.500000, 4.326510e-04)
	(6.000000, 4.418150e-04)
	(6.500000, 4.506780e-04)
	(7.000000, 4.596410e-04)
	(7.000000, 4.616550e-04)
	(6.500000, 4.538000e-04)
	(6.000000, 4.451390e-04)
	(5.500000, 4.354710e-04)
	(5.000000, 4.282190e-04)
	(4.500000, 4.198600e-04)
	(4.000000, 4.119040e-04)
	(3.500000, 4.032430e-04)
	(3.000000, 3.943810e-04)
	(2.500000, 3.847130e-04)
	(2.000000, 3.770590e-04)
	(1.500000, 3.693040e-04)
	(1.000000, 3.613480e-04)
	(0.500000, 3.530900e-04)
	(0.000000, 3.437240e-04)
[LOG] goTo_fit (scan version):	wait_time=1.0000 s
[LOG] SCAN_PART Channel               : R
[LOG] SCAN_PART_1 (Forward 15 points) : k1 = 1.703e-05,	b1 = 3.416e-04
[LOG] SCAN_PART_2 (Backward 15 points): k2 = 1.686e-05,	b2 = 3.426e-04
[LOG] SCAN_TOTAL  (Symmetric)         : k_total = 1.694e-05,	b_total = 3.421e-04
[LOG] HYSTERESIS_AVG: Mean Delta_Cap  (dy) = 4.767e-07
[LOG] HYSTERESIS_AVG: Mean Delta_Step (dx) = 0.0281 steps
	(0.000000, 3.417090e-04)
	(0.500000, 3.512770e-04)
	(1.000000, 3.589310e-04)
	(1.500000, 3.671890e-04)
	(2.000000, 3.754470e-04)
	(2.500000, 3.818930e-04)
	(3.000000, 3.930720e-04)
	(3.500000, 4.014300e-04)
	(4.000000, 4.099910e-04)
	(4.500000, 4.182490e-04)
	(5.000000, 4.275140e-04)
	(5.500000, 4.337580e-04)
	(6.000000, 4.444340e-04)
	(6.500000, 4.521880e-04)
	(7.000000, 4.615550e-04)
	(7.000000, 4.618560e-04)
	(6.500000, 4.519870e-04)
	(6.000000, 4.441310e-04)
	(5.500000, 4.332550e-04)
	(5.000000, 4.275140e-04)
	(4.500000, 4.183500e-04)
	(4.000000, 4.101920e-04)
	(3.500000, 4.017330e-04)
	(3.000000, 3.929710e-04)
	(2.500000, 3.831010e-04)
	(2.000000, 3.762530e-04)
	(1.500000, 3.679950e-04)
	(1.000000, 3.598370e-04)
	(0.500000, 3.521830e-04)
	(0.000000, 3.422130e-04)
[LOG] goTo_fit (scan version):	wait_time=1.2500 s
[LOG] SCAN_PART Channel               : R
[LOG] SCAN_PART_1 (Forward 15 points) : k1 = 1.694e-05,	b1 = 3.422e-04
[LOG] SCAN_PART_2 (Backward 15 points): k2 = 1.694e-05,	b2 = 3.416e-04
[LOG] SCAN_TOTAL  (Symmetric)         : k_total = 1.694e-05,	b_total = 3.419e-04
[LOG] HYSTERESIS_AVG: Mean Delta_Cap  (dy) = 6.915e-07
[LOG] HYSTERESIS_AVG: Mean Delta_Step (dx) = 0.0408 steps
	(0.000000, 3.424140e-04)
	(0.500000, 3.513780e-04)
	(1.000000, 3.592330e-04)
	(1.500000, 3.676930e-04)
	(2.000000, 3.760520e-04)
	(2.500000, 3.830000e-04)
	(3.000000, 3.933740e-04)
	(3.500000, 4.020350e-04)
	(4.000000, 4.103940e-04)
	(4.500000, 4.181480e-04)
	(5.000000, 4.271120e-04)
	(5.500000, 4.333560e-04)
	(6.000000, 4.444340e-04)
	(6.500000, 4.525910e-04)
	(7.000000, 4.616550e-04)
	(7.000000, 4.610510e-04)
	(6.500000, 4.513830e-04)
	(6.000000, 4.431250e-04)
	(5.500000, 4.329530e-04)
	(5.000000, 4.268090e-04)
	(4.500000, 4.178460e-04)
	(4.000000, 4.099910e-04)
	(3.500000, 4.012290e-04)
	(3.000000, 3.923670e-04)
	(2.500000, 3.826990e-04)
	(2.000000, 3.753470e-04)
	(1.500000, 3.671890e-04)
	(1.000000, 3.588300e-04)
	(0.500000, 3.504710e-04)
	(0.000000, 3.412060e-04)
[LOG] goTo_fit (scan version):	wait_time=1.6667 s
[LOG] SCAN_PART Channel               : R
[LOG] SCAN_PART_1 (Forward 15 points) : k1 = 1.698e-05,	b1 = 3.410e-04
[LOG] SCAN_PART_2 (Backward 15 points): k2 = 1.701e-05,	b2 = 3.413e-04
[LOG] SCAN_TOTAL  (Symmetric)         : k_total = 1.699e-05,	b_total = 3.411e-04
[LOG] HYSTERESIS_AVG: Mean Delta_Cap  (dy) = 4.296e-07
[LOG] HYSTERESIS_AVG: Mean Delta_Step (dx) = 0.0253 steps
	(0.000000, 3.407020e-04)
	(0.500000, 3.499680e-04)
	(1.000000, 3.588300e-04)
	(1.500000, 3.670880e-04)
	(2.000000, 3.752460e-04)
	(2.500000, 3.818930e-04)
	(3.000000, 3.914600e-04)
	(3.500000, 4.006250e-04)
	(4.000000, 4.083790e-04)
	(4.500000, 4.170410e-04)
	(5.000000, 4.266080e-04)
	(5.500000, 4.324490e-04)
	(6.000000, 4.431250e-04)
	(6.500000, 4.511820e-04)
	(7.000000, 4.614540e-04)
	(7.000000, 4.611520e-04)
	(6.500000, 4.517860e-04)
	(6.000000, 4.432250e-04)
	(5.500000, 4.333560e-04)
	(5.000000, 4.268090e-04)
	(4.500000, 4.179470e-04)
	(4.000000, 4.097890e-04)
	(3.500000, 4.009270e-04)
	(3.000000, 3.921650e-04)
	(2.500000, 3.820940e-04)
	(2.000000, 3.755480e-04)
	(1.500000, 3.670880e-04)
	(1.000000, 3.588300e-04)
	(0.500000, 3.503710e-04)
	(0.000000, 3.408030e-04)
[LOG] goTo_fit (scan version):	wait_time=2.0000 s
[LOG] SCAN_PART Channel               : R
[LOG] SCAN_PART_1 (Forward 15 points) : k1 = 1.689e-05,	b1 = 3.422e-04
[LOG] SCAN_PART_2 (Backward 15 points): k2 = 1.692e-05,	b2 = 3.416e-04
[LOG] SCAN_TOTAL  (Symmetric)         : k_total = 1.690e-05,	b_total = 3.419e-04
[LOG] HYSTERESIS_AVG: Mean Delta_Cap  (dy) = 5.169e-07
[LOG] HYSTERESIS_AVG: Mean Delta_Step (dx) = 0.0306 steps
	(0.000000, 3.420110e-04)
	(0.500000, 3.513780e-04)
	(1.000000, 3.591320e-04)
	(1.500000, 3.674910e-04)
	(2.000000, 3.760520e-04)
	(2.500000, 3.823960e-04)
	(3.000000, 3.927690e-04)
	(3.500000, 4.019340e-04)
	(4.000000, 4.104940e-04)
	(4.500000, 4.185510e-04)
	(5.000000, 4.272120e-04)
	(5.500000, 4.335570e-04)
	(6.000000, 4.439300e-04)
	(6.500000, 4.515840e-04)
	(7.000000, 4.607490e-04)
	(7.000000, 4.607490e-04)
	(6.500000, 4.512820e-04)
	(6.000000, 4.441310e-04)
	(5.500000, 4.330530e-04)
	(5.000000, 4.265080e-04)
	(4.500000, 4.176450e-04)
	(4.000000, 4.092860e-04)
	(3.500000, 4.012290e-04)
	(3.000000, 3.925680e-04)
	(2.500000, 3.825980e-04)
	(2.000000, 3.753470e-04)
	(1.500000, 3.676930e-04)
	(1.000000, 3.585280e-04)
	(0.500000, 3.507730e-04)
	(0.000000, 3.413060e-04)
[LOG] goTo_fit (scan version):	wait_time=5.0000 s
[LOG] SCAN_PART Channel               : R
[LOG] SCAN_PART_1 (Forward 15 points) : k1 = 1.708e-05,	b1 = 3.417e-04
[LOG] SCAN_PART_2 (Backward 15 points): k2 = 1.692e-05,	b2 = 3.428e-04
[LOG] SCAN_TOTAL  (Symmetric)         : k_total = 1.700e-05,	b_total = 3.422e-04
[LOG] HYSTERESIS_AVG: Mean Delta_Cap  (dy) = 6.917e-07
[LOG] HYSTERESIS_AVG: Mean Delta_Step (dx) = 0.0407 steps
	(0.000000, 3.414070e-04)
	(0.500000, 3.503710e-04)
	(1.000000, 3.589310e-04)
	(1.500000, 3.677930e-04)
	(2.000000, 3.754470e-04)
	(2.500000, 3.827990e-04)
	(3.000000, 3.935750e-04)
	(3.500000, 4.019340e-04)
	(4.000000, 4.107970e-04)
	(4.500000, 4.192560e-04)
	(5.000000, 4.277160e-04)
	(5.500000, 4.331540e-04)
	(6.000000, 4.440310e-04)
	(6.500000, 4.522890e-04)
	(7.000000, 4.621590e-04)
	(7.000000, 4.624610e-04)
	(6.500000, 4.521880e-04)
	(6.000000, 4.447360e-04)
	(5.500000, 4.344630e-04)
	(5.000000, 4.277160e-04)
	(4.500000, 4.183500e-04)
	(4.000000, 4.109980e-04)
	(3.500000, 4.020350e-04)
	(3.000000, 3.934740e-04)
	(2.500000, 3.840080e-04)
	(2.000000, 3.766560e-04)
	(1.500000, 3.683980e-04)
	(1.000000, 3.600390e-04)
	(0.500000, 3.519820e-04)
	(0.000000, 3.423140e-04)
[LOG] goTo_fit (scan version):	wait_time=10.0000 s
[LOG] SCAN_PART Channel               : R
[LOG] SCAN_PART_1 (Forward 15 points) : k1 = 1.689e-05,	b1 = 3.430e-04
[LOG] SCAN_PART_2 (Backward 15 points): k2 = 1.692e-05,	b2 = 3.428e-04
[LOG] SCAN_TOTAL  (Symmetric)         : k_total = 1.690e-05,	b_total = 3.429e-04
[LOG] HYSTERESIS_AVG: Mean Delta_Cap  (dy) = 5.906e-07
[LOG] HYSTERESIS_AVG: Mean Delta_Step (dx) = 0.0349 steps
	(0.000000, 3.425150e-04)
	(0.500000, 3.523850e-04)
	(1.000000, 3.600390e-04)
	(1.500000, 3.682970e-04)
	(2.000000, 3.765550e-04)
	(2.500000, 3.835040e-04)
	(3.000000, 3.943810e-04)
	(3.500000, 4.028400e-04)
	(4.000000, 4.109980e-04)
	(4.500000, 4.186520e-04)
	(5.000000, 4.277160e-04)
	(5.500000, 4.338590e-04)
	(6.000000, 4.443330e-04)
	(6.500000, 4.522890e-04)
	(7.000000, 4.626620e-04)
	(7.000000, 4.621590e-04)
	(6.500000, 4.528930e-04)
	(6.000000, 4.449370e-04)
	(5.500000, 4.344630e-04)
	(5.000000, 4.281190e-04)
	(4.500000, 4.189540e-04)
	(4.000000, 4.107970e-04)
	(3.500000, 4.012290e-04)
	(3.000000, 3.930720e-04)
	(2.500000, 3.825980e-04)
	(2.000000, 3.761520e-04)
	(1.500000, 3.689010e-04)
	(1.000000, 3.602400e-04)
	(0.500000, 3.525860e-04)
	(0.000000, 3.429180e-04)
