>> note = "20MHZ, 200mVpp, 100mVdc, time_const 100ms, sen 300uV rms, VDD 2.5, 2/12/2026"

note = 

    "20MHZ, 200mVpp, 100mVdc, time_const 100ms, sen 300uV rms, VDD 2.5, 2/12/2026"

[LOG] goTo_fit (scan version):	wait_time=10.0000 s
[LOG] SCAN_PART Channel               : R
[LOG] SCAN_PART_1 (Forward 13 points) : k1 = 8.386e-06,	b1 = 1.659e-04
[LOG] SCAN_PART_2 (Backward 13 points): k2 = 8.252e-06,	b2 = 1.665e-04
[LOG] SCAN_TOTAL  (Symmetric)         : k_total = 8.319e-06,	b_total = 1.662e-04
[LOG] HYSTERESIS_AVG: Mean Delta_Cap  (dy) = 2.882e-07
[LOG] HYSTERESIS_AVG: Mean Delta_Step (dx) = 0.0346 steps
	(2.000000, 1.829270e-04)
	(2.500000, 1.862600e-04)
	(3.000000, 1.912050e-04)
	(3.500000, 1.954040e-04)
	(4.000000, 1.997650e-04)
	(4.500000, 2.037230e-04)
	(5.000000, 2.078920e-04)
	(5.500000, 2.110650e-04)
	(6.000000, 2.163720e-04)
	(6.500000, 2.202590e-04)
	(7.000000, 2.251030e-04)
	(7.500000, 2.285170e-04)
	(8.000000, 2.331200e-04)
	(8.000000, 2.327270e-04)
	(7.500000, 2.284170e-04)
	(7.000000, 2.245900e-04)
	(6.500000, 2.199970e-04)
	(6.000000, 2.159590e-04)
	(5.500000, 2.108830e-04)
	(5.000000, 2.074690e-04)
	(4.500000, 2.034410e-04)
	(4.000000, 1.997850e-04)
	(3.500000, 1.955050e-04)
	(3.000000, 1.914360e-04)
	(2.500000, 1.866430e-04)
	(2.000000, 1.833700e-04)
[LOG] goTo_fit (scan version):	wait_time=5.0000 s
[LOG] SCAN_PART Channel               : R
[LOG] SCAN_PART_1 (Forward 13 points) : k1 = 8.208e-06,	b1 = 1.667e-04
[LOG] SCAN_PART_2 (Backward 13 points): k2 = 8.259e-06,	b2 = 1.665e-04
[LOG] SCAN_TOTAL  (Symmetric)         : k_total = 8.234e-06,	b_total = 1.666e-04
[LOG] HYSTERESIS_AVG: Mean Delta_Cap  (dy) = 2.085e-07
[LOG] HYSTERESIS_AVG: Mean Delta_Step (dx) = 0.0253 steps
	(2.000000, 1.832390e-04)
	(2.500000, 1.867540e-04)
	(3.000000, 1.911950e-04)
	(3.500000, 1.956160e-04)
	(4.000000, 2.001180e-04)
	(4.500000, 2.038640e-04)
	(5.000000, 2.078620e-04)
	(5.500000, 2.109540e-04)
	(6.000000, 2.159290e-04)
	(6.500000, 2.196450e-04)
	(7.000000, 2.242170e-04)
	(7.500000, 2.281450e-04)
	(8.000000, 2.327570e-04)
	(8.000000, 2.329080e-04)
	(7.500000, 2.281040e-04)
	(7.000000, 2.247610e-04)
	(6.500000, 2.198660e-04)
	(6.000000, 2.162110e-04)
	(5.500000, 2.108330e-04)
	(5.000000, 2.077110e-04)
	(4.500000, 2.038540e-04)
	(4.000000, 1.997850e-04)
	(3.500000, 1.957970e-04)
	(3.000000, 1.913260e-04)
	(2.500000, 1.863610e-04)
	(2.000000, 1.833900e-04)
[LOG] goTo_fit (scan version):	wait_time=2.5000 s
[LOG] SCAN_PART Channel               : R
[LOG] SCAN_PART_1 (Forward 13 points) : k1 = 8.225e-06,	b1 = 1.666e-04
[LOG] SCAN_PART_2 (Backward 13 points): k2 = 8.262e-06,	b2 = 1.664e-04
[LOG] SCAN_TOTAL  (Symmetric)         : k_total = 8.243e-06,	b_total = 1.665e-04
[LOG] HYSTERESIS_AVG: Mean Delta_Cap  (dy) = 1.526e-07
[LOG] HYSTERESIS_AVG: Mean Delta_Step (dx) = 0.0185 steps
	(2.000000, 1.833900e-04)
	(2.500000, 1.864610e-04)
	(3.000000, 1.915770e-04)
	(3.500000, 1.957270e-04)
	(4.000000, 1.999870e-04)
	(4.500000, 2.035720e-04)
	(5.000000, 2.077810e-04)
	(5.500000, 2.109940e-04)
	(6.000000, 2.157780e-04)
	(6.500000, 2.196850e-04)
	(7.000000, 2.244990e-04)
	(7.500000, 2.281950e-04)
	(8.000000, 2.329280e-04)
	(8.000000, 2.327870e-04)
	(7.500000, 2.281450e-04)
	(7.000000, 2.246000e-04)
	(6.500000, 2.198060e-04)
	(6.000000, 2.162610e-04)
	(5.500000, 2.109540e-04)
	(5.000000, 2.077610e-04)
	(4.500000, 2.037130e-04)
	(4.000000, 1.997250e-04)
	(3.500000, 1.955860e-04)
	(3.000000, 1.912850e-04)
	(2.500000, 1.864920e-04)
	(2.000000, 1.832290e-04)
[LOG] goTo_fit (scan version):	wait_time=1.2500 s
[LOG] SCAN_PART Channel               : R
[LOG] SCAN_PART_1 (Forward 13 points) : k1 = 8.311e-06,	b1 = 1.666e-04
[LOG] SCAN_PART_2 (Backward 13 points): k2 = 8.331e-06,	b2 = 1.666e-04
[LOG] SCAN_TOTAL  (Symmetric)         : k_total = 8.321e-06,	b_total = 1.666e-04
[LOG] HYSTERESIS_AVG: Mean Delta_Cap  (dy) = 1.605e-07
[LOG] HYSTERESIS_AVG: Mean Delta_Step (dx) = 0.0193 steps
	(2.000000, 1.833290e-04)
	(2.500000, 1.867330e-04)
	(3.000000, 1.916080e-04)
	(3.500000, 1.959680e-04)
	(4.000000, 2.002080e-04)
	(4.500000, 2.040650e-04)
	(5.000000, 2.083350e-04)
	(5.500000, 2.114570e-04)
	(6.000000, 2.165630e-04)
	(6.500000, 2.202690e-04)
	(7.000000, 2.249820e-04)
	(7.500000, 2.287690e-04)
	(8.000000, 2.332610e-04)
	(8.000000, 2.334520e-04)
	(7.500000, 2.289200e-04)
	(7.000000, 2.251030e-04)
	(6.500000, 2.204810e-04)
	(6.000000, 2.167040e-04)
	(5.500000, 2.115280e-04)
	(5.000000, 2.087380e-04)
	(4.500000, 2.041760e-04)
	(4.000000, 2.003290e-04)
	(3.500000, 1.959780e-04)
	(3.000000, 1.917390e-04)
	(2.500000, 1.865620e-04)
	(2.000000, 1.835810e-04)
[LOG] goTo_fit (scan version):	wait_time=1.0000 s
[LOG] SCAN_PART Channel               : R
[LOG] SCAN_PART_1 (Forward 13 points) : k1 = 8.279e-06,	b1 = 1.664e-04
[LOG] SCAN_PART_2 (Backward 13 points): k2 = 8.257e-06,	b2 = 1.666e-04
[LOG] SCAN_TOTAL  (Symmetric)         : k_total = 8.268e-06,	b_total = 1.665e-04
[LOG] HYSTERESIS_AVG: Mean Delta_Cap  (dy) = 1.153e-07
[LOG] HYSTERESIS_AVG: Mean Delta_Step (dx) = 0.0139 steps
	(2.000000, 1.833290e-04)
	(2.500000, 1.866330e-04)
	(3.000000, 1.912250e-04)
	(3.500000, 1.955050e-04)
	(4.000000, 1.998260e-04)
	(4.500000, 2.036220e-04)
	(5.000000, 2.081640e-04)
	(5.500000, 2.111750e-04)
	(6.000000, 2.163110e-04)
	(6.500000, 2.201180e-04)
	(7.000000, 2.246200e-04)
	(7.500000, 2.282550e-04)
	(8.000000, 2.328780e-04)
	(8.000000, 2.329480e-04)
	(7.500000, 2.283960e-04)
	(7.000000, 2.245800e-04)
	(6.500000, 2.200680e-04)
	(6.000000, 2.162010e-04)
	(5.500000, 2.111750e-04)
	(5.000000, 2.080630e-04)
	(4.500000, 2.036420e-04)
	(4.000000, 1.995640e-04)
	(3.500000, 1.955450e-04)
	(3.000000, 1.916280e-04)
	(2.500000, 1.868340e-04)
	(2.000000, 1.833900e-04)
[LOG] goTo_fit (scan version):	wait_time=0.6667 s
[LOG] SCAN_PART Channel               : R
[LOG] SCAN_PART_1 (Forward 13 points) : k1 = 8.256e-06,	b1 = 1.662e-04
[LOG] SCAN_PART_2 (Backward 13 points): k2 = 8.201e-06,	b2 = 1.673e-04
[LOG] SCAN_TOTAL  (Symmetric)         : k_total = 8.228e-06,	b_total = 1.668e-04
[LOG] HYSTERESIS_AVG: Mean Delta_Cap  (dy) = 7.879e-07
[LOG] HYSTERESIS_AVG: Mean Delta_Step (dx) = 0.0958 steps
	(2.000000, 1.828460e-04)
	(2.500000, 1.861490e-04)
	(3.000000, 1.911950e-04)
	(3.500000, 1.955150e-04)
	(4.000000, 1.996540e-04)
	(4.500000, 2.034810e-04)
	(5.000000, 2.078220e-04)
	(5.500000, 2.108530e-04)
	(6.000000, 2.155660e-04)
	(6.500000, 2.196050e-04)
	(7.000000, 2.243380e-04)
	(7.500000, 2.280140e-04)
	(8.000000, 2.324950e-04)
	(8.000000, 2.328780e-04)
	(7.500000, 2.286880e-04)
	(7.000000, 2.248620e-04)
	(6.500000, 2.206620e-04)
	(6.000000, 2.167240e-04)
	(5.500000, 2.116590e-04)
	(5.000000, 2.084260e-04)
	(4.500000, 2.040960e-04)
	(4.000000, 2.004600e-04)
	(3.500000, 1.963110e-04)
	(3.000000, 1.918900e-04)
	(2.500000, 1.872770e-04)
	(2.000000, 1.838430e-04)