>> note = "30MHZ, 200mVpp, 100mVdc, time_const 300ms, sen 300uV rms, VDD 2.5, 2/12/2026"

note = 

    "30MHZ, 200mVpp, 100mVdc, time_const 300ms, sen 300uV rms, VDD 2.5, 2/12/2026"

[LOG] goTo_fit (scan version):	wait_time=10.0000 s
[LOG] SCAN_PART Channel               : R
[LOG] SCAN_PART_1 (Forward 13 points) : k1 = 6.820e-06,	b1 = 1.769e-04
[LOG] SCAN_PART_2 (Backward 13 points): k2 = 6.860e-06,	b2 = 1.766e-04
[LOG] SCAN_TOTAL  (Symmetric)         : k_total = 6.840e-06,	b_total = 1.767e-04
[LOG] HYSTERESIS_AVG: Mean Delta_Cap  (dy) = 1.674e-07
[LOG] HYSTERESIS_AVG: Mean Delta_Step (dx) = 0.0245 steps
	(2.000000, 1.909530e-04)
	(2.500000, 1.936720e-04)
	(3.000000, 1.974990e-04)
	(3.500000, 2.008630e-04)
	(4.000000, 2.044080e-04)
	(4.500000, 2.074790e-04)
	(5.000000, 2.109940e-04)
	(5.500000, 2.136230e-04)
	(6.000000, 2.178420e-04)
	(6.500000, 2.208940e-04)
	(7.000000, 2.249930e-04)
	(7.500000, 2.280240e-04)
	(8.000000, 2.319110e-04)
	(8.000000, 2.316800e-04)
	(7.500000, 2.279030e-04)
	(7.000000, 2.249620e-04)
	(6.500000, 2.210550e-04)
	(6.000000, 2.177310e-04)
	(5.500000, 2.135320e-04)
	(5.000000, 2.108830e-04)
	(4.500000, 2.073790e-04)
	(4.000000, 2.043470e-04)
	(3.500000, 2.007820e-04)
	(3.000000, 1.970660e-04)
	(2.500000, 1.932190e-04)
	(2.000000, 1.907620e-04)
[LOG] goTo_fit (scan version):	wait_time=5.0000 s
[LOG] SCAN_PART Channel               : R
[LOG] SCAN_PART_1 (Forward 13 points) : k1 = 6.857e-06,	b1 = 1.766e-04
[LOG] SCAN_PART_2 (Backward 13 points): k2 = 6.895e-06,	b2 = 1.764e-04
[LOG] SCAN_TOTAL  (Symmetric)         : k_total = 6.876e-06,	b_total = 1.765e-04
[LOG] HYSTERESIS_AVG: Mean Delta_Cap  (dy) = 1.278e-07
[LOG] HYSTERESIS_AVG: Mean Delta_Step (dx) = 0.0186 steps
	(2.000000, 1.906110e-04)
	(2.500000, 1.932890e-04)
	(3.000000, 1.972470e-04)
	(3.500000, 2.008730e-04)
	(4.000000, 2.043470e-04)
	(4.500000, 2.073180e-04)
	(5.000000, 2.110750e-04)
	(5.500000, 2.134820e-04)
	(6.000000, 2.175800e-04)
	(6.500000, 2.209040e-04)
	(7.000000, 2.249620e-04)
	(7.500000, 2.278530e-04)
	(8.000000, 2.318710e-04)
	(8.000000, 2.317400e-04)
	(7.500000, 2.280940e-04)
	(7.000000, 2.249020e-04)
	(6.500000, 2.210250e-04)
	(6.000000, 2.177720e-04)
	(5.500000, 2.135120e-04)
	(5.000000, 2.110650e-04)
	(4.500000, 2.075090e-04)
	(4.000000, 2.043880e-04)
	(3.500000, 2.007620e-04)
	(3.000000, 1.970360e-04)
	(2.500000, 1.929870e-04)
	(2.000000, 1.905910e-04)
[LOG] goTo_fit (scan version):	wait_time=2.5000 s
[LOG] SCAN_PART Channel               : R
[LOG] SCAN_PART_1 (Forward 13 points) : k1 = 6.859e-06,	b1 = 1.763e-04
[LOG] SCAN_PART_2 (Backward 13 points): k2 = 6.836e-06,	b2 = 1.766e-04
[LOG] SCAN_TOTAL  (Symmetric)         : k_total = 6.847e-06,	b_total = 1.765e-04
[LOG] HYSTERESIS_AVG: Mean Delta_Cap  (dy) = 1.937e-07
[LOG] HYSTERESIS_AVG: Mean Delta_Step (dx) = 0.0283 steps
	(2.000000, 1.905000e-04)
	(2.500000, 1.931180e-04)
	(3.000000, 1.968650e-04)
	(3.500000, 2.003890e-04)
	(4.000000, 2.039750e-04)
	(4.500000, 2.071770e-04)
	(5.000000, 2.108430e-04)
	(5.500000, 2.132700e-04)
	(6.000000, 2.172780e-04)
	(6.500000, 2.205710e-04)
	(7.000000, 2.247310e-04)
	(7.500000, 2.278830e-04)
	(8.000000, 2.314380e-04)
	(8.000000, 2.314980e-04)
	(7.500000, 2.278320e-04)
	(7.000000, 2.248310e-04)
	(6.500000, 2.207930e-04)
	(6.000000, 2.176510e-04)
	(5.500000, 2.129580e-04)
	(5.000000, 2.110850e-04)
	(4.500000, 2.073380e-04)
	(4.000000, 2.041560e-04)
	(3.500000, 2.007920e-04)
	(3.000000, 1.970660e-04)
	(2.500000, 1.932190e-04)
	(2.000000, 1.906110e-04)
[LOG] goTo_fit (scan version):	wait_time=1.0000 s
[LOG] SCAN_PART Channel               : R
[LOG] SCAN_PART_1 (Forward 13 points) : k1 = 6.716e-06,	b1 = 1.757e-04
[LOG] SCAN_PART_2 (Backward 13 points): k2 = 6.733e-06,	b2 = 1.790e-04
[LOG] SCAN_TOTAL  (Symmetric)         : k_total = 6.724e-06,	b_total = 1.774e-04
[LOG] HYSTERESIS_AVG: Mean Delta_Cap  (dy) = 3.453e-06
[LOG] HYSTERESIS_AVG: Mean Delta_Step (dx) = 0.5134 steps
	(2.000000, 1.906910e-04)
	(2.500000, 1.921620e-04)
	(3.000000, 1.951930e-04)
	(3.500000, 1.988590e-04)
	(4.000000, 2.022530e-04)
	(4.500000, 2.056970e-04)
	(5.000000, 2.091410e-04)
	(5.500000, 2.123940e-04)
	(6.000000, 2.155960e-04)
	(6.500000, 2.193430e-04)
	(7.000000, 2.229280e-04)
	(7.500000, 2.263420e-04)
	(8.000000, 2.297660e-04)
	(8.000000, 2.315490e-04)
	(7.500000, 2.297760e-04)
	(7.000000, 2.267250e-04)
	(6.500000, 2.233710e-04)
	(6.000000, 2.196550e-04)
	(5.500000, 2.159890e-04)
	(5.000000, 2.126560e-04)
	(4.500000, 2.095640e-04)
	(4.000000, 2.063210e-04)
	(3.500000, 2.027960e-04)
	(3.000000, 1.992010e-04)
	(2.500000, 1.955150e-04)
	(2.000000, 1.921310e-04)