[LOG] SCAN_PART Channel               : R
[LOG] SCAN_PART_1 (Forward 15 points) : k1 = 2.911e-05,	b1 = 5.846e-04
[LOG] SCAN_PART_2 (Backward 15 points): k2 = 2.903e-05,	b2 = 5.853e-04
[LOG] SCAN_TOTAL  (Symmetric)         : k_total = 2.907e-05,	b_total = 5.850e-04
[LOG] HYSTERESIS_AVG: Mean Delta_Cap  (dy) = 7.319e-07
[LOG] HYSTERESIS_AVG: Mean Delta_Step (dx) = 0.0252 steps
Cap(theor-act): [  5.868e-04 -   5.860e-04 =   7.576e-07] | Step Loss (=Cap/k_fit): [  0.026] | Gains(P,I,D): [4.50e-01, 2.00e-03, 1.00e-01] | PID_Out(P+I+D): [ 0.0117 +  0.0000 +  0.0052 =    +0.0170] @ 2026-02-16 18:51:43.541442 @ Step [1.6965e-02/6.2500e-02]
Cap(theor-act): [  5.868e-04 -   5.860e-04 =   7.576e-07] | Step Loss (=Cap/k_fit): [  0.026] | Gains(P,I,D): [4.50e-01, 2.00e-03, 1.00e-01] | PID_Out(P+I+D): [ 0.0117 +  0.0001 +  0.0000 =    +0.0118] @ 2026-02-16 18:51:44.272277 @ Step [2.8744e-02/6.2500e-02]
Cap(theor-act): [  5.886e-04 -   5.868e-04 =   1.768e-06] | Step Loss (=Cap/k_fit): [  0.061] | Gains(P,I,D): [4.50e-01, 2.00e-03, 1.00e-01] | PID_Out(P+I+D): [ 0.0274 +  0.0001 +  0.0070 =    +0.0344] @ 2026-02-16 18:51:45.029185 @ Step [6.3187e-02/1.2500e-01]
Cap(theor-act): [  5.886e-04 -   5.867e-04 =   1.869e-06] | Step Loss (=Cap/k_fit): [  0.064] | Gains(P,I,D): [4.50e-01, 2.00e-03, 1.00e-01] | PID_Out(P+I+D): [ 0.0289 +  0.0002 +  0.0007 =    +0.0298] @ 2026-02-16 18:51:45.744646 @ Step [9.2998e-02/1.2500e-01]
Cap(theor-act): [  5.904e-04 -   5.864e-04 =   3.988e-06] | Step Loss (=Cap/k_fit): [  0.137] | Gains(P,I,D): [4.50e-01, 2.00e-03, 1.00e-01] | PID_Out(P+I+D): [ 0.0617 +  0.0003 +  0.0146 =    +0.0766] @ 2026-02-16 18:51:46.520925 @ Step [1.6963e-01/1.8750e-01]
Cap(theor-act): [  5.904e-04 -   5.878e-04 =   2.578e-06] | Step Loss (=Cap/k_fit): [  0.089] | Gains(P,I,D): [4.50e-01, 2.00e-03, 1.00e-01] | PID_Out(P+I+D): [ 0.0399 +  0.0004 + -0.0097 =    +0.0306] @ 2026-02-16 18:51:47.232945 @ Step [2.0024e-01/1.8750e-01]
Cap(theor-act): [  5.922e-04 -   5.891e-04 =   3.186e-06] | Step Loss (=Cap/k_fit): [  0.110] | Gains(P,I,D): [4.50e-01, 2.00e-03, 1.00e-01] | PID_Out(P+I+D): [ 0.0493 +  0.0005 +  0.0042 =    +0.0540] @ 2026-02-16 18:51:47.941177 @ Step [2.5426e-01/2.5000e-01]
Cap(theor-act): [  5.922e-04 -   5.915e-04 =   7.703e-07] | Step Loss (=Cap/k_fit): [  0.026] | Gains(P,I,D): [4.50e-01, 2.00e-03, 1.00e-01] | PID_Out(P+I+D): [ 0.0119 +  0.0005 + -0.0166 =    -0.0042] @ 2026-02-16 18:51:48.646861 @ Step [2.5010e-01/2.5000e-01]
Cap(theor-act): [  5.941e-04 -   5.912e-04 =   2.888e-06] | Step Loss (=Cap/k_fit): [  0.099] | Gains(P,I,D): [4.50e-01, 2.00e-03, 1.00e-01] | PID_Out(P+I+D): [ 0.0447 +  0.0006 +  0.0146 =    +0.0599] @ 2026-02-16 18:51:49.374571 @ Step [3.1002e-01/3.1250e-01]
Cap(theor-act): [  5.941e-04 -   5.937e-04 =   3.711e-07] | Step Loss (=Cap/k_fit): [  0.013] | Gains(P,I,D): [4.50e-01, 2.00e-03, 1.00e-01] | PID_Out(P+I+D): [ 0.0057 +  0.0007 + -0.0173 =    -0.0109] @ 2026-02-16 18:51:50.073314 @ Step [2.9910e-01/3.1250e-01]
Cap(theor-act): [  5.959e-04 -   5.935e-04 =   2.389e-06] | Step Loss (=Cap/k_fit): [  0.082] | Gains(P,I,D): [4.50e-01, 2.00e-03, 1.00e-01] | PID_Out(P+I+D): [ 0.0370 +  0.0007 +  0.0139 =    +0.0516] @ 2026-02-16 18:51:50.828835 @ Step [3.5070e-01/3.7500e-01]
Cap(theor-act): [  5.959e-04 -   5.966e-04 =  -7.330e-07] | Step Loss (=Cap/k_fit): [ -0.025] | Gains(P,I,D): [4.50e-01, 2.00e-03, 1.00e-01] | PID_Out(P+I+D): [-0.0113 +  0.0007 + -0.0215 =    -0.0321] @ 2026-02-16 18:51:51.521950 @ Step [3.1858e-01/3.7500e-01]
Cap(theor-act): [  5.977e-04 -   5.944e-04 =   3.300e-06] | Step Loss (=Cap/k_fit): [  0.114] | Gains(P,I,D): [4.50e-01, 2.00e-03, 1.00e-01] | PID_Out(P+I+D): [ 0.0511 +  0.0008 +  0.0277 =    +0.0796] @ 2026-02-16 18:51:52.258020 @ Step [3.9823e-01/4.3750e-01]
Cap(theor-act): [  5.977e-04 -   5.993e-04 =  -1.635e-06] | Step Loss (=Cap/k_fit): [ -0.056] | Gains(P,I,D): [4.50e-01, 2.00e-03, 1.00e-01] | PID_Out(P+I+D): [-0.0253 +  0.0008 + -0.0340 =    -0.0585] @ 2026-02-16 18:51:52.959555 @ Step [3.3973e-01/4.3750e-01]
Cap(theor-act): [  5.995e-04 -   5.962e-04 =   3.304e-06] | Step Loss (=Cap/k_fit): [  0.114] | Gains(P,I,D): [4.50e-01, 2.00e-03, 1.00e-01] | PID_Out(P+I+D): [ 0.0511 +  0.0009 +  0.0340 =    +0.0860] @ 2026-02-16 18:51:53.721960 @ Step [4.2573e-01/5.0000e-01]
Cap(theor-act): [  5.995e-04 -   6.000e-04 =  -5.232e-07] | Step Loss (=Cap/k_fit): [ -0.018] | Gains(P,I,D): [4.50e-01, 2.00e-03, 1.00e-01] | PID_Out(P+I+D): [-0.0081 +  0.0009 + -0.0263 =    -0.0336] @ 2026-02-16 18:51:54.422006 @ Step [3.9217e-01/5.0000e-01]
Cap(theor-act): [  6.013e-04 -   5.990e-04 =   2.301e-06] | Step Loss (=Cap/k_fit): [  0.079] | Gains(P,I,D): [4.50e-01, 2.00e-03, 1.00e-01] | PID_Out(P+I+D): [ 0.0356 +  0.0009 +  0.0194 =    +0.0560] @ 2026-02-16 18:51:55.117796 @ Step [4.4815e-01/5.6250e-01]
Cap(theor-act): [  6.013e-04 -   6.001e-04 =   1.193e-06] | Step Loss (=Cap/k_fit): [  0.041] | Gains(P,I,D): [4.50e-01, 2.00e-03, 1.00e-01] | PID_Out(P+I+D): [ 0.0185 +  0.0010 + -0.0076 =    +0.0118] @ 2026-02-16 18:51:55.822059 @ Step [4.5997e-01/5.6250e-01]
Cap(theor-act): [  6.031e-04 -   6.008e-04 =   2.305e-06] | Step Loss (=Cap/k_fit): [  0.079] | Gains(P,I,D): [4.50e-01, 2.00e-03, 1.00e-01] | PID_Out(P+I+D): [ 0.0357 +  0.0011 +  0.0076 =    +0.0444] @ 2026-02-16 18:51:56.531489 @ Step [5.0436e-01/6.2500e-01]
Cap(theor-act): [  6.031e-04 -   6.005e-04 =   2.608e-06] | Step Loss (=Cap/k_fit): [  0.090] | Gains(P,I,D): [4.50e-01, 2.00e-03, 1.00e-01] | PID_Out(P+I+D): [ 0.0404 +  0.0012 +  0.0021 =    +0.0436] @ 2026-02-16 18:51:57.222265 @ Step [5.4796e-01/6.2500e-01]
Cap(theor-act): [  6.050e-04 -   6.010e-04 =   3.921e-06] | Step Loss (=Cap/k_fit): [  0.135] | Gains(P,I,D): [4.50e-01, 2.00e-03, 1.00e-01] | PID_Out(P+I+D): [ 0.0607 +  0.0013 +  0.0090 =    +0.0710] @ 2026-02-16 18:51:57.945751 @ Step [6.1896e-01/6.8750e-01]
Cap(theor-act): [  6.050e-04 -   6.035e-04 =   1.504e-06] | Step Loss (=Cap/k_fit): [  0.052] | Gains(P,I,D): [4.50e-01, 2.00e-03, 1.00e-01] | PID_Out(P+I+D): [ 0.0233 +  0.0013 + -0.0166 =    +0.0080] @ 2026-02-16 18:51:58.653863 @ Step [6.2695e-01/6.8750e-01]
Cap(theor-act): [  6.068e-04 -   6.033e-04 =   3.522e-06] | Step Loss (=Cap/k_fit): [  0.121] | Gains(P,I,D): [4.50e-01, 2.00e-03, 1.00e-01] | PID_Out(P+I+D): [ 0.0545 +  0.0015 +  0.0139 =    +0.0699] @ 2026-02-16 18:51:59.370400 @ Step [6.9682e-01/7.5000e-01]
Cap(theor-act): [  6.068e-04 -   6.064e-04 =   3.994e-07] | Step Loss (=Cap/k_fit): [  0.014] | Gains(P,I,D): [4.50e-01, 2.00e-03, 1.00e-01] | PID_Out(P+I+D): [ 0.0062 +  0.0015 + -0.0215 =    -0.0138] @ 2026-02-16 18:52:00.092690 @ Step [6.8299e-01/7.5000e-01]
Cap(theor-act): [  6.086e-04 -   6.051e-04 =   3.526e-06] | Step Loss (=Cap/k_fit): [  0.121] | Gains(P,I,D): [4.50e-01, 2.00e-03, 1.00e-01] | PID_Out(P+I+D): [ 0.0546 +  0.0016 +  0.0215 =    +0.0777] @ 2026-02-16 18:52:00.832673 @ Step [7.6068e-01/8.1250e-01]
Cap(theor-act): [  6.086e-04 -   6.097e-04 =  -1.107e-06] | Step Loss (=Cap/k_fit): [ -0.038] | Gains(P,I,D): [4.50e-01, 2.00e-03, 1.00e-01] | PID_Out(P+I+D): [-0.0171 +  0.0016 + -0.0319 =    -0.0475] @ 2026-02-16 18:52:01.550055 @ Step [7.1323e-01/8.1250e-01]
Cap(theor-act): [  6.104e-04 -   6.088e-04 =   1.616e-06] | Step Loss (=Cap/k_fit): [  0.056] | Gains(P,I,D): [4.50e-01, 2.00e-03, 1.00e-01] | PID_Out(P+I+D): [ 0.0250 +  0.0016 +  0.0187 =    +0.0454] @ 2026-02-16 18:52:02.289980 @ Step [7.5859e-01/8.7500e-01]
Cap(theor-act): [  6.104e-04 -   6.102e-04 =   2.062e-07] | Step Loss (=Cap/k_fit): [  0.007] | Gains(P,I,D): [4.50e-01, 2.00e-03, 1.00e-01] | PID_Out(P+I+D): [ 0.0032 +  0.0016 + -0.0097 =    -0.0049] @ 2026-02-16 18:52:03.000055 @ Step [7.5370e-01/8.7500e-01]
Cap(theor-act): [  6.122e-04 -   6.100e-04 =   2.225e-06] | Step Loss (=Cap/k_fit): [  0.077] | Gains(P,I,D): [4.50e-01, 2.00e-03, 1.00e-01] | PID_Out(P+I+D): [ 0.0344 +  0.0017 +  0.0139 =    +0.0500] @ 2026-02-16 18:52:03.828988 @ Step [8.0373e-01/9.3750e-01]
Cap(theor-act): [  6.122e-04 -   6.093e-04 =   2.930e-06] | Step Loss (=Cap/k_fit): [  0.101] | Gains(P,I,D): [4.50e-01, 2.00e-03, 1.00e-01] | PID_Out(P+I+D): [ 0.0454 +  0.0018 +  0.0049 =    +0.0520] @ 2026-02-16 18:52:07.520959 @ Step [8.5573e-01/9.3750e-01]
Cap(theor-act): [  6.140e-04 -   6.115e-04 =   2.531e-06] | Step Loss (=Cap/k_fit): [  0.087] | Gains(P,I,D): [4.50e-01, 2.00e-03, 1.00e-01] | PID_Out(P+I+D): [ 0.0392 +  0.0019 + -0.0027 =    +0.0383] @ 2026-02-16 18:52:08.241482 @ Step [8.9405e-01/1.0000e+00]
Cap(theor-act): [  6.140e-04 -   6.122e-04 =   1.826e-06] | Step Loss (=Cap/k_fit): [  0.063] | Gains(P,I,D): [4.50e-01, 2.00e-03, 1.00e-01] | PID_Out(P+I+D): [ 0.0283 +  0.0019 + -0.0049 =    +0.0254] @ 2026-02-16 18:52:08.952621 @ Step [9.1941e-01/1.0000e+00]
Cap(theor-act): [  6.159e-04 -   6.132e-04 =   2.636e-06] | Step Loss (=Cap/k_fit): [  0.091] | Gains(P,I,D): [4.50e-01, 2.00e-03, 1.00e-01] | PID_Out(P+I+D): [ 0.0408 +  0.0020 +  0.0056 =    +0.0484] @ 2026-02-16 18:52:09.654987 @ Step [9.6782e-01/1.0625e+00]
Cap(theor-act): [  6.159e-04 -   6.145e-04 =   1.327e-06] | Step Loss (=Cap/k_fit): [  0.046] | Gains(P,I,D): [4.50e-01, 2.00e-03, 1.00e-01] | PID_Out(P+I+D): [ 0.0205 +  0.0021 + -0.0090 =    +0.0136] @ 2026-02-16 18:52:10.357386 @ Step [9.8144e-01/1.0625e+00]
Cap(theor-act): [  6.177e-04 -   6.139e-04 =   3.748e-06] | Step Loss (=Cap/k_fit): [  0.129] | Gains(P,I,D): [4.50e-01, 2.00e-03, 1.00e-01] | PID_Out(P+I+D): [ 0.0580 +  0.0022 +  0.0167 =    +0.0769] @ 2026-02-16 18:52:11.058332 @ Step [1.0583e+00/1.1250e+00]
Cap(theor-act): [  6.177e-04 -   6.144e-04 =   3.244e-06] | Step Loss (=Cap/k_fit): [  0.112] | Gains(P,I,D): [4.50e-01, 2.00e-03, 1.00e-01] | PID_Out(P+I+D): [ 0.0502 +  0.0023 + -0.0035 =    +0.0491] @ 2026-02-16 18:52:11.745501 @ Step [1.1074e+00/1.1250e+00]
Cap(theor-act): [  6.195e-04 -   6.144e-04 =   5.061e-06] | Step Loss (=Cap/k_fit): [  0.174] | Gains(P,I,D): [4.50e-01, 2.00e-03, 1.00e-01] | PID_Out(P+I+D): [ 0.0783 +  0.0025 +  0.0125 =    +0.0933] @ 2026-02-16 18:52:12.430582 @ Step [1.2007e+00/1.1875e+00]
Cap(theor-act): [  6.195e-04 -   6.178e-04 =   1.738e-06] | Step Loss (=Cap/k_fit): [  0.060] | Gains(P,I,D): [4.50e-01, 2.00e-03, 1.00e-01] | PID_Out(P+I+D): [ 0.0269 +  0.0026 + -0.0229 =    +0.0066] @ 2026-02-16 18:52:13.115597 @ Step [1.2073e+00/1.1875e+00]
Cap(theor-act): [  6.213e-04 -   6.174e-04 =   3.958e-06] | Step Loss (=Cap/k_fit): [  0.136] | Gains(P,I,D): [4.50e-01, 2.00e-03, 1.00e-01] | PID_Out(P+I+D): [ 0.0613 +  0.0027 +  0.0153 =    +0.0792] @ 2026-02-16 18:52:13.812504 @ Step [1.2865e+00/1.2500e+00]
Cap(theor-act): [  6.213e-04 -   6.209e-04 =   4.326e-07] | Step Loss (=Cap/k_fit): [  0.015] | Gains(P,I,D): [4.50e-01, 2.00e-03, 1.00e-01] | PID_Out(P+I+D): [ 0.0067 +  0.0027 + -0.0243 =    -0.0148] @ 2026-02-16 18:52:14.499278 @ Step [1.2717e+00/1.2500e+00]
Cap(theor-act): [  6.231e-04 -   6.199e-04 =   3.256e-06] | Step Loss (=Cap/k_fit): [  0.112] | Gains(P,I,D): [4.50e-01, 2.00e-03, 1.00e-01] | PID_Out(P+I+D): [ 0.0504 +  0.0028 +  0.0194 =    +0.0727] @ 2026-02-16 18:52:15.194098 @ Step [1.3443e+00/1.3125e+00]
Cap(theor-act): [  6.231e-04 -   6.236e-04 =  -4.695e-07] | Step Loss (=Cap/k_fit): [ -0.016] | Gains(P,I,D): [4.50e-01, 2.00e-03, 1.00e-01] | PID_Out(P+I+D): [-0.0073 +  0.0028 + -0.0256 =    -0.0301] @ 2026-02-16 18:52:15.866947 @ Step [1.3142e+00/1.3125e+00]
Cap(theor-act): [  6.249e-04 -   6.227e-04 =   2.253e-06] | Step Loss (=Cap/k_fit): [  0.078] | Gains(P,I,D): [4.50e-01, 2.00e-03, 1.00e-01] | PID_Out(P+I+D): [ 0.0349 +  0.0029 +  0.0187 =    +0.0565] @ 2026-02-16 18:52:16.573462 @ Step [1.3707e+00/1.3750e+00]
Cap(theor-act): [  6.249e-04 -   6.252e-04 =  -2.636e-07] | Step Loss (=Cap/k_fit): [ -0.009] | Gains(P,I,D): [4.50e-01, 2.00e-03, 1.00e-01] | PID_Out(P+I+D): [-0.0041 +  0.0029 + -0.0173 =    -0.0185] @ 2026-02-16 18:52:17.256356 @ Step [1.3522e+00/1.3750e+00]
Cap(theor-act): [  6.268e-04 -   6.238e-04 =   2.963e-06] | Step Loss (=Cap/k_fit): [  0.102] | Gains(P,I,D): [4.50e-01, 2.00e-03, 1.00e-01] | PID_Out(P+I+D): [ 0.0459 +  0.0030 +  0.0222 =    +0.0710] @ 2026-02-16 18:52:17.945479 @ Step [1.4233e+00/1.4375e+00]
Cap(theor-act): [  6.268e-04 -   6.275e-04 =  -7.637e-07] | Step Loss (=Cap/k_fit): [ -0.026] | Gains(P,I,D): [4.50e-01, 2.00e-03, 1.00e-01] | PID_Out(P+I+D): [-0.0118 +  0.0029 + -0.0256 =    -0.0345] @ 2026-02-16 18:52:18.628557 @ Step [1.3887e+00/1.4375e+00]
Cap(theor-act): [  6.286e-04 -   6.261e-04 =   2.463e-06] | Step Loss (=Cap/k_fit): [  0.085] | Gains(P,I,D): [4.50e-01, 2.00e-03, 1.00e-01] | PID_Out(P+I+D): [ 0.0381 +  0.0030 +  0.0222 =    +0.0634] @ 2026-02-16 18:52:19.310817 @ Step [1.4521e+00/1.5000e+00]
Cap(theor-act): [  6.286e-04 -   6.279e-04 =   6.512e-07] | Step Loss (=Cap/k_fit): [  0.022] | Gains(P,I,D): [4.50e-01, 2.00e-03, 1.00e-01] | PID_Out(P+I+D): [ 0.0101 +  0.0031 + -0.0125 =    +0.0007] @ 2026-02-16 18:52:19.991134 @ Step [1.4528e+00/1.5000e+00]
Cap(theor-act): [  6.304e-04 -   6.272e-04 =   3.173e-06] | Step Loss (=Cap/k_fit): [  0.109] | Gains(P,I,D): [4.50e-01, 2.00e-03, 1.00e-01] | PID_Out(P+I+D): [ 0.0491 +  0.0032 +  0.0174 =    +0.0696] @ 2026-02-16 18:52:20.693215 @ Step [1.5224e+00/1.5625e+00]
Cap(theor-act): [  6.304e-04 -   6.283e-04 =   2.065e-06] | Step Loss (=Cap/k_fit): [  0.071] | Gains(P,I,D): [4.50e-01, 2.00e-03, 1.00e-01] | PID_Out(P+I+D): [ 0.0320 +  0.0032 + -0.0076 =    +0.0276] @ 2026-02-16 18:52:21.376851 @ Step [1.5500e+00/1.5625e+00]
Cap(theor-act): [  6.322e-04 -   6.280e-04 =   4.183e-06] | Step Loss (=Cap/k_fit): [  0.144] | Gains(P,I,D): [4.50e-01, 2.00e-03, 1.00e-01] | PID_Out(P+I+D): [ 0.0648 +  0.0034 +  0.0146 =    +0.0827] @ 2026-02-16 18:52:22.075273 @ Step [1.6327e+00/1.6250e+00]
Cap(theor-act): [  6.322e-04 -   6.308e-04 =   1.364e-06] | Step Loss (=Cap/k_fit): [  0.047] | Gains(P,I,D): [4.50e-01, 2.00e-03, 1.00e-01] | PID_Out(P+I+D): [ 0.0211 +  0.0034 + -0.0194 =    +0.0051] @ 2026-02-16 18:52:22.747238 @ Step [1.6378e+00/1.6250e+00]
Cap(theor-act): [  6.340e-04 -   6.320e-04 =   2.073e-06] | Step Loss (=Cap/k_fit): [  0.071] | Gains(P,I,D): [4.50e-01, 2.00e-03, 1.00e-01] | PID_Out(P+I+D): [ 0.0321 +  0.0035 +  0.0049 =    +0.0405] @ 2026-02-16 18:52:23.435258 @ Step [1.6783e+00/1.6875e+00]
Cap(theor-act): [  6.340e-04 -   6.337e-04 =   3.609e-07] | Step Loss (=Cap/k_fit): [  0.012] | Gains(P,I,D): [4.50e-01, 2.00e-03, 1.00e-01] | PID_Out(P+I+D): [ 0.0056 +  0.0035 + -0.0118 =    -0.0027] @ 2026-02-16 18:52:24.108119 @ Step [1.6756e+00/1.6875e+00]
Cap(theor-act): [  6.358e-04 -   6.336e-04 =   2.278e-06] | Step Loss (=Cap/k_fit): [  0.078] | Gains(P,I,D): [4.50e-01, 2.00e-03, 1.00e-01] | PID_Out(P+I+D): [ 0.0353 +  0.0036 +  0.0132 =    +0.0520] @ 2026-02-16 18:52:24.793806 @ Step [1.7276e+00/1.7500e+00]
Cap(theor-act): [  6.358e-04 -   6.359e-04 =  -3.825e-08] | Step Loss (=Cap/k_fit): [ -0.001] | Gains(P,I,D): [4.50e-01, 2.00e-03, 1.00e-01] | PID_Out(P+I+D): [-0.0006 +  0.0036 + -0.0159 =    -0.0129] @ 2026-02-16 18:52:25.466281 @ Step [1.7147e+00/1.7500e+00]
Cap(theor-act): [  6.377e-04 -   6.348e-04 =   2.887e-06] | Step Loss (=Cap/k_fit): [  0.099] | Gains(P,I,D): [4.50e-01, 2.00e-03, 1.00e-01] | PID_Out(P+I+D): [ 0.0447 +  0.0037 +  0.0201 =    +0.0685] @ 2026-02-16 18:52:26.160878 @ Step [1.7832e+00/1.8125e+00]
Cap(theor-act): [  6.377e-04 -   6.384e-04 =  -7.394e-07] | Step Loss (=Cap/k_fit): [ -0.025] | Gains(P,I,D): [4.50e-01, 2.00e-03, 1.00e-01] | PID_Out(P+I+D): [-0.0114 +  0.0037 + -0.0249 =    -0.0327] @ 2026-02-16 18:52:26.846745 @ Step [1.7505e+00/1.8125e+00]
Cap(theor-act): [  6.395e-04 -   6.378e-04 =   1.683e-06] | Step Loss (=Cap/k_fit): [  0.058] | Gains(P,I,D): [4.50e-01, 2.00e-03, 1.00e-01] | PID_Out(P+I+D): [ 0.0260 +  0.0037 +  0.0167 =    +0.0464] @ 2026-02-16 18:52:27.555206 @ Step [1.7969e+00/1.8750e+00]
Cap(theor-act): [  6.395e-04 -   6.396e-04 =  -1.305e-07] | Step Loss (=Cap/k_fit): [ -0.004] | Gains(P,I,D): [4.50e-01, 2.00e-03, 1.00e-01] | PID_Out(P+I+D): [-0.0020 +  0.0037 + -0.0125 =    -0.0108] @ 2026-02-16 18:52:28.232545 @ Step [1.7861e+00/1.8750e+00]
Cap(theor-act): [  6.413e-04 -   6.384e-04 =   2.894e-06] | Step Loss (=Cap/k_fit): [  0.100] | Gains(P,I,D): [4.50e-01, 2.00e-03, 1.00e-01] | PID_Out(P+I+D): [ 0.0448 +  0.0038 +  0.0208 =    +0.0694] @ 2026-02-16 18:52:28.919059 @ Step [1.8555e+00/1.9375e+00]
Cap(theor-act): [  6.413e-04 -   6.409e-04 =   3.774e-07] | Step Loss (=Cap/k_fit): [  0.013] | Gains(P,I,D): [4.50e-01, 2.00e-03, 1.00e-01] | PID_Out(P+I+D): [ 0.0058 +  0.0038 + -0.0173 =    -0.0076] @ 2026-02-16 18:52:29.595229 @ Step [1.8479e+00/1.9375e+00]
Cap(theor-act): [  6.431e-04 -   6.401e-04 =   3.000e-06] | Step Loss (=Cap/k_fit): [  0.103] | Gains(P,I,D): [4.50e-01, 2.00e-03, 1.00e-01] | PID_Out(P+I+D): [ 0.0464 +  0.0039 +  0.0180 =    +0.0684] @ 2026-02-16 18:52:30.284390 @ Step [1.9163e+00/2.0000e+00]
Cap(theor-act): [  6.431e-04 -   6.421e-04 =   9.853e-07] | Step Loss (=Cap/k_fit): [  0.034] | Gains(P,I,D): [4.50e-01, 2.00e-03, 1.00e-01] | PID_Out(P+I+D): [ 0.0153 +  0.0040 + -0.0139 =    +0.0054] @ 2026-02-16 18:52:30.963005 @ Step [1.9216e+00/2.0000e+00]
Cap(theor-act): [  6.449e-04 -   6.426e-04 =   2.299e-06] | Step Loss (=Cap/k_fit): [  0.079] | Gains(P,I,D): [4.50e-01, 2.00e-03, 1.00e-01] | PID_Out(P+I+D): [ 0.0356 +  0.0040 +  0.0090 =    +0.0487] @ 2026-02-16 18:52:31.642111 @ Step [1.9703e+00/2.0625e+00]
Cap(theor-act): [  6.449e-04 -   6.427e-04 =   2.198e-06] | Step Loss (=Cap/k_fit): [  0.076] | Gains(P,I,D): [4.50e-01, 2.00e-03, 1.00e-01] | PID_Out(P+I+D): [ 0.0340 +  0.0041 + -0.0007 =    +0.0375] @ 2026-02-16 18:52:32.326784 @ Step [2.0078e+00/2.0625e+00]
Cap(theor-act): [  6.467e-04 -   6.430e-04 =   3.713e-06] | Step Loss (=Cap/k_fit): [  0.128] | Gains(P,I,D): [4.50e-01, 2.00e-03, 1.00e-01] | PID_Out(P+I+D): [ 0.0575 +  0.0042 +  0.0104 =    +0.0721] @ 2026-02-16 18:52:33.014525 @ Step [2.0799e+00/2.1250e+00]
Cap(theor-act): [  6.467e-04 -   6.434e-04 =   3.310e-06] | Step Loss (=Cap/k_fit): [  0.114] | Gains(P,I,D): [4.50e-01, 2.00e-03, 1.00e-01] | PID_Out(P+I+D): [ 0.0512 +  0.0044 + -0.0028 =    +0.0528] @ 2026-02-16 18:52:33.704329 @ Step [2.1327e+00/2.1250e+00]
Cap(theor-act): [  6.486e-04 -   6.444e-04 =   4.120e-06] | Step Loss (=Cap/k_fit): [  0.142] | Gains(P,I,D): [4.50e-01, 2.00e-03, 1.00e-01] | PID_Out(P+I+D): [ 0.0638 +  0.0045 +  0.0056 =    +0.0738] @ 2026-02-16 18:52:34.395484 @ Step [2.2066e+00/2.1875e+00]
Cap(theor-act): [  6.486e-04 -   6.464e-04 =   2.207e-06] | Step Loss (=Cap/k_fit): [  0.076] | Gains(P,I,D): [4.50e-01, 2.00e-03, 1.00e-01] | PID_Out(P+I+D): [ 0.0342 +  0.0046 + -0.0132 =    +0.0256] @ 2026-02-16 18:52:35.080709 @ Step [2.2322e+00/2.1875e+00]
Cap(theor-act): [  6.504e-04 -   6.465e-04 =   3.923e-06] | Step Loss (=Cap/k_fit): [  0.135] | Gains(P,I,D): [4.50e-01, 2.00e-03, 1.00e-01] | PID_Out(P+I+D): [ 0.0607 +  0.0047 +  0.0118 =    +0.0772] @ 2026-02-16 18:52:35.778600 @ Step [2.3094e+00/2.2500e+00]
Cap(theor-act): [  6.504e-04 -   6.501e-04 =   2.969e-07] | Step Loss (=Cap/k_fit): [  0.010] | Gains(P,I,D): [4.50e-01, 2.00e-03, 1.00e-01] | PID_Out(P+I+D): [ 0.0046 +  0.0047 + -0.0249 =    -0.0156] @ 2026-02-16 18:52:36.456998 @ Step [2.2938e+00/2.2500e+00]
Cap(theor-act): [  6.522e-04 -   6.487e-04 =   3.524e-06] | Step Loss (=Cap/k_fit): [  0.121] | Gains(P,I,D): [4.50e-01, 2.00e-03, 1.00e-01] | PID_Out(P+I+D): [ 0.0545 +  0.0048 +  0.0222 =    +0.0816] @ 2026-02-16 18:52:37.141866 @ Step [2.3754e+00/2.3125e+00]
Cap(theor-act): [  6.522e-04 -   6.526e-04 =  -4.032e-07] | Step Loss (=Cap/k_fit): [ -0.014] | Gains(P,I,D): [4.50e-01, 2.00e-03, 1.00e-01] | PID_Out(P+I+D): [-0.0062 +  0.0048 + -0.0270 =    -0.0284] @ 2026-02-16 18:52:37.829958 @ Step [2.3469e+00/2.3125e+00]
Cap(theor-act): [  6.540e-04 -   6.512e-04 =   2.823e-06] | Step Loss (=Cap/k_fit): [  0.097] | Gains(P,I,D): [4.50e-01, 2.00e-03, 1.00e-01] | PID_Out(P+I+D): [ 0.0437 +  0.0049 +  0.0222 =    +0.0708] @ 2026-02-16 18:52:38.515849 @ Step [2.4178e+00/2.3750e+00]
Cap(theor-act): [  6.540e-04 -   6.533e-04 =   7.087e-07] | Step Loss (=Cap/k_fit): [  0.024] | Gains(P,I,D): [4.50e-01, 2.00e-03, 1.00e-01] | PID_Out(P+I+D): [ 0.0110 +  0.0050 + -0.0145 =    +0.0014] @ 2026-02-16 18:52:39.206107 @ Step [2.4191e+00/2.3750e+00]
Cap(theor-act): [  6.558e-04 -   6.545e-04 =   1.317e-06] | Step Loss (=Cap/k_fit): [  0.045] | Gains(P,I,D): [4.50e-01, 2.00e-03, 1.00e-01] | PID_Out(P+I+D): [ 0.0204 +  0.0050 +  0.0042 =    +0.0296] @ 2026-02-16 18:52:39.894262 @ Step [2.4487e+00/2.4375e+00]
Cap(theor-act): [  6.558e-04 -   6.541e-04 =   1.720e-06] | Step Loss (=Cap/k_fit): [  0.059] | Gains(P,I,D): [4.50e-01, 2.00e-03, 1.00e-01] | PID_Out(P+I+D): [ 0.0266 +  0.0051 +  0.0028 =    +0.0344] @ 2026-02-16 18:52:40.567780 @ Step [2.4831e+00/2.4375e+00]
Cap(theor-act): [  6.576e-04 -   6.541e-04 =   3.537e-06] | Step Loss (=Cap/k_fit): [  0.122] | Gains(P,I,D): [4.50e-01, 2.00e-03, 1.00e-01] | PID_Out(P+I+D): [ 0.0547 +  0.0052 +  0.0125 =    +0.0724] @ 2026-02-16 18:52:41.257148 @ Step [2.5556e+00/2.5000e+00]
Cap(theor-act): [  6.576e-04 -   6.545e-04 =   3.134e-06] | Step Loss (=Cap/k_fit): [  0.108] | Gains(P,I,D): [4.50e-01, 2.00e-03, 1.00e-01] | PID_Out(P+I+D): [ 0.0485 +  0.0053 + -0.0028 =    +0.0510] @ 2026-02-16 18:52:41.927189 @ Step [2.6066e+00/2.5000e+00]
Cap(theor-act): [  6.595e-04 -   6.550e-04 =   4.446e-06] | Step Loss (=Cap/k_fit): [  0.153] | Gains(P,I,D): [4.50e-01, 2.00e-03, 1.00e-01] | PID_Out(P+I+D): [ 0.0688 +  0.0054 +  0.0090 =    +0.0833] @ 2026-02-16 18:52:42.622638 @ Step [2.6899e+00/2.5625e+00]
Cap(theor-act): [  6.595e-04 -   6.587e-04 =   7.204e-07] | Step Loss (=Cap/k_fit): [  0.025] | Gains(P,I,D): [4.50e-01, 2.00e-03, 1.00e-01] | PID_Out(P+I+D): [ 0.0112 +  0.0055 + -0.0256 =    -0.0090] @ 2026-02-16 18:52:43.303759 @ Step [2.6809e+00/2.5625e+00]
Cap(theor-act): [  6.613e-04 -   6.593e-04 =   1.933e-06] | Step Loss (=Cap/k_fit): [  0.067] | Gains(P,I,D): [4.50e-01, 2.00e-03, 1.00e-01] | PID_Out(P+I+D): [ 0.0299 +  0.0055 +  0.0083 =    +0.0438] @ 2026-02-16 18:52:43.983964 @ Step [2.7247e+00/2.6250e+00]
Cap(theor-act): [  6.613e-04 -   6.615e-04 =  -1.817e-07] | Step Loss (=Cap/k_fit): [ -0.006] | Gains(P,I,D): [4.50e-01, 2.00e-03, 1.00e-01] | PID_Out(P+I+D): [-0.0028 +  0.0055 + -0.0146 =    -0.0118] @ 2026-02-16 18:52:44.670378 @ Step [2.7128e+00/2.6250e+00]
Cap(theor-act): [  6.631e-04 -   6.616e-04 =   1.534e-06] | Step Loss (=Cap/k_fit): [  0.053] | Gains(P,I,D): [4.50e-01, 2.00e-03, 1.00e-01] | PID_Out(P+I+D): [ 0.0237 +  0.0056 +  0.0118 =    +0.0411] @ 2026-02-16 18:52:45.373133 @ Step [2.7539e+00/2.6875e+00]
Cap(theor-act): [  6.631e-04 -   6.640e-04 =  -8.828e-07] | Step Loss (=Cap/k_fit): [ -0.030] | Gains(P,I,D): [4.50e-01, 2.00e-03, 1.00e-01] | PID_Out(P+I+D): [-0.0137 +  0.0055 + -0.0166 =    -0.0247] @ 2026-02-16 18:52:46.061511 @ Step [2.7292e+00/2.6875e+00]
Cap(theor-act): [  6.649e-04 -   6.623e-04 =   2.646e-06] | Step Loss (=Cap/k_fit): [  0.091] | Gains(P,I,D): [4.50e-01, 2.00e-03, 1.00e-01] | PID_Out(P+I+D): [ 0.0410 +  0.0056 +  0.0243 =    +0.0709] @ 2026-02-16 18:52:46.761562 @ Step [2.8001e+00/2.7500e+00]
Cap(theor-act): [  6.649e-04 -   6.667e-04 =  -1.785e-06] | Step Loss (=Cap/k_fit): [ -0.061] | Gains(P,I,D): [4.50e-01, 2.00e-03, 1.00e-01] | PID_Out(P+I+D): [-0.0276 +  0.0056 + -0.0305 =    -0.0525] @ 2026-02-16 18:52:47.474243 @ Step [2.7475e+00/2.7500e+00]
Cap(theor-act): [  6.667e-04 -   6.645e-04 =   2.247e-06] | Step Loss (=Cap/k_fit): [  0.077] | Gains(P,I,D): [4.50e-01, 2.00e-03, 1.00e-01] | PID_Out(P+I+D): [ 0.0348 +  0.0057 +  0.0277 =    +0.0682] @ 2026-02-16 18:52:48.180633 @ Step [2.8157e+00/2.8125e+00]
Cap(theor-act): [  6.667e-04 -   6.684e-04 =  -1.680e-06] | Step Loss (=Cap/k_fit): [ -0.058] | Gains(P,I,D): [4.50e-01, 2.00e-03, 1.00e-01] | PID_Out(P+I+D): [-0.0260 +  0.0056 + -0.0270 =    -0.0474] @ 2026-02-16 18:52:48.871900 @ Step [2.7683e+00/2.8125e+00]
Cap(theor-act): [  6.685e-04 -   6.654e-04 =   3.158e-06] | Step Loss (=Cap/k_fit): [  0.109] | Gains(P,I,D): [4.50e-01, 2.00e-03, 1.00e-01] | PID_Out(P+I+D): [ 0.0489 +  0.0057 +  0.0333 =    +0.0879] @ 2026-02-16 18:52:49.560339 @ Step [2.8561e+00/2.8750e+00]
Cap(theor-act): [  6.685e-04 -   6.698e-04 =  -1.273e-06] | Step Loss (=Cap/k_fit): [ -0.044] | Gains(P,I,D): [4.50e-01, 2.00e-03, 1.00e-01] | PID_Out(P+I+D): [-0.0197 +  0.0057 + -0.0305 =    -0.0445] @ 2026-02-16 18:52:50.242708 @ Step [2.8116e+00/2.8750e+00]
Cap(theor-act): [  6.704e-04 -   6.683e-04 =   2.055e-06] | Step Loss (=Cap/k_fit): [  0.071] | Gains(P,I,D): [4.50e-01, 2.00e-03, 1.00e-01] | PID_Out(P+I+D): [ 0.0318 +  0.0057 +  0.0229 =    +0.0604] @ 2026-02-16 18:52:50.936087 @ Step [2.8720e+00/2.9375e+00]
Cap(theor-act): [  6.704e-04 -   6.701e-04 =   2.418e-07] | Step Loss (=Cap/k_fit): [  0.008] | Gains(P,I,D): [4.50e-01, 2.00e-03, 1.00e-01] | PID_Out(P+I+D): [ 0.0037 +  0.0057 + -0.0125 =    -0.0030] @ 2026-02-16 18:52:51.616336 @ Step [2.8691e+00/2.9375e+00]
Cap(theor-act): [  6.722e-04 -   6.706e-04 =   1.555e-06] | Step Loss (=Cap/k_fit): [  0.053] | Gains(P,I,D): [4.50e-01, 2.00e-03, 1.00e-01] | PID_Out(P+I+D): [ 0.0241 +  0.0058 +  0.0090 =    +0.0389] @ 2026-02-16 18:52:52.304687 @ Step [2.9079e+00/3.0000e+00]
Cap(theor-act): [  6.722e-04 -   6.706e-04 =   1.555e-06] | Step Loss (=Cap/k_fit): [  0.053] | Gains(P,I,D): [4.50e-01, 2.00e-03, 1.00e-01] | PID_Out(P+I+D): [ 0.0241 +  0.0058 +  0.0000 =    +0.0299] @ 2026-02-16 18:52:53.001543 @ Step [2.9379e+00/3.0000e+00]
Cap(theor-act): [  6.740e-04 -   6.714e-04 =   2.566e-06] | Step Loss (=Cap/k_fit): [  0.088] | Gains(P,I,D): [4.50e-01, 2.00e-03, 1.00e-01] | PID_Out(P+I+D): [ 0.0397 +  0.0059 +  0.0070 =    +0.0526] @ 2026-02-16 18:52:53.699034 @ Step [2.9905e+00/3.0625e+00]
Cap(theor-act): [  6.740e-04 -   6.717e-04 =   2.265e-06] | Step Loss (=Cap/k_fit): [  0.078] | Gains(P,I,D): [4.50e-01, 2.00e-03, 1.00e-01] | PID_Out(P+I+D): [ 0.0351 +  0.0060 + -0.0021 =    +0.0390] @ 2026-02-16 18:52:54.387003 @ Step [3.0294e+00/3.0625e+00]
Cap(theor-act): [  6.758e-04 -   6.719e-04 =   3.879e-06] | Step Loss (=Cap/k_fit): [  0.133] | Gains(P,I,D): [4.50e-01, 2.00e-03, 1.00e-01] | PID_Out(P+I+D): [ 0.0601 +  0.0061 +  0.0111 =    +0.0773] @ 2026-02-16 18:52:55.088246 @ Step [3.1068e+00/3.1250e+00]
Cap(theor-act): [  6.758e-04 -   6.733e-04 =   2.469e-06] | Step Loss (=Cap/k_fit): [  0.085] | Gains(P,I,D): [4.50e-01, 2.00e-03, 1.00e-01] | PID_Out(P+I+D): [ 0.0382 +  0.0062 + -0.0097 =    +0.0348] @ 2026-02-16 18:52:55.762746 @ Step [3.1415e+00/3.1250e+00]
Cap(theor-act): [  6.776e-04 -   6.738e-04 =   3.883e-06] | Step Loss (=Cap/k_fit): [  0.134] | Gains(P,I,D): [4.50e-01, 2.00e-03, 1.00e-01] | PID_Out(P+I+D): [ 0.0601 +  0.0064 +  0.0097 =    +0.0762] @ 2026-02-16 18:52:56.464091 @ Step [3.2177e+00/3.1875e+00]
Cap(theor-act): [  6.776e-04 -   6.768e-04 =   8.624e-07] | Step Loss (=Cap/k_fit): [  0.030] | Gains(P,I,D): [4.50e-01, 2.00e-03, 1.00e-01] | PID_Out(P+I+D): [ 0.0133 +  0.0064 + -0.0208 =    -0.0010] @ 2026-02-16 18:52:57.143024 @ Step [3.2167e+00/3.1875e+00]
Cap(theor-act): [  6.795e-04 -   6.761e-04 =   3.384e-06] | Step Loss (=Cap/k_fit): [  0.116] | Gains(P,I,D): [4.50e-01, 2.00e-03, 1.00e-01] | PID_Out(P+I+D): [ 0.0524 +  0.0065 +  0.0174 =    +0.0762] @ 2026-02-16 18:52:57.842545 @ Step [3.2929e+00/3.2500e+00]
Cap(theor-act): [  6.795e-04 -   6.796e-04 =  -1.407e-07] | Step Loss (=Cap/k_fit): [ -0.005] | Gains(P,I,D): [4.50e-01, 2.00e-03, 1.00e-01] | PID_Out(P+I+D): [-0.0022 +  0.0065 + -0.0243 =    -0.0199] @ 2026-02-16 18:52:58.625821 @ Step [3.2730e+00/3.2500e+00]
Cap(theor-act): [  6.813e-04 -   6.784e-04 =   2.885e-06] | Step Loss (=Cap/k_fit): [  0.099] | Gains(P,I,D): [4.50e-01, 2.00e-03, 1.00e-01] | PID_Out(P+I+D): [ 0.0447 +  0.0066 +  0.0208 =    +0.0721] @ 2026-02-16 18:52:59.312733 @ Step [3.3451e+00/3.3125e+00]
Cap(theor-act): [  6.813e-04 -   6.828e-04 =  -1.547e-06] | Step Loss (=Cap/k_fit): [ -0.053] | Gains(P,I,D): [4.50e-01, 2.00e-03, 1.00e-01] | PID_Out(P+I+D): [-0.0239 +  0.0066 + -0.0305 =    -0.0479] @ 2026-02-16 18:52:59.996083 @ Step [3.2972e+00/3.3125e+00]
Cap(theor-act): [  6.831e-04 -   6.800e-04 =   3.090e-06] | Step Loss (=Cap/k_fit): [  0.106] | Gains(P,I,D): [4.50e-01, 2.00e-03, 1.00e-01] | PID_Out(P+I+D): [ 0.0478 +  0.0067 +  0.0319 =    +0.0864] @ 2026-02-16 18:53:00.681750 @ Step [3.3836e+00/3.3750e+00]
Cap(theor-act): [  6.831e-04 -   6.844e-04 =  -1.341e-06] | Step Loss (=Cap/k_fit): [ -0.046] | Gains(P,I,D): [4.50e-01, 2.00e-03, 1.00e-01] | PID_Out(P+I+D): [-0.0208 +  0.0066 + -0.0305 =    -0.0446] @ 2026-02-16 18:53:01.366660 @ Step [3.3389e+00/3.3750e+00]
Cap(theor-act): [  6.849e-04 -   6.824e-04 =   2.490e-06] | Step Loss (=Cap/k_fit): [  0.086] | Gains(P,I,D): [4.50e-01, 2.00e-03, 1.00e-01] | PID_Out(P+I+D): [ 0.0385 +  0.0067 +  0.0264 =    +0.0716] @ 2026-02-16 18:53:02.056230 @ Step [3.4105e+00/3.4375e+00]
Cap(theor-act): [  6.849e-04 -   6.860e-04 =  -1.135e-06] | Step Loss (=Cap/k_fit): [ -0.039] | Gains(P,I,D): [4.50e-01, 2.00e-03, 1.00e-01] | PID_Out(P+I+D): [-0.0176 +  0.0067 + -0.0249 =    -0.0359] @ 2026-02-16 18:53:02.736415 @ Step [3.3747e+00/3.4375e+00]
Cap(theor-act): [  6.867e-04 -   6.838e-04 =   2.897e-06] | Step Loss (=Cap/k_fit): [  0.100] | Gains(P,I,D): [4.50e-01, 2.00e-03, 1.00e-01] | PID_Out(P+I+D): [ 0.0448 +  0.0068 +  0.0277 =    +0.0793] @ 2026-02-16 18:53:03.443667 @ Step [3.4540e+00/3.5000e+00]
Cap(theor-act): [  6.867e-04 -   6.872e-04 =  -5.272e-07] | Step Loss (=Cap/k_fit): [ -0.018] | Gains(P,I,D): [4.50e-01, 2.00e-03, 1.00e-01] | PID_Out(P+I+D): [-0.0082 +  0.0067 + -0.0236 =    -0.0250] @ 2026-02-16 18:53:04.124856 @ Step [3.4290e+00/3.5000e+00]
Cap(theor-act): [  6.885e-04 -   6.865e-04 =   1.995e-06] | Step Loss (=Cap/k_fit): [  0.069] | Gains(P,I,D): [4.50e-01, 2.00e-03, 1.00e-01] | PID_Out(P+I+D): [ 0.0309 +  0.0068 +  0.0174 =    +0.0550] @ 2026-02-16 18:53:04.813173 @ Step [3.4841e+00/3.5625e+00]
Cap(theor-act): [  6.885e-04 -   6.879e-04 =   6.857e-07] | Step Loss (=Cap/k_fit): [  0.024] | Gains(P,I,D): [4.50e-01, 2.00e-03, 1.00e-01] | PID_Out(P+I+D): [ 0.0106 +  0.0068 + -0.0090 =    +0.0084] @ 2026-02-16 18:53:05.489768 @ Step [3.4925e+00/3.5625e+00]
Cap(theor-act): [  6.904e-04 -   6.871e-04 =   3.208e-06] | Step Loss (=Cap/k_fit): [  0.110] | Gains(P,I,D): [4.50e-01, 2.00e-03, 1.00e-01] | PID_Out(P+I+D): [ 0.0497 +  0.0069 +  0.0174 =    +0.0739] @ 2026-02-16 18:53:06.172268 @ Step [3.5665e+00/3.6250e+00]
Cap(theor-act): [  6.904e-04 -   6.873e-04 =   3.006e-06] | Step Loss (=Cap/k_fit): [  0.103] | Gains(P,I,D): [4.50e-01, 2.00e-03, 1.00e-01] | PID_Out(P+I+D): [ 0.0465 +  0.0070 + -0.0014 =    +0.0522] @ 2026-02-16 18:53:06.850557 @ Step [3.6186e+00/3.6250e+00]
Cap(theor-act): [  6.922e-04 -   6.883e-04 =   3.917e-06] | Step Loss (=Cap/k_fit): [  0.135] | Gains(P,I,D): [4.50e-01, 2.00e-03, 1.00e-01] | PID_Out(P+I+D): [ 0.0606 +  0.0072 +  0.0063 =    +0.0741] @ 2026-02-16 18:53:07.552803 @ Step [3.6927e+00/3.6875e+00]
Cap(theor-act): [  6.922e-04 -   6.926e-04 =  -4.145e-07] | Step Loss (=Cap/k_fit): [ -0.014] | Gains(P,I,D): [4.50e-01, 2.00e-03, 1.00e-01] | PID_Out(P+I+D): [-0.0064 +  0.0072 + -0.0298 =    -0.0290] @ 2026-02-16 18:53:08.231202 @ Step [3.6637e+00/3.6875e+00]
Cap(theor-act): [  6.940e-04 -   6.914e-04 =   2.611e-06] | Step Loss (=Cap/k_fit): [  0.090] | Gains(P,I,D): [4.50e-01, 2.00e-03, 1.00e-01] | PID_Out(P+I+D): [ 0.0404 +  0.0073 +  0.0208 =    +0.0685] @ 2026-02-16 18:53:08.924805 @ Step [3.7322e+00/3.7500e+00]
Cap(theor-act): [  6.940e-04 -   6.946e-04 =  -6.116e-07] | Step Loss (=Cap/k_fit): [ -0.021] | Gains(P,I,D): [4.50e-01, 2.00e-03, 1.00e-01] | PID_Out(P+I+D): [-0.0095 +  0.0072 + -0.0222 =    -0.0244] @ 2026-02-16 18:53:09.628832 @ Step [3.7078e+00/3.7500e+00]
Cap(theor-act): [  6.958e-04 -   6.942e-04 =   1.608e-06] | Step Loss (=Cap/k_fit): [  0.055] | Gains(P,I,D): [4.50e-01, 2.00e-03, 1.00e-01] | PID_Out(P+I+D): [ 0.0249 +  0.0073 +  0.0153 =    +0.0475] @ 2026-02-16 18:53:10.324446 @ Step [3.7552e+00/3.8125e+00]
Cap(theor-act): [  6.958e-04 -   6.964e-04 =  -6.067e-07] | Step Loss (=Cap/k_fit): [ -0.021] | Gains(P,I,D): [4.50e-01, 2.00e-03, 1.00e-01] | PID_Out(P+I+D): [-0.0094 +  0.0073 + -0.0152 =    -0.0174] @ 2026-02-16 18:53:11.011989 @ Step [3.7379e+00/3.8125e+00]
Cap(theor-act): [  6.976e-04 -   6.956e-04 =   2.015e-06] | Step Loss (=Cap/k_fit): [  0.069] | Gains(P,I,D): [4.50e-01, 2.00e-03, 1.00e-01] | PID_Out(P+I+D): [ 0.0312 +  0.0073 +  0.0180 =    +0.0566] @ 2026-02-16 18:53:11.718461 @ Step [3.7944e+00/3.8750e+00]
Cap(theor-act): [  6.976e-04 -   6.977e-04 =  -9.979e-08] | Step Loss (=Cap/k_fit): [ -0.003] | Gains(P,I,D): [4.50e-01, 2.00e-03, 1.00e-01] | PID_Out(P+I+D): [-0.0015 +  0.0073 + -0.0146 =    -0.0088] @ 2026-02-16 18:53:12.402577 @ Step [3.7857e+00/3.8750e+00]
Cap(theor-act): [  6.994e-04 -   6.968e-04 =   2.624e-06] | Step Loss (=Cap/k_fit): [  0.090] | Gains(P,I,D): [4.50e-01, 2.00e-03, 1.00e-01] | PID_Out(P+I+D): [ 0.0406 +  0.0074 +  0.0187 =    +0.0668] @ 2026-02-16 18:53:13.111776 @ Step [3.8524e+00/3.9375e+00]
Cap(theor-act): [  6.994e-04 -   7.005e-04 =  -1.103e-06] | Step Loss (=Cap/k_fit): [ -0.038] | Gains(P,I,D): [4.50e-01, 2.00e-03, 1.00e-01] | PID_Out(P+I+D): [-0.0171 +  0.0074 + -0.0256 =    -0.0353] @ 2026-02-16 18:53:13.785951 @ Step [3.8171e+00/3.9375e+00]
Cap(theor-act): [  7.013e-04 -   6.994e-04 =   1.822e-06] | Step Loss (=Cap/k_fit): [  0.063] | Gains(P,I,D): [4.50e-01, 2.00e-03, 1.00e-01] | PID_Out(P+I+D): [ 0.0282 +  0.0074 +  0.0201 =    +0.0558] @ 2026-02-16 18:53:14.473968 @ Step [3.8729e+00/4.0000e+00]
Cap(theor-act): [  7.013e-04 -   7.004e-04 =   8.150e-07] | Step Loss (=Cap/k_fit): [  0.028] | Gains(P,I,D): [4.50e-01, 2.00e-03, 1.00e-01] | PID_Out(P+I+D): [ 0.0126 +  0.0075 + -0.0069 =    +0.0132] @ 2026-02-16 18:53:15.153167 @ Step [3.8861e+00/4.0000e+00]
Cap(theor-act): [  7.031e-04 -   7.013e-04 =   1.725e-06] | Step Loss (=Cap/k_fit): [  0.059] | Gains(P,I,D): [4.50e-01, 2.00e-03, 1.00e-01] | PID_Out(P+I+D): [ 0.0267 +  0.0075 +  0.0063 =    +0.0405] @ 2026-02-16 18:53:15.834361 @ Step [3.9266e+00/4.0625e+00]
Cap(theor-act): [  7.031e-04 -   7.021e-04 =   1.020e-06] | Step Loss (=Cap/k_fit): [  0.035] | Gains(P,I,D): [4.50e-01, 2.00e-03, 1.00e-01] | PID_Out(P+I+D): [ 0.0158 +  0.0076 + -0.0049 =    +0.0185] @ 2026-02-16 18:53:16.511616 @ Step [3.9451e+00/4.0625e+00]
Cap(theor-act): [  7.049e-04 -   7.019e-04 =   2.939e-06] | Step Loss (=Cap/k_fit): [  0.101] | Gains(P,I,D): [4.50e-01, 2.00e-03, 1.00e-01] | PID_Out(P+I+D): [ 0.0455 +  0.0077 +  0.0132 =    +0.0664] @ 2026-02-16 18:53:17.207072 @ Step [4.0114e+00/4.1250e+00]
Cap(theor-act): [  7.049e-04 -   7.022e-04 =   2.737e-06] | Step Loss (=Cap/k_fit): [  0.094] | Gains(P,I,D): [4.50e-01, 2.00e-03, 1.00e-01] | PID_Out(P+I+D): [ 0.0424 +  0.0078 + -0.0014 =    +0.0487] @ 2026-02-16 18:53:17.894376 @ Step [4.0602e+00/4.1250e+00]
Cap(theor-act): [  7.067e-04 -   7.028e-04 =   3.949e-06] | Step Loss (=Cap/k_fit): [  0.136] | Gains(P,I,D): [4.50e-01, 2.00e-03, 1.00e-01] | PID_Out(P+I+D): [ 0.0611 +  0.0079 +  0.0083 =    +0.0774] @ 2026-02-16 18:53:18.574789 @ Step [4.1375e+00/4.1875e+00]
Cap(theor-act): [  7.067e-04 -   7.041e-04 =   2.641e-06] | Step Loss (=Cap/k_fit): [  0.091] | Gains(P,I,D): [4.50e-01, 2.00e-03, 1.00e-01] | PID_Out(P+I+D): [ 0.0409 +  0.0080 + -0.0090 =    +0.0399] @ 2026-02-16 18:53:19.256892 @ Step [4.1774e+00/4.1875e+00]
Cap(theor-act): [  7.085e-04 -   7.054e-04 =   3.148e-06] | Step Loss (=Cap/k_fit): [  0.108] | Gains(P,I,D): [4.50e-01, 2.00e-03, 1.00e-01] | PID_Out(P+I+D): [ 0.0487 +  0.0081 +  0.0035 =    +0.0603] @ 2026-02-16 18:53:19.947638 @ Step [4.2377e+00/4.2500e+00]
Cap(theor-act): [  7.085e-04 -   7.066e-04 =   1.940e-06] | Step Loss (=Cap/k_fit): [  0.067] | Gains(P,I,D): [4.50e-01, 2.00e-03, 1.00e-01] | PID_Out(P+I+D): [ 0.0300 +  0.0082 + -0.0083 =    +0.0299] @ 2026-02-16 18:53:20.636151 @ Step [4.2676e+00/4.2500e+00]
Cap(theor-act): [  7.103e-04 -   7.085e-04 =   1.842e-06] | Step Loss (=Cap/k_fit): [  0.063] | Gains(P,I,D): [4.50e-01, 2.00e-03, 1.00e-01] | PID_Out(P+I+D): [ 0.0285 +  0.0082 + -0.0007 =    +0.0361] @ 2026-02-16 18:53:21.332347 @ Step [4.3037e+00/4.3125e+00]
Cap(theor-act): [  7.103e-04 -   7.102e-04 =   1.305e-07] | Step Loss (=Cap/k_fit): [  0.004] | Gains(P,I,D): [4.50e-01, 2.00e-03, 1.00e-01] | PID_Out(P+I+D): [ 0.0020 +  0.0082 + -0.0118 =    -0.0015] @ 2026-02-16 18:53:22.007637 @ Step [4.3022e+00/4.3125e+00]
Cap(theor-act): [  7.122e-04 -   7.098e-04 =   2.350e-06] | Step Loss (=Cap/k_fit): [  0.081] | Gains(P,I,D): [4.50e-01, 2.00e-03, 1.00e-01] | PID_Out(P+I+D): [ 0.0364 +  0.0083 +  0.0153 =    +0.0600] @ 2026-02-16 18:53:22.697291 @ Step [4.3621e+00/4.3750e+00]
Cap(theor-act): [  7.122e-04 -   7.122e-04 =  -6.663e-08] | Step Loss (=Cap/k_fit): [ -0.002] | Gains(P,I,D): [4.50e-01, 2.00e-03, 1.00e-01] | PID_Out(P+I+D): [-0.0010 +  0.0083 + -0.0166 =    -0.0093] @ 2026-02-16 18:53:23.372585 @ Step [4.3528e+00/4.3750e+00]
Cap(theor-act): [  7.140e-04 -   7.116e-04 =   2.354e-06] | Step Loss (=Cap/k_fit): [  0.081] | Gains(P,I,D): [4.50e-01, 2.00e-03, 1.00e-01] | PID_Out(P+I+D): [ 0.0364 +  0.0084 +  0.0167 =    +0.0615] @ 2026-02-16 18:53:24.056364 @ Step [4.4143e+00/4.4375e+00]
Cap(theor-act): [  7.140e-04 -   7.149e-04 =  -9.687e-07] | Step Loss (=Cap/k_fit): [ -0.033] | Gains(P,I,D): [4.50e-01, 2.00e-03, 1.00e-01] | PID_Out(P+I+D): [-0.0150 +  0.0084 + -0.0229 =    -0.0295] @ 2026-02-16 18:53:24.737888 @ Step [4.3848e+00/4.4375e+00]
Cap(theor-act): [  7.158e-04 -   7.142e-04 =   1.553e-06] | Step Loss (=Cap/k_fit): [  0.053] | Gains(P,I,D): [4.50e-01, 2.00e-03, 1.00e-01] | PID_Out(P+I+D): [ 0.0240 +  0.0084 +  0.0174 =    +0.0498] @ 2026-02-16 18:53:25.432702 @ Step [4.4346e+00/4.5000e+00]
Cap(theor-act): [  7.158e-04 -   7.159e-04 =  -1.588e-07] | Step Loss (=Cap/k_fit): [ -0.005] | Gains(P,I,D): [4.50e-01, 2.00e-03, 1.00e-01] | PID_Out(P+I+D): [-0.0025 +  0.0084 + -0.0118 =    -0.0058] @ 2026-02-16 18:53:26.120262 @ Step [4.4288e+00/4.5000e+00]
Cap(theor-act): [  7.176e-04 -   7.150e-04 =   2.564e-06] | Step Loss (=Cap/k_fit): [  0.088] | Gains(P,I,D): [4.50e-01, 2.00e-03, 1.00e-01] | PID_Out(P+I+D): [ 0.0397 +  0.0085 +  0.0187 =    +0.0669] @ 2026-02-16 18:53:26.844783 @ Step [4.4957e+00/4.5625e+00]
Cap(theor-act): [  7.176e-04 -   7.156e-04 =   1.960e-06] | Step Loss (=Cap/k_fit): [  0.067] | Gains(P,I,D): [4.50e-01, 2.00e-03, 1.00e-01] | PID_Out(P+I+D): [ 0.0303 +  0.0086 + -0.0042 =    +0.0348] @ 2026-02-16 18:53:27.518327 @ Step [4.5304e+00/4.5625e+00]
Cap(theor-act): [  7.194e-04 -   7.165e-04 =   2.971e-06] | Step Loss (=Cap/k_fit): [  0.102] | Gains(P,I,D): [4.50e-01, 2.00e-03, 1.00e-01] | PID_Out(P+I+D): [ 0.0460 +  0.0087 +  0.0070 =    +0.0616] @ 2026-02-16 18:53:28.213206 @ Step [4.5921e+00/4.6250e+00]
Cap(theor-act): [  7.194e-04 -   7.175e-04 =   1.964e-06] | Step Loss (=Cap/k_fit): [  0.068] | Gains(P,I,D): [4.50e-01, 2.00e-03, 1.00e-01] | PID_Out(P+I+D): [ 0.0304 +  0.0087 + -0.0069 =    +0.0322] @ 2026-02-16 18:53:28.887084 @ Step [4.6243e+00/4.6250e+00]
Cap(theor-act): [  7.212e-04 -   7.183e-04 =   2.975e-06] | Step Loss (=Cap/k_fit): [  0.102] | Gains(P,I,D): [4.50e-01, 2.00e-03, 1.00e-01] | PID_Out(P+I+D): [ 0.0460 +  0.0088 +  0.0070 =    +0.0618] @ 2026-02-16 18:53:29.573528 @ Step [4.6861e+00/4.6875e+00]
Cap(theor-act): [  7.212e-04 -   7.206e-04 =   6.589e-07] | Step Loss (=Cap/k_fit): [  0.023] | Gains(P,I,D): [4.50e-01, 2.00e-03, 1.00e-01] | PID_Out(P+I+D): [ 0.0102 +  0.0089 + -0.0159 =    +0.0031] @ 2026-02-16 18:53:30.246025 @ Step [4.6892e+00/4.6875e+00]
Cap(theor-act): [  7.231e-04 -   7.213e-04 =   1.771e-06] | Step Loss (=Cap/k_fit): [  0.061] | Gains(P,I,D): [4.50e-01, 2.00e-03, 1.00e-01] | PID_Out(P+I+D): [ 0.0274 +  0.0089 +  0.0076 =    +0.0440] @ 2026-02-16 18:53:30.934288 @ Step [4.7332e+00/4.7500e+00]
Cap(theor-act): [  7.231e-04 -   7.236e-04 =  -5.453e-07] | Step Loss (=Cap/k_fit): [ -0.019] | Gains(P,I,D): [4.50e-01, 2.00e-03, 1.00e-01] | PID_Out(P+I+D): [-0.0084 +  0.0089 + -0.0159 =    -0.0155] @ 2026-02-16 18:53:31.609583 @ Step [4.7178e+00/4.7500e+00]
Cap(theor-act): [  7.249e-04 -   7.223e-04 =   2.581e-06] | Step Loss (=Cap/k_fit): [  0.089] | Gains(P,I,D): [4.50e-01, 2.00e-03, 1.00e-01] | PID_Out(P+I+D): [ 0.0399 +  0.0090 +  0.0215 =    +0.0704] @ 2026-02-16 18:53:32.308207 @ Step [4.7882e+00/4.8125e+00]
Cap(theor-act): [  7.249e-04 -   7.270e-04 =  -2.152e-06] | Step Loss (=Cap/k_fit): [ -0.074] | Gains(P,I,D): [4.50e-01, 2.00e-03, 1.00e-01] | PID_Out(P+I+D): [-0.0333 +  0.0089 + -0.0326 =    -0.0570] @ 2026-02-16 18:53:32.983886 @ Step [4.7312e+00/4.8125e+00]
Cap(theor-act): [  7.267e-04 -   7.245e-04 =   2.182e-06] | Step Loss (=Cap/k_fit): [  0.075] | Gains(P,I,D): [4.50e-01, 2.00e-03, 1.00e-01] | PID_Out(P+I+D): [ 0.0338 +  0.0090 +  0.0298 =    +0.0726] @ 2026-02-16 18:53:33.670797 @ Step [4.8038e+00/4.8750e+00]
Cap(theor-act): [  7.267e-04 -   7.277e-04 =  -1.040e-06] | Step Loss (=Cap/k_fit): [ -0.036] | Gains(P,I,D): [4.50e-01, 2.00e-03, 1.00e-01] | PID_Out(P+I+D): [-0.0161 +  0.0090 + -0.0222 =    -0.0293] @ 2026-02-16 18:53:34.365188 @ Step [4.7745e+00/4.8750e+00]
Cap(theor-act): [  7.285e-04 -   7.266e-04 =   1.884e-06] | Step Loss (=Cap/k_fit): [  0.065] | Gains(P,I,D): [4.50e-01, 2.00e-03, 1.00e-01] | PID_Out(P+I+D): [ 0.0292 +  0.0090 +  0.0201 =    +0.0583] @ 2026-02-16 18:53:35.055062 @ Step [4.8328e+00/4.9375e+00]
Cap(theor-act): [  7.285e-04 -   7.294e-04 =  -9.366e-07] | Step Loss (=Cap/k_fit): [ -0.032] | Gains(P,I,D): [4.50e-01, 2.00e-03, 1.00e-01] | PID_Out(P+I+D): [-0.0145 +  0.0090 + -0.0194 =    -0.0249] @ 2026-02-16 18:53:35.752005 @ Step [4.8079e+00/4.9375e+00]
Cap(theor-act): [  7.303e-04 -   7.274e-04 =   2.894e-06] | Step Loss (=Cap/k_fit): [  0.100] | Gains(P,I,D): [4.50e-01, 2.00e-03, 1.00e-01] | PID_Out(P+I+D): [ 0.0448 +  0.0091 +  0.0264 =    +0.0802] @ 2026-02-16 18:53:36.449179 @ Step [4.8881e+00/5.0000e+00]
Cap(theor-act): [  7.303e-04 -   7.294e-04 =   8.803e-07] | Step Loss (=Cap/k_fit): [  0.030] | Gains(P,I,D): [4.50e-01, 2.00e-03, 1.00e-01] | PID_Out(P+I+D): [ 0.0136 +  0.0091 + -0.0139 =    +0.0089] @ 2026-02-16 18:53:37.144115 @ Step [4.8970e+00/5.0000e+00]
Cap(theor-act): [  7.321e-04 -   7.302e-04 =   1.892e-06] | Step Loss (=Cap/k_fit): [  0.065] | Gains(P,I,D): [4.50e-01, 2.00e-03, 1.00e-01] | PID_Out(P+I+D): [ 0.0293 +  0.0092 +  0.0070 =    +0.0454] @ 2026-02-16 18:53:37.837934 @ Step [4.9425e+00/5.0625e+00]
Cap(theor-act): [  7.321e-04 -   7.316e-04 =   5.822e-07] | Step Loss (=Cap/k_fit): [  0.020] | Gains(P,I,D): [4.50e-01, 2.00e-03, 1.00e-01] | PID_Out(P+I+D): [ 0.0090 +  0.0092 + -0.0090 =    +0.0092] @ 2026-02-16 18:53:38.513820 @ Step [4.9517e+00/5.0625e+00]
Cap(theor-act): [  7.340e-04 -   7.321e-04 =   1.896e-06] | Step Loss (=Cap/k_fit): [  0.065] | Gains(P,I,D): [4.50e-01, 2.00e-03, 1.00e-01] | PID_Out(P+I+D): [ 0.0294 +  0.0093 +  0.0090 =    +0.0477] @ 2026-02-16 18:53:39.196812 @ Step [4.9993e+00/5.1250e+00]
Cap(theor-act): [  7.340e-04 -   7.329e-04 =   1.090e-06] | Step Loss (=Cap/k_fit): [  0.037] | Gains(P,I,D): [4.50e-01, 2.00e-03, 1.00e-01] | PID_Out(P+I+D): [ 0.0169 +  0.0093 + -0.0055 =    +0.0206] @ 2026-02-16 18:53:39.886884 @ Step [5.0200e+00/5.1250e+00]
Cap(theor-act): [  7.358e-04 -   7.320e-04 =   3.814e-06] | Step Loss (=Cap/k_fit): [  0.131] | Gains(P,I,D): [4.50e-01, 2.00e-03, 1.00e-01] | PID_Out(P+I+D): [ 0.0590 +  0.0094 +  0.0187 =    +0.0872] @ 2026-02-16 18:53:40.573180 @ Step [5.1072e+00/5.1875e+00]
Cap(theor-act): [  7.358e-04 -   7.330e-04 =   2.806e-06] | Step Loss (=Cap/k_fit): [  0.097] | Gains(P,I,D): [4.50e-01, 2.00e-03, 1.00e-01] | PID_Out(P+I+D): [ 0.0434 +  0.0095 + -0.0069 =    +0.0460] @ 2026-02-16 18:53:41.245650 @ Step [5.1532e+00/5.1875e+00]
Cap(theor-act): [  7.376e-04 -   7.340e-04 =   3.617e-06] | Step Loss (=Cap/k_fit): [  0.124] | Gains(P,I,D): [4.50e-01, 2.00e-03, 1.00e-01] | PID_Out(P+I+D): [ 0.0560 +  0.0097 +  0.0056 =    +0.0712] @ 2026-02-16 18:53:41.938018 @ Step [5.2245e+00/5.2500e+00]
Cap(theor-act): [  7.376e-04 -   7.356e-04 =   2.005e-06] | Step Loss (=Cap/k_fit): [  0.069] | Gains(P,I,D): [4.50e-01, 2.00e-03, 1.00e-01] | PID_Out(P+I+D): [ 0.0310 +  0.0097 + -0.0111 =    +0.0297] @ 2026-02-16 18:53:42.613991 @ Step [5.2541e+00/5.2500e+00]
Cap(theor-act): [  7.394e-04 -   7.361e-04 =   3.319e-06] | Step Loss (=Cap/k_fit): [  0.114] | Gains(P,I,D): [4.50e-01, 2.00e-03, 1.00e-01] | PID_Out(P+I+D): [ 0.0514 +  0.0098 +  0.0090 =    +0.0703] @ 2026-02-16 18:53:43.307084 @ Step [5.3244e+00/5.3125e+00]
Cap(theor-act): [  7.394e-04 -   7.388e-04 =   5.998e-07] | Step Loss (=Cap/k_fit): [  0.021] | Gains(P,I,D): [4.50e-01, 2.00e-03, 1.00e-01] | PID_Out(P+I+D): [ 0.0093 +  0.0099 + -0.0187 =    +0.0004] @ 2026-02-16 18:53:43.984232 @ Step [5.3248e+00/5.3125e+00]
Cap(theor-act): [  7.412e-04 -   7.384e-04 =   2.819e-06] | Step Loss (=Cap/k_fit): [  0.097] | Gains(P,I,D): [4.50e-01, 2.00e-03, 1.00e-01] | PID_Out(P+I+D): [ 0.0436 +  0.0100 +  0.0153 =    +0.0689] @ 2026-02-16 18:53:44.690684 @ Step [5.3937e+00/5.3750e+00]
Cap(theor-act): [  7.412e-04 -   7.406e-04 =   6.037e-07] | Step Loss (=Cap/k_fit): [  0.021] | Gains(P,I,D): [4.50e-01, 2.00e-03, 1.00e-01] | PID_Out(P+I+D): [ 0.0093 +  0.0100 + -0.0152 =    +0.0041] @ 2026-02-16 18:53:45.364119 @ Step [5.3978e+00/5.3750e+00]
Cap(theor-act): [  7.430e-04 -   7.410e-04 =   2.018e-06] | Step Loss (=Cap/k_fit): [  0.069] | Gains(P,I,D): [4.50e-01, 2.00e-03, 1.00e-01] | PID_Out(P+I+D): [ 0.0312 +  0.0101 +  0.0097 =    +0.0510] @ 2026-02-16 18:53:46.059207 @ Step [5.4488e+00/5.4375e+00]
Cap(theor-act): [  7.430e-04 -   7.410e-04 =   2.018e-06] | Step Loss (=Cap/k_fit): [  0.069] | Gains(P,I,D): [4.50e-01, 2.00e-03, 1.00e-01] | PID_Out(P+I+D): [ 0.0312 +  0.0101 +  0.0000 =    +0.0414] @ 2026-02-16 18:53:46.738449 @ Step [5.4901e+00/5.4375e+00]
Cap(theor-act): [  7.449e-04 -   7.426e-04 =   2.222e-06] | Step Loss (=Cap/k_fit): [  0.076] | Gains(P,I,D): [4.50e-01, 2.00e-03, 1.00e-01] | PID_Out(P+I+D): [ 0.0344 +  0.0102 +  0.0014 =    +0.0460] @ 2026-02-16 18:53:47.421909 @ Step [5.5361e+00/5.5000e+00]
Cap(theor-act): [  7.449e-04 -   7.428e-04 =   2.021e-06] | Step Loss (=Cap/k_fit): [  0.070] | Gains(P,I,D): [4.50e-01, 2.00e-03, 1.00e-01] | PID_Out(P+I+D): [ 0.0313 +  0.0103 + -0.0014 =    +0.0402] @ 2026-02-16 18:53:48.092261 @ Step [5.5763e+00/5.5000e+00]
Cap(theor-act): [  7.467e-04 -   7.435e-04 =   3.133e-06] | Step Loss (=Cap/k_fit): [  0.108] | Gains(P,I,D): [4.50e-01, 2.00e-03, 1.00e-01] | PID_Out(P+I+D): [ 0.0485 +  0.0104 +  0.0076 =    +0.0665] @ 2026-02-16 18:53:48.780422 @ Step [5.6428e+00/5.5625e+00]
Cap(theor-act): [  7.467e-04 -   7.451e-04 =   1.623e-06] | Step Loss (=Cap/k_fit): [  0.056] | Gains(P,I,D): [4.50e-01, 2.00e-03, 1.00e-01] | PID_Out(P+I+D): [ 0.0251 +  0.0104 + -0.0104 =    +0.0252] @ 2026-02-16 18:53:49.469226 @ Step [5.6680e+00/5.5625e+00]
Cap(theor-act): [  7.485e-04 -   7.475e-04 =   1.022e-06] | Step Loss (=Cap/k_fit): [  0.035] | Gains(P,I,D): [4.50e-01, 2.00e-03, 1.00e-01] | PID_Out(P+I+D): [ 0.0158 +  0.0105 + -0.0041 =    +0.0222] @ 2026-02-16 18:53:50.153237 @ Step [5.6902e+00/5.6250e+00]
Cap(theor-act): [  7.485e-04 -   7.475e-04 =   1.022e-06] | Step Loss (=Cap/k_fit): [  0.035] | Gains(P,I,D): [4.50e-01, 2.00e-03, 1.00e-01] | PID_Out(P+I+D): [ 0.0158 +  0.0105 +  0.0000 =    +0.0263] @ 2026-02-16 18:53:50.826396 @ Step [5.7165e+00/5.6250e+00]
Cap(theor-act): [  7.503e-04 -   7.491e-04 =   1.228e-06] | Step Loss (=Cap/k_fit): [  0.042] | Gains(P,I,D): [4.50e-01, 2.00e-03, 1.00e-01] | PID_Out(P+I+D): [ 0.0190 +  0.0105 +  0.0014 =    +0.0310] @ 2026-02-16 18:53:51.530875 @ Step [5.7475e+00/5.6875e+00]
Cap(theor-act): [  7.503e-04 -   7.515e-04 =  -1.189e-06] | Step Loss (=Cap/k_fit): [ -0.041] | Gains(P,I,D): [4.50e-01, 2.00e-03, 1.00e-01] | PID_Out(P+I+D): [-0.0184 +  0.0105 + -0.0166 =    -0.0245] @ 2026-02-16 18:53:52.211194 @ Step [5.7229e+00/5.6875e+00]
Cap(theor-act): [  7.521e-04 -   7.500e-04 =   2.139e-06] | Step Loss (=Cap/k_fit): [  0.074] | Gains(P,I,D): [4.50e-01, 2.00e-03, 1.00e-01] | PID_Out(P+I+D): [ 0.0331 +  0.0106 +  0.0229 =    +0.0666] @ 2026-02-16 18:53:52.904569 @ Step [5.7895e+00/5.7500e+00]
Cap(theor-act): [  7.521e-04 -   7.546e-04 =  -2.494e-06] | Step Loss (=Cap/k_fit): [ -0.086] | Gains(P,I,D): [4.50e-01, 2.00e-03, 1.00e-01] | PID_Out(P+I+D): [-0.0386 +  0.0105 + -0.0319 =    -0.0600] @ 2026-02-16 18:53:53.595047 @ Step [5.7295e+00/5.7500e+00]
Cap(theor-act): [  7.539e-04 -   7.502e-04 =   3.754e-06] | Step Loss (=Cap/k_fit): [  0.129] | Gains(P,I,D): [4.50e-01, 2.00e-03, 1.00e-01] | PID_Out(P+I+D): [ 0.0581 +  0.0106 +  0.0430 =    +0.1117] @ 2026-02-16 18:53:54.286847 @ Step [5.8412e+00/5.8125e+00]
Cap(theor-act): [  7.539e-04 -   7.571e-04 =  -3.195e-06] | Step Loss (=Cap/k_fit): [ -0.110] | Gains(P,I,D): [4.50e-01, 2.00e-03, 1.00e-01] | PID_Out(P+I+D): [-0.0495 +  0.0105 + -0.0478 =    -0.0868] @ 2026-02-16 18:53:54.969422 @ Step [5.7545e+00/5.8125e+00]
Cap(theor-act): [  7.558e-04 -   7.516e-04 =   4.161e-06] | Step Loss (=Cap/k_fit): [  0.143] | Gains(P,I,D): [4.50e-01, 2.00e-03, 1.00e-01] | PID_Out(P+I+D): [ 0.0644 +  0.0107 +  0.0506 =    +0.1257] @ 2026-02-16 18:53:55.658428 @ Step [5.8801e+00/5.8750e+00]
Cap(theor-act): [  7.558e-04 -   7.586e-04 =  -2.888e-06] | Step Loss (=Cap/k_fit): [ -0.099] | Gains(P,I,D): [4.50e-01, 2.00e-03, 1.00e-01] | PID_Out(P+I+D): [-0.0447 +  0.0106 + -0.0485 =    -0.0827] @ 2026-02-16 18:53:56.338364 @ Step [5.7975e+00/5.8750e+00]
Cap(theor-act): [  7.576e-04 -   7.548e-04 =   2.755e-06] | Step Loss (=Cap/k_fit): [  0.095] | Gains(P,I,D): [4.50e-01, 2.00e-03, 1.00e-01] | PID_Out(P+I+D): [ 0.0426 +  0.0106 +  0.0388 =    +0.0921] @ 2026-02-16 18:53:57.027824 @ Step [5.8896e+00/5.9375e+00]
Cap(theor-act): [  7.576e-04 -   7.585e-04 =  -9.712e-07] | Step Loss (=Cap/k_fit): [ -0.033] | Gains(P,I,D): [4.50e-01, 2.00e-03, 1.00e-01] | PID_Out(P+I+D): [-0.0150 +  0.0106 + -0.0256 =    -0.0301] @ 2026-02-16 18:53:57.714978 @ Step [5.8595e+00/5.9375e+00]
Cap(theor-act): [  7.594e-04 -   7.578e-04 =   1.551e-06] | Step Loss (=Cap/k_fit): [  0.053] | Gains(P,I,D): [4.50e-01, 2.00e-03, 1.00e-01] | PID_Out(P+I+D): [ 0.0240 +  0.0107 +  0.0174 =    +0.0520] @ 2026-02-16 18:53:58.410180 @ Step [5.9116e+00/6.0000e+00]
Cap(theor-act): [  7.594e-04 -   7.593e-04 =   1.407e-07] | Step Loss (=Cap/k_fit): [  0.005] | Gains(P,I,D): [4.50e-01, 2.00e-03, 1.00e-01] | PID_Out(P+I+D): [ 0.0022 +  0.0107 + -0.0097 =    +0.0031] @ 2026-02-16 18:53:59.088716 @ Step [5.9147e+00/6.0000e+00]
Cap(theor-act): [  7.612e-04 -   7.585e-04 =   2.663e-06] | Step Loss (=Cap/k_fit): [  0.092] | Gains(P,I,D): [4.50e-01, 2.00e-03, 1.00e-01] | PID_Out(P+I+D): [ 0.0412 +  0.0108 +  0.0174 =    +0.0693] @ 2026-02-16 18:53:59.804804 @ Step [5.9840e+00/6.0625e+00]
Cap(theor-act): [  7.612e-04 -   7.598e-04 =   1.455e-06] | Step Loss (=Cap/k_fit): [  0.050] | Gains(P,I,D): [4.50e-01, 2.00e-03, 1.00e-01] | PID_Out(P+I+D): [ 0.0225 +  0.0108 + -0.0083 =    +0.0250] @ 2026-02-16 18:54:00.485692 @ Step [6.0091e+00/6.0625e+00]
Cap(theor-act): [  7.630e-04 -   7.602e-04 =   2.868e-06] | Step Loss (=Cap/k_fit): [  0.099] | Gains(P,I,D): [4.50e-01, 2.00e-03, 1.00e-01] | PID_Out(P+I+D): [ 0.0444 +  0.0109 +  0.0097 =    +0.0650] @ 2026-02-16 18:54:01.176703 @ Step [6.0741e+00/6.1250e+00]
Cap(theor-act): [  7.630e-04 -   7.600e-04 =   3.069e-06] | Step Loss (=Cap/k_fit): [  0.106] | Gains(P,I,D): [4.50e-01, 2.00e-03, 1.00e-01] | PID_Out(P+I+D): [ 0.0475 +  0.0110 +  0.0014 =    +0.0599] @ 2026-02-16 18:54:01.859101 @ Step [6.1340e+00/6.1250e+00]
Cap(theor-act): [  7.648e-04 -   7.612e-04 =   3.678e-06] | Step Loss (=Cap/k_fit): [  0.127] | Gains(P,I,D): [4.50e-01, 2.00e-03, 1.00e-01] | PID_Out(P+I+D): [ 0.0569 +  0.0111 +  0.0042 =    +0.0723] @ 2026-02-16 18:54:02.545224 @ Step [6.2063e+00/6.1875e+00]
Cap(theor-act): [  7.648e-04 -   7.632e-04 =   1.663e-06] | Step Loss (=Cap/k_fit): [  0.057] | Gains(P,I,D): [4.50e-01, 2.00e-03, 1.00e-01] | PID_Out(P+I+D): [ 0.0257 +  0.0112 + -0.0139 =    +0.0231] @ 2026-02-16 18:54:03.221712 @ Step [6.2294e+00/6.1875e+00]
Cap(theor-act): [  7.667e-04 -   7.635e-04 =   3.179e-06] | Step Loss (=Cap/k_fit): [  0.109] | Gains(P,I,D): [4.50e-01, 2.00e-03, 1.00e-01] | PID_Out(P+I+D): [ 0.0492 +  0.0113 +  0.0104 =    +0.0710] @ 2026-02-16 18:54:03.915672 @ Step [6.3003e+00/6.2500e+00]
Cap(theor-act): [  7.667e-04 -   7.674e-04 =  -7.488e-07] | Step Loss (=Cap/k_fit): [ -0.026] | Gains(P,I,D): [4.50e-01, 2.00e-03, 1.00e-01] | PID_Out(P+I+D): [-0.0116 +  0.0113 + -0.0270 =    -0.0273] @ 2026-02-16 18:54:04.605192 @ Step [6.2730e+00/6.2500e+00]
Cap(theor-act): [  7.685e-04 -   7.659e-04 =   2.578e-06] | Step Loss (=Cap/k_fit): [  0.089] | Gains(P,I,D): [4.50e-01, 2.00e-03, 1.00e-01] | PID_Out(P+I+D): [ 0.0399 +  0.0114 +  0.0229 =    +0.0742] @ 2026-02-16 18:54:05.297690 @ Step [6.3472e+00/6.3125e+00]
Cap(theor-act): [  7.685e-04 -   7.693e-04 =  -8.459e-07] | Step Loss (=Cap/k_fit): [ -0.029] | Gains(P,I,D): [4.50e-01, 2.00e-03, 1.00e-01] | PID_Out(P+I+D): [-0.0131 +  0.0113 + -0.0236 =    -0.0253] @ 2026-02-16 18:54:05.979863 @ Step [6.3219e+00/6.3125e+00]
Cap(theor-act): [  7.703e-04 -   7.690e-04 =   1.274e-06] | Step Loss (=Cap/k_fit): [  0.044] | Gains(P,I,D): [4.50e-01, 2.00e-03, 1.00e-01] | PID_Out(P+I+D): [ 0.0197 +  0.0114 +  0.0146 =    +0.0457] @ 2026-02-16 18:54:06.676452 @ Step [6.3676e+00/6.3750e+00]
Cap(theor-act): [  7.703e-04 -   7.707e-04 =  -4.390e-07] | Step Loss (=Cap/k_fit): [ -0.015] | Gains(P,I,D): [4.50e-01, 2.00e-03, 1.00e-01] | PID_Out(P+I+D): [-0.0068 +  0.0114 + -0.0118 =    -0.0072] @ 2026-02-16 18:54:07.363116 @ Step [6.3604e+00/6.3750e+00]
Cap(theor-act): [  7.721e-04 -   7.708e-04 =   1.278e-06] | Step Loss (=Cap/k_fit): [  0.044] | Gains(P,I,D): [4.50e-01, 2.00e-03, 1.00e-01] | PID_Out(P+I+D): [ 0.0198 +  0.0114 +  0.0118 =    +0.0430] @ 2026-02-16 18:54:08.052903 @ Step [6.4034e+00/6.4375e+00]
Cap(theor-act): [  7.721e-04 -   7.721e-04 =  -3.207e-08] | Step Loss (=Cap/k_fit): [ -0.001] | Gains(P,I,D): [4.50e-01, 2.00e-03, 1.00e-01] | PID_Out(P+I+D): [-0.0005 +  0.0114 + -0.0090 =    +0.0019] @ 2026-02-16 18:54:08.732324 @ Step [6.4053e+00/6.4375e+00]
Cap(theor-act): [  7.739e-04 -   7.724e-04 =   1.483e-06] | Step Loss (=Cap/k_fit): [  0.051] | Gains(P,I,D): [4.50e-01, 2.00e-03, 1.00e-01] | PID_Out(P+I+D): [ 0.0230 +  0.0115 +  0.0104 =    +0.0448] @ 2026-02-16 18:54:09.413480 @ Step [6.4501e+00/6.5000e+00]
Cap(theor-act): [  7.739e-04 -   7.748e-04 =  -8.332e-07] | Step Loss (=Cap/k_fit): [ -0.029] | Gains(P,I,D): [4.50e-01, 2.00e-03, 1.00e-01] | PID_Out(P+I+D): [-0.0129 +  0.0114 + -0.0159 =    -0.0174] @ 2026-02-16 18:54:10.098159 @ Step [6.4327e+00/6.5000e+00]
Cap(theor-act): [  7.757e-04 -   7.738e-04 =   1.991e-06] | Step Loss (=Cap/k_fit): [  0.068] | Gains(P,I,D): [4.50e-01, 2.00e-03, 1.00e-01] | PID_Out(P+I+D): [ 0.0308 +  0.0115 +  0.0194 =    +0.0618] @ 2026-02-16 18:54:10.796658 @ Step [6.4945e+00/6.5625e+00]
Cap(theor-act): [  7.757e-04 -   7.742e-04 =   1.588e-06] | Step Loss (=Cap/k_fit): [  0.055] | Gains(P,I,D): [4.50e-01, 2.00e-03, 1.00e-01] | PID_Out(P+I+D): [ 0.0246 +  0.0116 + -0.0028 =    +0.0334] @ 2026-02-16 18:54:11.473050 @ Step [6.5278e+00/6.5625e+00]
Cap(theor-act): [  7.776e-04 -   7.741e-04 =   3.506e-06] | Step Loss (=Cap/k_fit): [  0.121] | Gains(P,I,D): [4.50e-01, 2.00e-03, 1.00e-01] | PID_Out(P+I+D): [ 0.0543 +  0.0117 +  0.0132 =    +0.0791] @ 2026-02-16 18:54:12.168371 @ Step [6.6070e+00/6.6250e+00]
Cap(theor-act): [  7.776e-04 -   7.774e-04 =   1.826e-07] | Step Loss (=Cap/k_fit): [  0.006] | Gains(P,I,D): [4.50e-01, 2.00e-03, 1.00e-01] | PID_Out(P+I+D): [ 0.0028 +  0.0117 + -0.0229 =    -0.0083] @ 2026-02-16 18:54:12.856283 @ Step [6.5986e+00/6.6250e+00]
Cap(theor-act): [  7.794e-04 -   7.774e-04 =   2.000e-06] | Step Loss (=Cap/k_fit): [  0.069] | Gains(P,I,D): [4.50e-01, 2.00e-03, 1.00e-01] | PID_Out(P+I+D): [ 0.0310 +  0.0118 +  0.0125 =    +0.0552] @ 2026-02-16 18:54:13.552018 @ Step [6.6538e+00/6.6875e+00]
Cap(theor-act): [  7.794e-04 -   7.794e-04 =  -1.548e-08] | Step Loss (=Cap/k_fit): [ -0.001] | Gains(P,I,D): [4.50e-01, 2.00e-03, 1.00e-01] | PID_Out(P+I+D): [-0.0002 +  0.0118 + -0.0139 =    -0.0023] @ 2026-02-16 18:54:14.238856 @ Step [6.6515e+00/6.6875e+00]
Cap(theor-act): [  7.812e-04 -   7.784e-04 =   2.808e-06] | Step Loss (=Cap/k_fit): [  0.097] | Gains(P,I,D): [4.50e-01, 2.00e-03, 1.00e-01] | PID_Out(P+I+D): [ 0.0435 +  0.0119 +  0.0194 =    +0.0748] @ 2026-02-16 18:54:14.929834 @ Step [6.7262e+00/6.7500e+00]
Cap(theor-act): [  7.812e-04 -   7.828e-04 =  -1.623e-06] | Step Loss (=Cap/k_fit): [ -0.056] | Gains(P,I,D): [4.50e-01, 2.00e-03, 1.00e-01] | PID_Out(P+I+D): [-0.0251 +  0.0118 + -0.0305 =    -0.0438] @ 2026-02-16 18:54:15.606398 @ Step [6.6824e+00/6.7500e+00]
Cap(theor-act): [  7.830e-04 -   7.798e-04 =   3.215e-06] | Step Loss (=Cap/k_fit): [  0.111] | Gains(P,I,D): [4.50e-01, 2.00e-03, 1.00e-01] | PID_Out(P+I+D): [ 0.0498 +  0.0119 +  0.0333 =    +0.0950] @ 2026-02-16 18:54:16.302767 @ Step [6.7774e+00/6.8125e+00]
Cap(theor-act): [  7.830e-04 -   7.853e-04 =  -2.324e-06] | Step Loss (=Cap/k_fit): [ -0.080] | Gains(P,I,D): [4.50e-01, 2.00e-03, 1.00e-01] | PID_Out(P+I+D): [-0.0360 +  0.0118 + -0.0381 =    -0.0622] @ 2026-02-16 18:54:16.990939 @ Step [6.7152e+00/6.8125e+00]
Cap(theor-act): [  7.848e-04 -   7.819e-04 =   2.918e-06] | Step Loss (=Cap/k_fit): [  0.100] | Gains(P,I,D): [4.50e-01, 2.00e-03, 1.00e-01] | PID_Out(P+I+D): [ 0.0452 +  0.0119 +  0.0361 =    +0.0932] @ 2026-02-16 18:54:17.678275 @ Step [6.8083e+00/6.8750e+00]
Cap(theor-act): [  7.848e-04 -   7.867e-04 =  -1.917e-06] | Step Loss (=Cap/k_fit): [ -0.066] | Gains(P,I,D): [4.50e-01, 2.00e-03, 1.00e-01] | PID_Out(P+I+D): [-0.0297 +  0.0119 + -0.0333 =    -0.0511] @ 2026-02-16 18:54:18.361035 @ Step [6.7572e+00/6.8750e+00]
Cap(theor-act): [  7.866e-04 -   7.837e-04 =   2.922e-06] | Step Loss (=Cap/k_fit): [  0.101] | Gains(P,I,D): [4.50e-01, 2.00e-03, 1.00e-01] | PID_Out(P+I+D): [ 0.0452 +  0.0120 +  0.0333 =    +0.0905] @ 2026-02-16 18:54:19.066128 @ Step [6.8477e+00/6.9375e+00]
Cap(theor-act): [  7.866e-04 -   7.883e-04 =  -1.610e-06] | Step Loss (=Cap/k_fit): [ -0.055] | Gains(P,I,D): [4.50e-01, 2.00e-03, 1.00e-01] | PID_Out(P+I+D): [-0.0249 +  0.0119 + -0.0312 =    -0.0442] @ 2026-02-16 18:54:19.752831 @ Step [6.8035e+00/6.9375e+00]
Cap(theor-act): [  7.885e-04 -   7.859e-04 =   2.523e-06] | Step Loss (=Cap/k_fit): [  0.087] | Gains(P,I,D): [4.50e-01, 2.00e-03, 1.00e-01] | PID_Out(P+I+D): [ 0.0391 +  0.0120 +  0.0284 =    +0.0795] @ 2026-02-16 18:54:20.465375 @ Step [6.8830e+00/7.0000e+00]
Cap(theor-act): [  7.885e-04 -   7.890e-04 =  -4.980e-07] | Step Loss (=Cap/k_fit): [ -0.017] | Gains(P,I,D): [4.50e-01, 2.00e-03, 1.00e-01] | PID_Out(P+I+D): [-0.0077 +  0.0120 + -0.0208 =    -0.0165] @ 2026-02-16 18:54:21.145496 @ Step [6.8665e+00/7.0000e+00]
Cap(theor-act): [  7.903e-04 -   7.890e-04 =   1.319e-06] | Step Loss (=Cap/k_fit): [  0.045] | Gains(P,I,D): [4.50e-01, 2.00e-03, 1.00e-01] | PID_Out(P+I+D): [ 0.0204 +  0.0120 +  0.0125 =    +0.0449] @ 2026-02-16 18:54:21.839986 @ Step [6.9114e+00/7.0625e+00]
Cap(theor-act): [  7.903e-04 -   7.900e-04 =   3.119e-07] | Step Loss (=Cap/k_fit): [  0.011] | Gains(P,I,D): [4.50e-01, 2.00e-03, 1.00e-01] | PID_Out(P+I+D): [ 0.0048 +  0.0120 + -0.0069 =    +0.0099] @ 2026-02-16 18:54:22.521223 @ Step [6.9214e+00/7.0625e+00]
Cap(theor-act): [  7.921e-04 -   7.903e-04 =   1.827e-06] | Step Loss (=Cap/k_fit): [  0.063] | Gains(P,I,D): [4.50e-01, 2.00e-03, 1.00e-01] | PID_Out(P+I+D): [ 0.0283 +  0.0121 +  0.0104 =    +0.0508] @ 2026-02-16 18:54:23.215987 @ Step [6.9722e+00/7.1250e+00]
Cap(theor-act): [  7.921e-04 -   7.907e-04 =   1.424e-06] | Step Loss (=Cap/k_fit): [  0.049] | Gains(P,I,D): [4.50e-01, 2.00e-03, 1.00e-01] | PID_Out(P+I+D): [ 0.0220 +  0.0121 + -0.0028 =    +0.0314] @ 2026-02-16 18:54:23.891031 @ Step [7.0036e+00/7.1250e+00]
Cap(theor-act): [  7.939e-04 -   7.912e-04 =   2.737e-06] | Step Loss (=Cap/k_fit): [  0.094] | Gains(P,I,D): [4.50e-01, 2.00e-03, 1.00e-01] | PID_Out(P+I+D): [ 0.0424 +  0.0122 +  0.0090 =    +0.0636] @ 2026-02-16 18:54:24.610083 @ Step [7.0672e+00/7.1875e+00]
Cap(theor-act): [  7.939e-04 -   7.909e-04 =   3.039e-06] | Step Loss (=Cap/k_fit): [  0.105] | Gains(P,I,D): [4.50e-01, 2.00e-03, 1.00e-01] | PID_Out(P+I+D): [ 0.0470 +  0.0123 +  0.0021 =    +0.0615] @ 2026-02-16 18:54:25.297074 @ Step [7.1287e+00/7.1875e+00]
Cap(theor-act): [  7.957e-04 -   7.916e-04 =   4.151e-06] | Step Loss (=Cap/k_fit): [  0.143] | Gains(P,I,D): [4.50e-01, 2.00e-03, 1.00e-01] | PID_Out(P+I+D): [ 0.0642 +  0.0125 +  0.0076 =    +0.0844] @ 2026-02-16 18:54:25.994231 @ Step [7.2131e+00/7.2500e+00]
Cap(theor-act): [  7.957e-04 -   7.937e-04 =   2.037e-06] | Step Loss (=Cap/k_fit): [  0.070] | Gains(P,I,D): [4.50e-01, 2.00e-03, 1.00e-01] | PID_Out(P+I+D): [ 0.0315 +  0.0126 + -0.0145 =    +0.0295] @ 2026-02-16 18:54:26.673782 @ Step [7.2426e+00/7.2500e+00]
Cap(theor-act): [  7.975e-04 -   7.954e-04 =   2.140e-06] | Step Loss (=Cap/k_fit): [  0.074] | Gains(P,I,D): [4.50e-01, 2.00e-03, 1.00e-01] | PID_Out(P+I+D): [ 0.0331 +  0.0126 +  0.0007 =    +0.0465] @ 2026-02-16 18:54:27.368090 @ Step [7.2891e+00/7.3125e+00]
Cap(theor-act): [  7.975e-04 -   7.980e-04 =  -4.775e-07] | Step Loss (=Cap/k_fit): [ -0.016] | Gains(P,I,D): [4.50e-01, 2.00e-03, 1.00e-01] | PID_Out(P+I+D): [-0.0074 +  0.0126 + -0.0180 =    -0.0128] @ 2026-02-16 18:54:28.057158 @ Step [7.2763e+00/7.3125e+00]
Cap(theor-act): [  7.994e-04 -   7.965e-04 =   2.850e-06] | Step Loss (=Cap/k_fit): [  0.098] | Gains(P,I,D): [4.50e-01, 2.00e-03, 1.00e-01] | PID_Out(P+I+D): [ 0.0441 +  0.0127 +  0.0229 =    +0.0797] @ 2026-02-16 18:54:28.742775 @ Step [7.3560e+00/7.3750e+00]
Cap(theor-act): [  7.994e-04 -   8.004e-04 =  -1.078e-06] | Step Loss (=Cap/k_fit): [ -0.037] | Gains(P,I,D): [4.50e-01, 2.00e-03, 1.00e-01] | PID_Out(P+I+D): [-0.0167 +  0.0127 + -0.0270 =    -0.0310] @ 2026-02-16 18:54:29.423270 @ Step [7.3250e+00/7.3750e+00]
Cap(theor-act): [  8.012e-04 -   7.992e-04 =   1.947e-06] | Step Loss (=Cap/k_fit): [  0.067] | Gains(P,I,D): [4.50e-01, 2.00e-03, 1.00e-01] | PID_Out(P+I+D): [ 0.0301 +  0.0127 +  0.0208 =    +0.0637] @ 2026-02-16 18:54:30.121068 @ Step [7.3887e+00/7.4375e+00]
Cap(theor-act): [  8.012e-04 -   8.010e-04 =   1.353e-07] | Step Loss (=Cap/k_fit): [  0.005] | Gains(P,I,D): [4.50e-01, 2.00e-03, 1.00e-01] | PID_Out(P+I+D): [ 0.0021 +  0.0127 + -0.0125 =    +0.0024] @ 2026-02-16 18:54:30.804886 @ Step [7.3911e+00/7.4375e+00]
Cap(theor-act): [  8.030e-04 -   8.007e-04 =   2.254e-06] | Step Loss (=Cap/k_fit): [  0.078] | Gains(P,I,D): [4.50e-01, 2.00e-03, 1.00e-01] | PID_Out(P+I+D): [ 0.0349 +  0.0128 +  0.0146 =    +0.0623] @ 2026-02-16 18:54:31.488479 @ Step [7.4534e+00/7.5000e+00]
Cap(theor-act): [  8.030e-04 -   8.026e-04 =   4.412e-07] | Step Loss (=Cap/k_fit): [  0.015] | Gains(P,I,D): [4.50e-01, 2.00e-03, 1.00e-01] | PID_Out(P+I+D): [ 0.0068 +  0.0128 + -0.0125 =    +0.0072] @ 2026-02-16 18:54:32.164379 @ Step [7.4606e+00/7.5000e+00]
Cap(theor-act): [  8.048e-04 -   8.040e-04 =   8.481e-07] | Step Loss (=Cap/k_fit): [  0.029] | Gains(P,I,D): [4.50e-01, 2.00e-03, 1.00e-01] | PID_Out(P+I+D): [ 0.0131 +  0.0129 +  0.0028 =    +0.0288] @ 2026-02-16 18:54:32.861776 @ Step [7.4893e+00/7.5625e+00]
Cap(theor-act): [  8.048e-04 -   8.036e-04 =   1.251e-06] | Step Loss (=Cap/k_fit): [  0.043] | Gains(P,I,D): [4.50e-01, 2.00e-03, 1.00e-01] | PID_Out(P+I+D): [ 0.0194 +  0.0129 +  0.0028 =    +0.0350] @ 2026-02-16 18:54:33.550105 @ Step [7.5244e+00/7.5625e+00]
Cap(theor-act): [  8.066e-04 -   8.040e-04 =   2.665e-06] | Step Loss (=Cap/k_fit): [  0.092] | Gains(P,I,D): [4.50e-01, 2.00e-03, 1.00e-01] | PID_Out(P+I+D): [ 0.0413 +  0.0130 +  0.0097 =    +0.0640] @ 2026-02-16 18:54:34.244702 @ Step [7.5884e+00/7.6250e+00]
Cap(theor-act): [  8.066e-04 -   8.054e-04 =   1.255e-06] | Step Loss (=Cap/k_fit): [  0.043] | Gains(P,I,D): [4.50e-01, 2.00e-03, 1.00e-01] | PID_Out(P+I+D): [ 0.0194 +  0.0130 + -0.0097 =    +0.0228] @ 2026-02-16 18:54:34.944726 @ Step [7.6112e+00/7.6250e+00]
Cap(theor-act): [  8.085e-04 -   8.051e-04 =   3.374e-06] | Step Loss (=Cap/k_fit): [  0.116] | Gains(P,I,D): [4.50e-01, 2.00e-03, 1.00e-01] | PID_Out(P+I+D): [ 0.0522 +  0.0132 +  0.0146 =    +0.0800] @ 2026-02-16 18:54:35.666444 @ Step [7.6911e+00/7.6875e+00]
Cap(theor-act): [  8.085e-04 -   8.087e-04 =  -2.512e-07] | Step Loss (=Cap/k_fit): [ -0.009] | Gains(P,I,D): [4.50e-01, 2.00e-03, 1.00e-01] | PID_Out(P+I+D): [-0.0039 +  0.0132 + -0.0249 =    -0.0157] @ 2026-02-16 18:54:36.381327 @ Step [7.6754e+00/7.6875e+00]
Cap(theor-act): [  8.103e-04 -   8.083e-04 =   1.968e-06] | Step Loss (=Cap/k_fit): [  0.068] | Gains(P,I,D): [4.50e-01, 2.00e-03, 1.00e-01] | PID_Out(P+I+D): [ 0.0305 +  0.0132 +  0.0153 =    +0.0589] @ 2026-02-16 18:54:37.099932 @ Step [7.7344e+00/7.7500e+00]
Cap(theor-act): [  8.103e-04 -   8.108e-04 =  -5.493e-07] | Step Loss (=Cap/k_fit): [ -0.019] | Gains(P,I,D): [4.50e-01, 2.00e-03, 1.00e-01] | PID_Out(P+I+D): [-0.0085 +  0.0132 + -0.0173 =    -0.0126] @ 2026-02-16 18:54:37.798721 @ Step [7.7218e+00/7.7500e+00]
Cap(theor-act): [  8.121e-04 -   8.107e-04 =   1.368e-06] | Step Loss (=Cap/k_fit): [  0.047] | Gains(P,I,D): [4.50e-01, 2.00e-03, 1.00e-01] | PID_Out(P+I+D): [ 0.0212 +  0.0132 +  0.0132 =    +0.0476] @ 2026-02-16 18:54:38.506658 @ Step [7.7694e+00/7.8125e+00]
Cap(theor-act): [  8.121e-04 -   8.133e-04 =  -1.250e-06] | Step Loss (=Cap/k_fit): [ -0.043] | Gains(P,I,D): [4.50e-01, 2.00e-03, 1.00e-01] | PID_Out(P+I+D): [-0.0194 +  0.0132 + -0.0180 =    -0.0242] @ 2026-02-16 18:54:39.199026 @ Step [7.7452e+00/7.8125e+00]
Cap(theor-act): [  8.139e-04 -   8.116e-04 =   2.279e-06] | Step Loss (=Cap/k_fit): [  0.078] | Gains(P,I,D): [4.50e-01, 2.00e-03, 1.00e-01] | PID_Out(P+I+D): [ 0.0353 +  0.0133 +  0.0243 =    +0.0728] @ 2026-02-16 18:54:39.894107 @ Step [7.8181e+00/7.8750e+00]
Cap(theor-act): [  8.139e-04 -   8.153e-04 =  -1.447e-06] | Step Loss (=Cap/k_fit): [ -0.050] | Gains(P,I,D): [4.50e-01, 2.00e-03, 1.00e-01] | PID_Out(P+I+D): [-0.0224 +  0.0132 + -0.0256 =    -0.0348] @ 2026-02-16 18:54:40.580296 @ Step [7.7832e+00/7.8750e+00]
Cap(theor-act): [  8.157e-04 -   8.140e-04 =   1.678e-06] | Step Loss (=Cap/k_fit): [  0.058] | Gains(P,I,D): [4.50e-01, 2.00e-03, 1.00e-01] | PID_Out(P+I+D): [ 0.0260 +  0.0133 +  0.0215 =    +0.0608] @ 2026-02-16 18:54:41.261359 @ Step [7.8440e+00/7.9375e+00]
Cap(theor-act): [  8.157e-04 -   8.181e-04 =  -2.351e-06] | Step Loss (=Cap/k_fit): [ -0.081] | Gains(P,I,D): [4.50e-01, 2.00e-03, 1.00e-01] | PID_Out(P+I+D): [-0.0364 +  0.0132 + -0.0277 =    -0.0509] @ 2026-02-16 18:54:41.930908 @ Step [7.7931e+00/7.9375e+00]
Cap(theor-act): [  8.175e-04 -   8.141e-04 =   3.394e-06] | Step Loss (=Cap/k_fit): [  0.117] | Gains(P,I,D): [4.50e-01, 2.00e-03, 1.00e-01] | PID_Out(P+I+D): [ 0.0525 +  0.0133 +  0.0395 =    +0.1054] @ 2026-02-16 18:54:42.617988 @ Step [7.8985e+00/8.0000e+00]
Cap(theor-act): [  8.175e-04 -   8.188e-04 =  -1.239e-06] | Step Loss (=Cap/k_fit): [ -0.043] | Gains(P,I,D): [4.50e-01, 2.00e-03, 1.00e-01] | PID_Out(P+I+D): [-0.0192 +  0.0133 + -0.0319 =    -0.0378] @ 2026-02-16 18:54:43.286844 @ Step [7.8608e+00/8.0000e+00]
Cap(theor-act): [  8.194e-04 -   8.182e-04 =   1.183e-06] | Step Loss (=Cap/k_fit): [  0.041] | Gains(P,I,D): [4.50e-01, 2.00e-03, 1.00e-01] | PID_Out(P+I+D): [ 0.0183 +  0.0133 +  0.0167 =    +0.0483] @ 2026-02-16 18:54:43.987813 @ Step [7.9091e+00/8.0625e+00]
Cap(theor-act): [  8.194e-04 -   8.188e-04 =   5.782e-07] | Step Loss (=Cap/k_fit): [  0.020] | Gains(P,I,D): [4.50e-01, 2.00e-03, 1.00e-01] | PID_Out(P+I+D): [ 0.0090 +  0.0133 + -0.0042 =    +0.0181] @ 2026-02-16 18:54:44.660996 @ Step [7.9272e+00/8.0625e+00]
Cap(theor-act): [  8.212e-04 -   8.191e-04 =   2.094e-06] | Step Loss (=Cap/k_fit): [  0.072] | Gains(P,I,D): [4.50e-01, 2.00e-03, 1.00e-01] | PID_Out(P+I+D): [ 0.0324 +  0.0134 +  0.0104 =    +0.0563] @ 2026-02-16 18:54:45.347787 @ Step [7.9835e+00/8.1250e+00]
Cap(theor-act): [  8.212e-04 -   8.198e-04 =   1.389e-06] | Step Loss (=Cap/k_fit): [  0.048] | Gains(P,I,D): [4.50e-01, 2.00e-03, 1.00e-01] | PID_Out(P+I+D): [ 0.0215 +  0.0135 + -0.0049 =    +0.0301] @ 2026-02-16 18:54:46.033841 @ Step [8.0136e+00/8.1250e+00]
Cap(theor-act): [  8.230e-04 -   8.196e-04 =   3.407e-06] | Step Loss (=Cap/k_fit): [  0.117] | Gains(P,I,D): [4.50e-01, 2.00e-03, 1.00e-01] | PID_Out(P+I+D): [ 0.0527 +  0.0136 +  0.0139 =    +0.0802] @ 2026-02-16 18:54:46.754454 @ Step [8.0938e+00/8.1875e+00]
Cap(theor-act): [  8.230e-04 -   8.201e-04 =   2.903e-06] | Step Loss (=Cap/k_fit): [  0.100] | Gains(P,I,D): [4.50e-01, 2.00e-03, 1.00e-01] | PID_Out(P+I+D): [ 0.0449 +  0.0137 + -0.0035 =    +0.0552] @ 2026-02-16 18:54:47.427040 @ Step [8.1490e+00/8.1875e+00]
Cap(theor-act): [  8.248e-04 -   8.218e-04 =   3.008e-06] | Step Loss (=Cap/k_fit): [  0.103] | Gains(P,I,D): [4.50e-01, 2.00e-03, 1.00e-01] | PID_Out(P+I+D): [ 0.0466 +  0.0138 +  0.0007 =    +0.0611] @ 2026-02-16 18:54:48.112687 @ Step [8.2100e+00/8.2500e+00]
Cap(theor-act): [  8.248e-04 -   8.225e-04 =   2.303e-06] | Step Loss (=Cap/k_fit): [  0.079] | Gains(P,I,D): [4.50e-01, 2.00e-03, 1.00e-01] | PID_Out(P+I+D): [ 0.0356 +  0.0139 + -0.0049 =    +0.0447] @ 2026-02-16 18:54:48.800310 @ Step [8.2547e+00/8.2500e+00]
Cap(theor-act): [  8.266e-04 -   8.249e-04 =   1.703e-06] | Step Loss (=Cap/k_fit): [  0.059] | Gains(P,I,D): [4.50e-01, 2.00e-03, 1.00e-01] | PID_Out(P+I+D): [ 0.0264 +  0.0139 + -0.0041 =    +0.0362] @ 2026-02-16 18:54:49.486827 @ Step [8.2908e+00/8.3125e+00]
Cap(theor-act): [  8.266e-04 -   8.259e-04 =   6.958e-07] | Step Loss (=Cap/k_fit): [  0.024] | Gains(P,I,D): [4.50e-01, 2.00e-03, 1.00e-01] | PID_Out(P+I+D): [ 0.0108 +  0.0139 + -0.0069 =    +0.0178] @ 2026-02-16 18:54:50.163740 @ Step [8.3086e+00/8.3125e+00]
Cap(theor-act): [  8.284e-04 -   8.262e-04 =   2.211e-06] | Step Loss (=Cap/k_fit): [  0.076] | Gains(P,I,D): [4.50e-01, 2.00e-03, 1.00e-01] | PID_Out(P+I+D): [ 0.0342 +  0.0140 +  0.0104 =    +0.0587] @ 2026-02-16 18:54:50.855253 @ Step [8.3673e+00/8.3750e+00]
Cap(theor-act): [  8.284e-04 -   8.282e-04 =   1.967e-07] | Step Loss (=Cap/k_fit): [  0.007] | Gains(P,I,D): [4.50e-01, 2.00e-03, 1.00e-01] | PID_Out(P+I+D): [ 0.0030 +  0.0140 + -0.0139 =    +0.0032] @ 2026-02-16 18:54:51.531027 @ Step [8.3705e+00/8.3750e+00]
Cap(theor-act): [  8.303e-04 -   8.283e-04 =   1.913e-06] | Step Loss (=Cap/k_fit): [  0.066] | Gains(P,I,D): [4.50e-01, 2.00e-03, 1.00e-01] | PID_Out(P+I+D): [ 0.0296 +  0.0141 +  0.0118 =    +0.0555] @ 2026-02-16 18:54:52.211019 @ Step [8.4260e+00/8.4375e+00]
Cap(theor-act): [  8.303e-04 -   8.297e-04 =   6.036e-07] | Step Loss (=Cap/k_fit): [  0.021] | Gains(P,I,D): [4.50e-01, 2.00e-03, 1.00e-01] | PID_Out(P+I+D): [ 0.0093 +  0.0141 + -0.0090 =    +0.0145] @ 2026-02-16 18:54:52.889771 @ Step [8.4405e+00/8.4375e+00]
Cap(theor-act): [  8.321e-04 -   8.294e-04 =   2.621e-06] | Step Loss (=Cap/k_fit): [  0.090] | Gains(P,I,D): [4.50e-01, 2.00e-03, 1.00e-01] | PID_Out(P+I+D): [ 0.0406 +  0.0142 +  0.0139 =    +0.0687] @ 2026-02-16 18:54:53.585777 @ Step [8.5092e+00/8.5000e+00]
Cap(theor-act): [  8.321e-04 -   8.304e-04 =   1.715e-06] | Step Loss (=Cap/k_fit): [  0.059] | Gains(P,I,D): [4.50e-01, 2.00e-03, 1.00e-01] | PID_Out(P+I+D): [ 0.0266 +  0.0143 + -0.0062 =    +0.0346] @ 2026-02-16 18:54:54.265118 @ Step [8.5437e+00/8.5000e+00]
Cap(theor-act): [  8.339e-04 -   8.298e-04 =   4.136e-06] | Step Loss (=Cap/k_fit): [  0.142] | Gains(P,I,D): [4.50e-01, 2.00e-03, 1.00e-01] | PID_Out(P+I+D): [ 0.0640 +  0.0144 +  0.0167 =    +0.0951] @ 2026-02-16 18:54:54.957371 @ Step [8.6388e+00/8.5625e+00]
Cap(theor-act): [  8.339e-04 -   8.324e-04 =   1.518e-06] | Step Loss (=Cap/k_fit): [  0.052] | Gains(P,I,D): [4.50e-01, 2.00e-03, 1.00e-01] | PID_Out(P+I+D): [ 0.0235 +  0.0145 + -0.0180 =    +0.0200] @ 2026-02-16 18:54:55.635996 @ Step [8.6588e+00/8.5625e+00]
Cap(theor-act): [  8.357e-04 -   8.324e-04 =   3.335e-06] | Step Loss (=Cap/k_fit): [  0.115] | Gains(P,I,D): [4.50e-01, 2.00e-03, 1.00e-01] | PID_Out(P+I+D): [ 0.0516 +  0.0146 +  0.0125 =    +0.0787] @ 2026-02-16 18:54:56.319444 @ Step [8.7375e+00/8.6250e+00]
Cap(theor-act): [  8.357e-04 -   8.370e-04 =  -1.298e-06] | Step Loss (=Cap/k_fit): [ -0.045] | Gains(P,I,D): [4.50e-01, 2.00e-03, 1.00e-01] | PID_Out(P+I+D): [-0.0201 +  0.0145 + -0.0319 =    -0.0374] @ 2026-02-16 18:54:57.004208 @ Step [8.7001e+00/8.6250e+00]
Cap(theor-act): [  8.375e-04 -   8.346e-04 =   2.936e-06] | Step Loss (=Cap/k_fit): [  0.101] | Gains(P,I,D): [4.50e-01, 2.00e-03, 1.00e-01] | PID_Out(P+I+D): [ 0.0455 +  0.0146 +  0.0291 =    +0.0892] @ 2026-02-16 18:54:57.694940 @ Step [8.7893e+00/8.6875e+00]
Cap(theor-act): [  8.375e-04 -   8.403e-04 =  -2.804e-06] | Step Loss (=Cap/k_fit): [ -0.096] | Gains(P,I,D): [4.50e-01, 2.00e-03, 1.00e-01] | PID_Out(P+I+D): [-0.0434 +  0.0145 + -0.0395 =    -0.0684] @ 2026-02-16 18:54:58.381981 @ Step [8.7209e+00/8.6875e+00]
Cap(theor-act): [  8.393e-04 -   8.364e-04 =   2.940e-06] | Step Loss (=Cap/k_fit): [  0.101] | Gains(P,I,D): [4.50e-01, 2.00e-03, 1.00e-01] | PID_Out(P+I+D): [ 0.0455 +  0.0146 +  0.0395 =    +0.0997] @ 2026-02-16 18:54:59.083280 @ Step [8.8206e+00/8.7500e+00]
Cap(theor-act): [  8.393e-04 -   8.426e-04 =  -3.304e-06] | Step Loss (=Cap/k_fit): [ -0.114] | Gains(P,I,D): [4.50e-01, 2.00e-03, 1.00e-01] | PID_Out(P+I+D): [-0.0511 +  0.0145 + -0.0430 =    -0.0796] @ 2026-02-16 18:54:59.768391 @ Step [8.7410e+00/8.7500e+00]
Cap(theor-act): [  8.412e-04 -   8.376e-04 =   3.549e-06] | Step Loss (=Cap/k_fit): [  0.122] | Gains(P,I,D): [4.50e-01, 2.00e-03, 1.00e-01] | PID_Out(P+I+D): [ 0.0549 +  0.0146 +  0.0471 =    +0.1167] @ 2026-02-16 18:55:00.450106 @ Step [8.8577e+00/8.8125e+00]
Cap(theor-act): [  8.412e-04 -   8.458e-04 =  -4.609e-06] | Step Loss (=Cap/k_fit): [ -0.159] | Gains(P,I,D): [4.50e-01, 2.00e-03, 1.00e-01] | PID_Out(P+I+D): [-0.0713 +  0.0145 + -0.0561 =    -0.1130] @ 2026-02-16 18:55:01.142959 @ Step [8.7448e+00/8.8125e+00]
Cap(theor-act): [  8.430e-04 -   8.383e-04 =   4.661e-06] | Step Loss (=Cap/k_fit): [  0.160] | Gains(P,I,D): [4.50e-01, 2.00e-03, 1.00e-01] | PID_Out(P+I+D): [ 0.0721 +  0.0146 +  0.0638 =    +0.1506] @ 2026-02-16 18:55:01.822018 @ Step [8.8953e+00/8.8750e+00]
Cap(theor-act): [  8.430e-04 -   8.472e-04 =  -4.202e-06] | Step Loss (=Cap/k_fit): [ -0.145] | Gains(P,I,D): [4.50e-01, 2.00e-03, 1.00e-01] | PID_Out(P+I+D): [-0.0650 +  0.0145 + -0.0610 =    -0.1115] @ 2026-02-16 18:55:02.499001 @ Step [8.7838e+00/8.8750e+00]
Cap(theor-act): [  8.448e-04 -   8.415e-04 =   3.255e-06] | Step Loss (=Cap/k_fit): [  0.112] | Gains(P,I,D): [4.50e-01, 2.00e-03, 1.00e-01] | PID_Out(P+I+D): [ 0.0504 +  0.0146 +  0.0513 =    +0.1163] @ 2026-02-16 18:55:03.181833 @ Step [8.9001e+00/8.9375e+00]
Cap(theor-act): [  8.448e-04 -   8.461e-04 =  -1.277e-06] | Step Loss (=Cap/k_fit): [ -0.044] | Gains(P,I,D): [4.50e-01, 2.00e-03, 1.00e-01] | PID_Out(P+I+D): [-0.0198 +  0.0146 + -0.0312 =    -0.0364] @ 2026-02-16 18:55:03.864260 @ Step [8.8637e+00/8.9375e+00]
Cap(theor-act): [  8.466e-04 -   8.460e-04 =   6.407e-07] | Step Loss (=Cap/k_fit): [  0.022] | Gains(P,I,D): [4.50e-01, 2.00e-03, 1.00e-01] | PID_Out(P+I+D): [ 0.0099 +  0.0146 +  0.0132 =    +0.0377] @ 2026-02-16 18:55:04.541408 @ Step [8.9014e+00/9.0000e+00]
Cap(theor-act): [  8.466e-04 -   8.461e-04 =   5.397e-07] | Step Loss (=Cap/k_fit): [  0.019] | Gains(P,I,D): [4.50e-01, 2.00e-03, 1.00e-01] | PID_Out(P+I+D): [ 0.0084 +  0.0146 + -0.0007 =    +0.0223] @ 2026-02-16 18:55:05.213230 @ Step [8.9237e+00/9.0000e+00]
Cap(theor-act): [  8.484e-04 -   8.465e-04 =   1.954e-06] | Step Loss (=Cap/k_fit): [  0.067] | Gains(P,I,D): [4.50e-01, 2.00e-03, 1.00e-01] | PID_Out(P+I+D): [ 0.0302 +  0.0147 +  0.0097 =    +0.0546] @ 2026-02-16 18:55:05.897872 @ Step [8.9783e+00/9.0625e+00]
Cap(theor-act): [  8.484e-04 -   8.484e-04 =   4.056e-08] | Step Loss (=Cap/k_fit): [  0.001] | Gains(P,I,D): [4.50e-01, 2.00e-03, 1.00e-01] | PID_Out(P+I+D): [ 0.0006 +  0.0147 + -0.0132 =    +0.0021] @ 2026-02-16 18:55:06.572456 @ Step [8.9805e+00/9.0625e+00]
Cap(theor-act): [  8.502e-04 -   8.490e-04 =   1.252e-06] | Step Loss (=Cap/k_fit): [  0.043] | Gains(P,I,D): [4.50e-01, 2.00e-03, 1.00e-01] | PID_Out(P+I+D): [ 0.0194 +  0.0147 +  0.0083 =    +0.0424] @ 2026-02-16 18:55:07.261472 @ Step [9.0229e+00/9.1250e+00]
Cap(theor-act): [  8.502e-04 -   8.486e-04 =   1.656e-06] | Step Loss (=Cap/k_fit): [  0.057] | Gains(P,I,D): [4.50e-01, 2.00e-03, 1.00e-01] | PID_Out(P+I+D): [ 0.0256 +  0.0148 +  0.0028 =    +0.0432] @ 2026-02-16 18:55:07.932030 @ Step [9.0661e+00/9.1250e+00]
Cap(theor-act): [  8.521e-04 -   8.493e-04 =   2.768e-06] | Step Loss (=Cap/k_fit): [  0.095] | Gains(P,I,D): [4.50e-01, 2.00e-03, 1.00e-01] | PID_Out(P+I+D): [ 0.0429 +  0.0149 +  0.0076 =    +0.0654] @ 2026-02-16 18:55:08.619106 @ Step [9.1315e+00/9.1875e+00]
Cap(theor-act): [  8.521e-04 -   8.500e-04 =   2.063e-06] | Step Loss (=Cap/k_fit): [  0.071] | Gains(P,I,D): [4.50e-01, 2.00e-03, 1.00e-01] | PID_Out(P+I+D): [ 0.0319 +  0.0149 + -0.0049 =    +0.0420] @ 2026-02-16 18:55:09.306037 @ Step [9.1736e+00/9.1875e+00]
Cap(theor-act): [  8.539e-04 -   8.504e-04 =   3.477e-06] | Step Loss (=Cap/k_fit): [  0.120] | Gains(P,I,D): [4.50e-01, 2.00e-03, 1.00e-01] | PID_Out(P+I+D): [ 0.0538 +  0.0151 +  0.0097 =    +0.0786] @ 2026-02-16 18:55:09.989196 @ Step [9.2522e+00/9.2500e+00]
Cap(theor-act): [  8.539e-04 -   8.540e-04 =  -1.488e-07] | Step Loss (=Cap/k_fit): [ -0.005] | Gains(P,I,D): [4.50e-01, 2.00e-03, 1.00e-01] | PID_Out(P+I+D): [-0.0023 +  0.0151 + -0.0249 =    -0.0122] @ 2026-02-16 18:55:10.658202 @ Step [9.2400e+00/9.2500e+00]
Cap(theor-act): [  8.557e-04 -   8.533e-04 =   2.373e-06] | Step Loss (=Cap/k_fit): [  0.082] | Gains(P,I,D): [4.50e-01, 2.00e-03, 1.00e-01] | PID_Out(P+I+D): [ 0.0367 +  0.0151 +  0.0174 =    +0.0692] @ 2026-02-16 18:55:11.351785 @ Step [9.3092e+00/9.3125e+00]
Cap(theor-act): [  8.557e-04 -   8.554e-04 =   2.581e-07] | Step Loss (=Cap/k_fit): [  0.009] | Gains(P,I,D): [4.50e-01, 2.00e-03, 1.00e-01] | PID_Out(P+I+D): [ 0.0040 +  0.0152 + -0.0146 =    +0.0046] @ 2026-02-16 18:55:12.029092 @ Step [9.3138e+00/9.3125e+00]
Cap(theor-act): [  8.575e-04 -   8.552e-04 =   2.276e-06] | Step Loss (=Cap/k_fit): [  0.078] | Gains(P,I,D): [4.50e-01, 2.00e-03, 1.00e-01] | PID_Out(P+I+D): [ 0.0352 +  0.0152 +  0.0139 =    +0.0643] @ 2026-02-16 18:55:12.720179 @ Step [9.3782e+00/9.3750e+00]
Cap(theor-act): [  8.575e-04 -   8.589e-04 =  -1.349e-06] | Step Loss (=Cap/k_fit): [ -0.046] | Gains(P,I,D): [4.50e-01, 2.00e-03, 1.00e-01] | PID_Out(P+I+D): [-0.0209 +  0.0152 + -0.0249 =    -0.0306] @ 2026-02-16 18:55:13.388053 @ Step [9.3475e+00/9.3750e+00]
Cap(theor-act): [  8.593e-04 -   8.569e-04 =   2.382e-06] | Step Loss (=Cap/k_fit): [  0.082] | Gains(P,I,D): [4.50e-01, 2.00e-03, 1.00e-01] | PID_Out(P+I+D): [ 0.0369 +  0.0153 +  0.0257 =    +0.0778] @ 2026-02-16 18:55:14.080950 @ Step [9.4253e+00/9.4375e+00]
Cap(theor-act): [  8.593e-04 -   8.602e-04 =  -8.411e-07] | Step Loss (=Cap/k_fit): [ -0.029] | Gains(P,I,D): [4.50e-01, 2.00e-03, 1.00e-01] | PID_Out(P+I+D): [-0.0130 +  0.0152 + -0.0222 =    -0.0200] @ 2026-02-16 18:55:14.769357 @ Step [9.4054e+00/9.4375e+00]
Cap(theor-act): [  8.611e-04 -   8.588e-04 =   2.386e-06] | Step Loss (=Cap/k_fit): [  0.082] | Gains(P,I,D): [4.50e-01, 2.00e-03, 1.00e-01] | PID_Out(P+I+D): [ 0.0369 +  0.0153 +  0.0222 =    +0.0745] @ 2026-02-16 18:55:15.463136 @ Step [9.4798e+00/9.5000e+00]
Cap(theor-act): [  8.611e-04 -   8.613e-04 =  -1.322e-07] | Step Loss (=Cap/k_fit): [ -0.005] | Gains(P,I,D): [4.50e-01, 2.00e-03, 1.00e-01] | PID_Out(P+I+D): [-0.0020 +  0.0153 + -0.0173 =    -0.0041] @ 2026-02-16 18:55:16.147481 @ Step [9.4758e+00/9.5000e+00]
Cap(theor-act): [  8.630e-04 -   8.613e-04 =   1.685e-06] | Step Loss (=Cap/k_fit): [  0.058] | Gains(P,I,D): [4.50e-01, 2.00e-03, 1.00e-01] | PID_Out(P+I+D): [ 0.0261 +  0.0154 +  0.0125 =    +0.0540] @ 2026-02-16 18:55:16.850214 @ Step [9.5297e+00/9.5625e+00]
Cap(theor-act): [  8.630e-04 -   8.615e-04 =   1.484e-06] | Step Loss (=Cap/k_fit): [  0.051] | Gains(P,I,D): [4.50e-01, 2.00e-03, 1.00e-01] | PID_Out(P+I+D): [ 0.0230 +  0.0154 + -0.0014 =    +0.0370] @ 2026-02-16 18:55:17.525841 @ Step [9.5667e+00/9.5625e+00]
Cap(theor-act): [  8.648e-04 -   8.622e-04 =   2.596e-06] | Step Loss (=Cap/k_fit): [  0.089] | Gains(P,I,D): [4.50e-01, 2.00e-03, 1.00e-01] | PID_Out(P+I+D): [ 0.0402 +  0.0155 +  0.0076 =    +0.0633] @ 2026-02-16 18:55:18.209118 @ Step [9.6301e+00/9.6250e+00]
Cap(theor-act): [  8.648e-04 -   8.639e-04 =   8.826e-07] | Step Loss (=Cap/k_fit): [  0.030] | Gains(P,I,D): [4.50e-01, 2.00e-03, 1.00e-01] | PID_Out(P+I+D): [ 0.0137 +  0.0155 + -0.0118 =    +0.0174] @ 2026-02-16 18:55:18.894202 @ Step [9.6475e+00/9.6250e+00]
Cap(theor-act): [  8.666e-04 -   8.642e-04 =   2.398e-06] | Step Loss (=Cap/k_fit): [  0.082] | Gains(P,I,D): [4.50e-01, 2.00e-03, 1.00e-01] | PID_Out(P+I+D): [ 0.0371 +  0.0156 +  0.0104 =    +0.0632] @ 2026-02-16 18:55:19.586067 @ Step [9.7106e+00/9.6875e+00]
Cap(theor-act): [  8.666e-04 -   8.678e-04 =  -1.227e-06] | Step Loss (=Cap/k_fit): [ -0.042] | Gains(P,I,D): [4.50e-01, 2.00e-03, 1.00e-01] | PID_Out(P+I+D): [-0.0190 +  0.0156 + -0.0249 =    -0.0284] @ 2026-02-16 18:55:20.270372 @ Step [9.6823e+00/9.6875e+00]
Cap(theor-act): [  8.684e-04 -   8.657e-04 =   2.704e-06] | Step Loss (=Cap/k_fit): [  0.093] | Gains(P,I,D): [4.50e-01, 2.00e-03, 1.00e-01] | PID_Out(P+I+D): [ 0.0419 +  0.0157 +  0.0271 =    +0.0846] @ 2026-02-16 18:55:20.957893 @ Step [9.7669e+00/9.7500e+00]
Cap(theor-act): [  8.684e-04 -   8.719e-04 =  -3.540e-06] | Step Loss (=Cap/k_fit): [ -0.122] | Gains(P,I,D): [4.50e-01, 2.00e-03, 1.00e-01] | PID_Out(P+I+D): [-0.0548 +  0.0156 + -0.0430 =    -0.0822] @ 2026-02-16 18:55:21.649327 @ Step [9.6847e+00/9.7500e+00]
Cap(theor-act): [  8.702e-04 -   8.660e-04 =   4.218e-06] | Step Loss (=Cap/k_fit): [  0.145] | Gains(P,I,D): [4.50e-01, 2.00e-03, 1.00e-01] | PID_Out(P+I+D): [ 0.0653 +  0.0157 +  0.0534 =    +0.1344] @ 2026-02-16 18:55:22.351853 @ Step [9.8191e+00/9.8125e+00]
Cap(theor-act): [  8.702e-04 -   8.746e-04 =  -4.342e-06] | Step Loss (=Cap/k_fit): [ -0.149] | Gains(P,I,D): [4.50e-01, 2.00e-03, 1.00e-01] | PID_Out(P+I+D): [-0.0672 +  0.0155 + -0.0589 =    -0.1105] @ 2026-02-16 18:55:23.025403 @ Step [9.7085e+00/9.8125e+00]
Cap(theor-act): [  8.720e-04 -   8.675e-04 =   4.525e-06] | Step Loss (=Cap/k_fit): [  0.156] | Gains(P,I,D): [4.50e-01, 2.00e-03, 1.00e-01] | PID_Out(P+I+D): [ 0.0700 +  0.0157 +  0.0610 =    +0.1468] @ 2026-02-16 18:55:23.708331 @ Step [9.8553e+00/9.8750e+00]
Cap(theor-act): [  8.720e-04 -   8.759e-04 =  -3.834e-06] | Step Loss (=Cap/k_fit): [ -0.132] | Gains(P,I,D): [4.50e-01, 2.00e-03, 1.00e-01] | PID_Out(P+I+D): [-0.0593 +  0.0156 + -0.0575 =    -0.1013] @ 2026-02-16 18:55:24.397925 @ Step [9.7540e+00/9.8750e+00]
Cap(theor-act): [  8.739e-04 -   8.713e-04 =   2.515e-06] | Step Loss (=Cap/k_fit): [  0.087] | Gains(P,I,D): [4.50e-01, 2.00e-03, 1.00e-01] | PID_Out(P+I+D): [ 0.0389 +  0.0157 +  0.0437 =    +0.0983] @ 2026-02-16 18:55:25.086672 @ Step [9.8523e+00/9.9375e+00]
Cap(theor-act): [  8.739e-04 -   8.767e-04 =  -2.823e-06] | Step Loss (=Cap/k_fit): [ -0.097] | Gains(P,I,D): [4.50e-01, 2.00e-03, 1.00e-01] | PID_Out(P+I+D): [-0.0437 +  0.0156 + -0.0367 =    -0.0649] @ 2026-02-16 18:55:25.769589 @ Step [9.7874e+00/9.9375e+00]
Cap(theor-act): [  8.757e-04 -   8.736e-04 =   2.116e-06] | Step Loss (=Cap/k_fit): [  0.073] | Gains(P,I,D): [4.50e-01, 2.00e-03, 1.00e-01] | PID_Out(P+I+D): [ 0.0328 +  0.0156 +  0.0340 =    +0.0824] @ 2026-02-16 18:55:26.452807 @ Step [9.8698e+00/1.0000e+01]
Cap(theor-act): [  8.757e-04 -   8.776e-04 =  -1.912e-06] | Step Loss (=Cap/k_fit): [ -0.066] | Gains(P,I,D): [4.50e-01, 2.00e-03, 1.00e-01] | PID_Out(P+I+D): [-0.0296 +  0.0156 + -0.0277 =    -0.0417] @ 2026-02-16 18:55:27.126952 @ Step [9.8280e+00/1.0000e+01]
