>> note = "20MHZ, 200mVpp, 100mVdc, time_const 30ms, sen 300uV rms, VDD 2.5, 2/12/2026"

note = 

    "20MHZ, 200mVpp, 100mVdc, time_const 30ms, sen 300uV rms, VDD 2.5, 2/12/2026"

[LOG] goTo_fit (scan version):	wait_time=10.0000 s
[LOG] SCAN_PART Channel               : R
[LOG] SCAN_PART_1 (Forward 13 points) : k1 = 8.224e-06,	b1 = 1.662e-04
[LOG] SCAN_PART_2 (Backward 13 points): k2 = 8.232e-06,	b2 = 1.662e-04
[LOG] SCAN_TOTAL  (Symmetric)         : k_total = 8.228e-06,	b_total = 1.662e-04
[LOG] HYSTERESIS_AVG: Mean Delta_Cap  (dy) = 2.446e-07
[LOG] HYSTERESIS_AVG: Mean Delta_Step (dx) = 0.0297 steps
	(2.000000, 1.830270e-04)
	(2.500000, 1.860280e-04)
	(3.000000, 1.909830e-04)
	(3.500000, 1.953440e-04)
	(4.000000, 1.993320e-04)
	(4.500000, 2.029370e-04)
	(5.000000, 2.073990e-04)
	(5.500000, 2.107520e-04)
	(6.000000, 2.156470e-04)
	(6.500000, 2.190510e-04)
	(7.000000, 2.240360e-04)
	(7.500000, 2.278320e-04)
	(8.000000, 2.322940e-04)
	(8.000000, 2.325050e-04)
	(7.500000, 2.274300e-04)
	(7.000000, 2.241870e-04)
	(6.500000, 2.195540e-04)
	(6.000000, 2.156470e-04)
	(5.500000, 2.106920e-04)
	(5.000000, 2.074590e-04)
	(4.500000, 2.034210e-04)
	(4.000000, 1.994830e-04)
	(3.500000, 1.950520e-04)
	(3.000000, 1.911240e-04)
	(2.500000, 1.864310e-04)
	(2.000000, 1.827050e-04)
[LOG] goTo_fit (scan version):	wait_time=5.0000 s
[LOG] SCAN_PART Channel               : R
[LOG] SCAN_PART_1 (Forward 13 points) : k1 = 8.305e-06,	b1 = 1.659e-04
[LOG] SCAN_PART_2 (Backward 13 points): k2 = 8.266e-06,	b2 = 1.661e-04
[LOG] SCAN_TOTAL  (Symmetric)         : k_total = 8.285e-06,	b_total = 1.660e-04
[LOG] HYSTERESIS_AVG: Mean Delta_Cap  (dy) = 2.054e-07
[LOG] HYSTERESIS_AVG: Mean Delta_Step (dx) = 0.0248 steps
	(2.000000, 1.829470e-04)
	(2.500000, 1.860280e-04)
	(3.000000, 1.909730e-04)
	(3.500000, 1.947900e-04)
	(4.000000, 1.991710e-04)
	(4.500000, 2.033100e-04)
	(5.000000, 2.076400e-04)
	(5.500000, 2.108830e-04)
	(6.000000, 2.159290e-04)
	(6.500000, 2.194940e-04)
	(7.000000, 2.245290e-04)
	(7.500000, 2.278830e-04)
	(8.000000, 2.324550e-04)
	(8.000000, 2.323440e-04)
	(7.500000, 2.277620e-04)
	(7.000000, 2.243080e-04)
	(6.500000, 2.196350e-04)
	(6.000000, 2.157780e-04)
	(5.500000, 2.104300e-04)
	(5.000000, 2.078020e-04)
	(4.500000, 2.034310e-04)
	(4.000000, 1.994930e-04)
	(3.500000, 1.953040e-04)
	(3.000000, 1.910640e-04)
	(2.500000, 1.860280e-04)
	(2.000000, 1.826850e-04)
[LOG] goTo_fit (scan version):	wait_time=2.5000 s
[LOG] SCAN_PART Channel               : R
[LOG] SCAN_PART_1 (Forward 13 points) : k1 = 8.272e-06,	b1 = 1.652e-04
[LOG] SCAN_PART_2 (Backward 13 points): k2 = 8.247e-06,	b2 = 1.655e-04
[LOG] SCAN_TOTAL  (Symmetric)         : k_total = 8.260e-06,	b_total = 1.654e-04
[LOG] HYSTERESIS_AVG: Mean Delta_Cap  (dy) = 2.003e-07
[LOG] HYSTERESIS_AVG: Mean Delta_Step (dx) = 0.0243 steps
	(2.000000, 1.820910e-04)
	(2.500000, 1.853640e-04)
	(3.000000, 1.903090e-04)
	(3.500000, 1.943070e-04)
	(4.000000, 1.985670e-04)
	(4.500000, 2.025550e-04)
	(5.000000, 2.067540e-04)
	(5.500000, 2.099060e-04)
	(6.000000, 2.149220e-04)
	(6.500000, 2.186680e-04)
	(7.000000, 2.232200e-04)
	(7.500000, 2.273390e-04)
	(8.000000, 2.317800e-04)
	(8.000000, 2.317100e-04)
	(7.500000, 2.270470e-04)
	(7.000000, 2.235220e-04)
	(6.500000, 2.190810e-04)
	(6.000000, 2.152740e-04)
	(5.500000, 2.096450e-04)
	(5.000000, 2.067340e-04)
	(4.500000, 2.026350e-04)
	(4.000000, 1.986570e-04)
	(3.500000, 1.945990e-04)
	(3.000000, 1.903690e-04)
	(2.500000, 1.856560e-04)
	(2.000000, 1.821710e-04)
[LOG] goTo_fit (scan version):	wait_time=1.2500 s
[LOG] SCAN_PART Channel               : R
[LOG] SCAN_PART_1 (Forward 13 points) : k1 = 8.163e-06,	b1 = 1.660e-04
[LOG] SCAN_PART_2 (Backward 13 points): k2 = 8.167e-06,	b2 = 1.660e-04
[LOG] SCAN_TOTAL  (Symmetric)         : k_total = 8.165e-06,	b_total = 1.660e-04
[LOG] HYSTERESIS_AVG: Mean Delta_Cap  (dy) = 2.060e-07
[LOG] HYSTERESIS_AVG: Mean Delta_Step (dx) = 0.0252 steps
	(2.000000, 1.825240e-04)
	(2.500000, 1.856760e-04)
	(3.000000, 1.907620e-04)
	(3.500000, 1.948910e-04)
	(4.000000, 1.989290e-04)
	(4.500000, 2.026960e-04)
	(5.000000, 2.073480e-04)
	(5.500000, 2.104000e-04)
	(6.000000, 2.150930e-04)
	(6.500000, 2.186980e-04)
	(7.000000, 2.235420e-04)
	(7.500000, 2.269460e-04)
	(8.000000, 2.315080e-04)
	(8.000000, 2.315990e-04)
	(7.500000, 2.270870e-04)
	(7.000000, 2.233010e-04)
	(6.500000, 2.191510e-04)
	(6.000000, 2.151830e-04)
	(5.500000, 2.098860e-04)
	(5.000000, 2.072680e-04)
	(4.500000, 2.028270e-04)
	(4.000000, 1.990800e-04)
	(3.500000, 1.950520e-04)
	(3.000000, 1.904900e-04)
	(2.500000, 1.859680e-04)
	(2.000000, 1.824630e-04)
[LOG] goTo_fit (scan version):	wait_time=1.0000 s
[LOG] SCAN_PART Channel               : R
[LOG] SCAN_PART_1 (Forward 13 points) : k1 = 8.219e-06,	b1 = 1.659e-04
[LOG] SCAN_PART_2 (Backward 13 points): k2 = 8.251e-06,	b2 = 1.658e-04
[LOG] SCAN_TOTAL  (Symmetric)         : k_total = 8.235e-06,	b_total = 1.658e-04
[LOG] HYSTERESIS_AVG: Mean Delta_Cap  (dy) = 1.503e-07
[LOG] HYSTERESIS_AVG: Mean Delta_Step (dx) = 0.0183 steps
	(2.000000, 1.826850e-04)
	(2.500000, 1.859580e-04)
	(3.000000, 1.906510e-04)
	(3.500000, 1.945790e-04)
	(4.000000, 1.993120e-04)
	(4.500000, 2.027860e-04)
	(5.000000, 2.072880e-04)
	(5.500000, 2.099770e-04)
	(6.000000, 2.151830e-04)
	(6.500000, 2.189900e-04)
	(7.000000, 2.238750e-04)
	(7.500000, 2.272990e-04)
	(8.000000, 2.320420e-04)
	(8.000000, 2.322030e-04)
	(7.500000, 2.274300e-04)
	(7.000000, 2.238750e-04)
	(6.500000, 2.192420e-04)
	(6.000000, 2.151630e-04)
	(5.500000, 2.102590e-04)
	(5.000000, 2.071770e-04)
	(4.500000, 2.030280e-04)
	(4.000000, 1.991410e-04)
	(3.500000, 1.948100e-04)
	(3.000000, 1.907420e-04)
	(2.500000, 1.856960e-04)
	(2.000000, 1.826850e-04)
[LOG] goTo_fit (scan version):	wait_time=0.6667 s
[LOG] SCAN_PART Channel               : R
[LOG] SCAN_PART_1 (Forward 13 points) : k1 = 8.343e-06,	b1 = 1.656e-04
[LOG] SCAN_PART_2 (Backward 13 points): k2 = 8.271e-06,	b2 = 1.661e-04
[LOG] SCAN_TOTAL  (Symmetric)         : k_total = 8.307e-06,	b_total = 1.659e-04
[LOG] HYSTERESIS_AVG: Mean Delta_Cap  (dy) = 1.620e-07
[LOG] HYSTERESIS_AVG: Mean Delta_Step (dx) = 0.0195 steps
	(2.000000, 1.826350e-04)
	(2.500000, 1.858070e-04)
	(3.000000, 1.909730e-04)
	(3.500000, 1.950220e-04)
	(4.000000, 1.994130e-04)
	(4.500000, 2.032390e-04)
	(5.000000, 2.075800e-04)
	(5.500000, 2.103800e-04)
	(6.000000, 2.156060e-04)
	(6.500000, 2.197660e-04)
	(7.000000, 2.246000e-04)
	(7.500000, 2.281350e-04)
	(8.000000, 2.325250e-04)
	(8.000000, 2.325560e-04)
	(7.500000, 2.280140e-04)
	(7.000000, 2.244180e-04)
	(6.500000, 2.196550e-04)
	(6.000000, 2.158580e-04)
	(5.500000, 2.105310e-04)
	(5.000000, 2.075700e-04)
	(4.500000, 2.033500e-04)
	(4.000000, 1.994030e-04)
	(3.500000, 1.951020e-04)
	(3.000000, 1.912250e-04)
	(2.500000, 1.861690e-04)
	(2.000000, 1.830680e-04)
[LOG] goTo_fit (scan version): wait_time=0.5000 s
[LOG] SCAN_PART Channel               : R
[LOG] SCAN_PART_1 (Forward 13 points) : k1 = 8.173e-06, b1 = 1.661e-04
[LOG] SCAN_PART_2 (Backward 13 points): k2 = 8.205e-06, b2 = 1.675e-04
[LOG] SCAN_TOTAL  (Symmetric)         : k_total = 8.189e-06, b_total = 1.668e-04
[LOG] HYSTERESIS_AVG: Mean Delta_Cap  (dy) = 1.612e-06
[LOG] HYSTERESIS_AVG: Mean Delta_Step (dx) = 0.1968 steps
(2.000000, 1.832490e-04)
(2.500000, 1.857260e-04)
(3.000000, 1.905600e-04)
(3.500000, 1.946590e-04)
(4.000000, 1.990300e-04)
(4.500000, 2.029170e-04)
(5.000000, 2.071370e-04)
(5.500000, 2.104600e-04)
(6.000000, 2.147710e-04)
(6.500000, 2.191820e-04)
(7.000000, 2.234420e-04)
(7.500000, 2.273590e-04)
(8.000000, 2.318310e-04)
(8.000000, 2.328070e-04)
(7.500000, 2.289910e-04)
(7.000000, 2.253950e-04)
(6.500000, 2.211350e-04)
(6.000000, 2.167340e-04)
(5.500000, 2.121120e-04)
(5.000000, 2.086270e-04)
(4.500000, 2.045890e-04)
(4.000000, 2.007420e-04)
(3.500000, 1.965020e-04)
(3.000000, 1.921210e-04)
(2.500000, 1.874990e-04)
(2.000000, 1.840240e-04)