20MHz, 700mVpp, 100mVdc, 30ms time_const

>> LOG BATCH: 2026-02-16 18:51:45.749386 | Count: 4 <<
--------------------------------------------------
[2026-02-16 18:51:45.749386] Pt 000082: +5.86838e-04 V [step=  0.064]
[2026-02-16 18:51:45.749386] Pt 000083: +5.86737e-04 V [step=  0.061]
[2026-02-16 18:51:45.749386] Pt 000084: +5.86737e-04 V [step=  0.061]
[2026-02-16 18:51:45.749386] Pt 000085: +5.86435e-04 V [step=  0.050]
--------------------------------------------------

>> LOG BATCH: 2026-02-16 18:51:47.242692 | Count: 4 <<
--------------------------------------------------
[2026-02-16 18:51:47.242692] Pt 000086: +5.86435e-04 V [step=  0.050]
[2026-02-16 18:51:47.242692] Pt 000087: +5.86636e-04 V [step=  0.057]
[2026-02-16 18:51:47.242692] Pt 000088: +5.87845e-04 V [step=  0.099]
[2026-02-16 18:51:47.242692] Pt 000089: +5.87644e-04 V [step=  0.092]
--------------------------------------------------

>> LOG BATCH: 2026-02-16 18:51:48.656820 | Count: 4 <<
--------------------------------------------------
[2026-02-16 18:51:48.656820] Pt 000090: +5.89054e-04 V [step=  0.140]
[2026-02-16 18:51:48.656820] Pt 000091: +5.89154e-04 V [step=  0.144]
[2026-02-16 18:51:48.656820] Pt 000092: +5.91470e-04 V [step=  0.224]
[2026-02-16 18:51:48.656820] Pt 000093: +5.91470e-04 V [step=  0.224]
--------------------------------------------------

>> LOG BATCH: 2026-02-16 18:51:50.082793 | Count: 4 <<
--------------------------------------------------
[2026-02-16 18:51:50.082793] Pt 000094: +5.91169e-04 V [step=  0.213]
[2026-02-16 18:51:50.082793] Pt 000095: +5.91169e-04 V [step=  0.213]
[2026-02-16 18:51:50.082793] Pt 000096: +5.93686e-04 V [step=  0.300]
[2026-02-16 18:51:50.082793] Pt 000097: +5.93485e-04 V [step=  0.293]
--------------------------------------------------

>> LOG BATCH: 2026-02-16 18:51:51.530415 | Count: 4 <<
--------------------------------------------------
[2026-02-16 18:51:51.530415] Pt 000098: +5.93485e-04 V [step=  0.293]
[2026-02-16 18:51:51.530415] Pt 000099: +5.93485e-04 V [step=  0.293]
[2026-02-16 18:51:51.530415] Pt 000100: +5.96607e-04 V [step=  0.400]
[2026-02-16 18:51:51.530415] Pt 000101: +5.96506e-04 V [step=  0.397]
--------------------------------------------------

>> LOG BATCH: 2026-02-16 18:51:52.964237 | Count: 4 <<
--------------------------------------------------
[2026-02-16 18:51:52.964237] Pt 000102: +5.94391e-04 V [step=  0.324]
[2026-02-16 18:51:52.964237] Pt 000103: +5.94190e-04 V [step=  0.317]
[2026-02-16 18:51:52.964237] Pt 000104: +5.99326e-04 V [step=  0.494]
[2026-02-16 18:51:52.964237] Pt 000105: +5.99628e-04 V [step=  0.504]
--------------------------------------------------

>> LOG BATCH: 2026-02-16 18:51:54.426510 | Count: 4 <<
--------------------------------------------------
[2026-02-16 18:51:54.426510] Pt 000106: +5.96204e-04 V [step=  0.386]
[2026-02-16 18:51:54.426510] Pt 000107: +5.96305e-04 V [step=  0.390]
[2026-02-16 18:51:54.426510] Pt 000108: +6.00031e-04 V [step=  0.518]
[2026-02-16 18:51:54.426510] Pt 000109: +6.00232e-04 V [step=  0.525]
--------------------------------------------------

>> LOG BATCH: 2026-02-16 18:51:55.825968 | Count: 4 <<
--------------------------------------------------
[2026-02-16 18:51:55.825968] Pt 000110: +5.99024e-04 V [step=  0.483]
[2026-02-16 18:51:55.825968] Pt 000111: +5.99225e-04 V [step=  0.490]
[2026-02-16 18:51:55.825968] Pt 000112: +6.00132e-04 V [step=  0.521]
[2026-02-16 18:51:55.825968] Pt 000113: +6.00333e-04 V [step=  0.528]
--------------------------------------------------

>> LOG BATCH: 2026-02-16 18:51:57.227574 | Count: 4 <<
--------------------------------------------------
[2026-02-16 18:51:57.227574] Pt 000114: +6.00837e-04 V [step=  0.546]
[2026-02-16 18:51:57.227574] Pt 000115: +6.00635e-04 V [step=  0.539]
[2026-02-16 18:51:57.227574] Pt 000116: +6.00534e-04 V [step=  0.535]
[2026-02-16 18:51:57.227574] Pt 000117: +6.00534e-04 V [step=  0.535]
--------------------------------------------------

>> LOG BATCH: 2026-02-16 18:51:58.658106 | Count: 4 <<
--------------------------------------------------
[2026-02-16 18:51:58.658106] Pt 000118: +6.01038e-04 V [step=  0.553]
[2026-02-16 18:51:58.658106] Pt 000119: +6.01240e-04 V [step=  0.560]
[2026-02-16 18:51:58.658106] Pt 000120: +6.03455e-04 V [step=  0.636]
[2026-02-16 18:51:58.658106] Pt 000121: +6.03455e-04 V [step=  0.636]
--------------------------------------------------

>> LOG BATCH: 2026-02-16 18:52:00.100206 | Count: 4 <<
--------------------------------------------------
[2026-02-16 18:52:00.100206] Pt 000122: +6.03253e-04 V [step=  0.629]
[2026-02-16 18:52:00.100206] Pt 000123: +6.03355e-04 V [step=  0.632]
[2026-02-16 18:52:00.100206] Pt 000124: +6.06376e-04 V [step=  0.736]
[2026-02-16 18:52:00.100206] Pt 000125: +6.06174e-04 V [step=  0.729]
--------------------------------------------------

>> LOG BATCH: 2026-02-16 18:52:01.561768 | Count: 4 <<
--------------------------------------------------
[2026-02-16 18:52:01.561768] Pt 000126: +6.05066e-04 V [step=  0.691]
[2026-02-16 18:52:01.561768] Pt 000127: +6.05268e-04 V [step=  0.698]
[2026-02-16 18:52:01.561768] Pt 000128: +6.09699e-04 V [step=  0.851]
[2026-02-16 18:52:01.561768] Pt 000129: +6.09800e-04 V [step=  0.854]
--------------------------------------------------

>> LOG BATCH: 2026-02-16 18:52:03.009716 | Count: 4 <<
--------------------------------------------------
[2026-02-16 18:52:03.009716] Pt 000130: +6.08793e-04 V [step=  0.819]
[2026-02-16 18:52:03.009716] Pt 000131: +6.08591e-04 V [step=  0.812]
[2026-02-16 18:52:03.009716] Pt 000132: +6.10203e-04 V [step=  0.868]
[2026-02-16 18:52:03.009716] Pt 000133: +6.10102e-04 V [step=  0.864]
--------------------------------------------------

>> LOG BATCH: 2026-02-16 18:52:07.525960 | Count: 4 <<
--------------------------------------------------
[2026-02-16 18:52:07.525960] Pt 000134: +6.10001e-04 V [step=  0.861]
[2026-02-16 18:52:07.525960] Pt 000135: +6.10102e-04 V [step=  0.864]
[2026-02-16 18:52:07.525960] Pt 000136: +6.09296e-04 V [step=  0.837]
[2026-02-16 18:52:07.525960] Pt 000137: +6.09397e-04 V [step=  0.840]
--------------------------------------------------

>> LOG BATCH: 2026-02-16 18:52:08.957143 | Count: 4 <<
--------------------------------------------------
[2026-02-16 18:52:08.957143] Pt 000138: +6.11512e-04 V [step=  0.913]
[2026-02-16 18:52:08.957143] Pt 000139: +6.11310e-04 V [step=  0.906]
[2026-02-16 18:52:08.957143] Pt 000140: +6.12217e-04 V [step=  0.937]
[2026-02-16 18:52:08.957143] Pt 000141: +6.12418e-04 V [step=  0.944]
--------------------------------------------------

>> LOG BATCH: 2026-02-16 18:52:10.361973 | Count: 4 <<
--------------------------------------------------
[2026-02-16 18:52:10.361973] Pt 000142: +6.13224e-04 V [step=  0.972]
[2026-02-16 18:52:10.361973] Pt 000143: +6.13224e-04 V [step=  0.972]
[2026-02-16 18:52:10.361973] Pt 000144: +6.14533e-04 V [step=  1.017]
[2026-02-16 18:52:10.361973] Pt 000145: +6.14735e-04 V [step=  1.024]
--------------------------------------------------

>> LOG BATCH: 2026-02-16 18:52:11.750377 | Count: 4 <<
--------------------------------------------------
[2026-02-16 18:52:11.750377] Pt 000146: +6.13929e-04 V [step=  0.996]
[2026-02-16 18:52:11.750377] Pt 000147: +6.14030e-04 V [step=  1.000]
[2026-02-16 18:52:11.750377] Pt 000148: +6.14433e-04 V [step=  1.013]
[2026-02-16 18:52:11.750377] Pt 000149: +6.14332e-04 V [step=  1.010]
--------------------------------------------------

>> LOG BATCH: 2026-02-16 18:52:13.120209 | Count: 4 <<
--------------------------------------------------
[2026-02-16 18:52:13.120209] Pt 000150: +6.14433e-04 V [step=  1.013]
[2026-02-16 18:52:13.120209] Pt 000151: +6.14433e-04 V [step=  1.013]
[2026-02-16 18:52:13.120209] Pt 000152: +6.17756e-04 V [step=  1.128]
[2026-02-16 18:52:13.120209] Pt 000153: +6.17857e-04 V [step=  1.131]
--------------------------------------------------

>> LOG BATCH: 2026-02-16 18:52:14.503859 | Count: 4 <<
--------------------------------------------------
[2026-02-16 18:52:14.503859] Pt 000154: +6.17353e-04 V [step=  1.114]
[2026-02-16 18:52:14.503859] Pt 000155: +6.17252e-04 V [step=  1.110]
[2026-02-16 18:52:14.503859] Pt 000156: +6.20878e-04 V [step=  1.235]
[2026-02-16 18:52:14.503859] Pt 000157: +6.20677e-04 V [step=  1.228]
--------------------------------------------------

>> LOG BATCH: 2026-02-16 18:52:15.871589 | Count: 4 <<
--------------------------------------------------
[2026-02-16 18:52:15.871589] Pt 000158: +6.19871e-04 V [step=  1.200]
[2026-02-16 18:52:15.871589] Pt 000159: +6.19871e-04 V [step=  1.200]
[2026-02-16 18:52:15.871589] Pt 000160: +6.23597e-04 V [step=  1.329]
[2026-02-16 18:52:15.871589] Pt 000161: +6.23396e-04 V [step=  1.322]
--------------------------------------------------

>> LOG BATCH: 2026-02-16 18:52:17.259966 | Count: 4 <<
--------------------------------------------------
[2026-02-16 18:52:17.259966] Pt 000162: +6.22691e-04 V [step=  1.297]
[2026-02-16 18:52:17.259966] Pt 000163: +6.22489e-04 V [step=  1.291]
[2026-02-16 18:52:17.259966] Pt 000164: +6.25208e-04 V [step=  1.384]
[2026-02-16 18:52:17.259966] Pt 000165: +6.25208e-04 V [step=  1.384]
--------------------------------------------------

>> LOG BATCH: 2026-02-16 18:52:18.633041 | Count: 4 <<
--------------------------------------------------
[2026-02-16 18:52:18.633041] Pt 000166: +6.23798e-04 V [step=  1.336]
[2026-02-16 18:52:18.633041] Pt 000167: +6.23798e-04 V [step=  1.336]
[2026-02-16 18:52:18.633041] Pt 000168: +6.27525e-04 V [step=  1.464]
[2026-02-16 18:52:18.633041] Pt 000169: +6.27424e-04 V [step=  1.460]
--------------------------------------------------

>> LOG BATCH: 2026-02-16 18:52:19.994778 | Count: 4 <<
--------------------------------------------------
[2026-02-16 18:52:19.994778] Pt 000170: +6.26115e-04 V [step=  1.415]
[2026-02-16 18:52:19.994778] Pt 000171: +6.26115e-04 V [step=  1.415]
[2026-02-16 18:52:19.994778] Pt 000172: +6.27927e-04 V [step=  1.478]
[2026-02-16 18:52:19.994778] Pt 000173: +6.27827e-04 V [step=  1.474]
--------------------------------------------------

>> LOG BATCH: 2026-02-16 18:52:21.380984 | Count: 4 <<
--------------------------------------------------
[2026-02-16 18:52:21.380984] Pt 000174: +6.27222e-04 V [step=  1.453]
[2026-02-16 18:52:21.380984] Pt 000175: +6.27424e-04 V [step=  1.460]
[2026-02-16 18:52:21.380984] Pt 000176: +6.28330e-04 V [step=  1.491]
[2026-02-16 18:52:21.380984] Pt 000177: +6.28532e-04 V [step=  1.498]
--------------------------------------------------

>> LOG BATCH: 2026-02-16 18:52:22.750944 | Count: 4 <<
--------------------------------------------------
[2026-02-16 18:52:22.750944] Pt 000178: +6.28029e-04 V [step=  1.481]
[2026-02-16 18:52:22.750944] Pt 000179: +6.27827e-04 V [step=  1.474]
[2026-02-16 18:52:22.750944] Pt 000180: +6.30848e-04 V [step=  1.578]
[2026-02-16 18:52:22.750944] Pt 000181: +6.30748e-04 V [step=  1.575]
--------------------------------------------------

>> LOG BATCH: 2026-02-16 18:52:24.112812 | Count: 4 <<
--------------------------------------------------
[2026-02-16 18:52:24.112812] Pt 000182: +6.31956e-04 V [step=  1.616]
[2026-02-16 18:52:24.112812] Pt 000183: +6.31755e-04 V [step=  1.609]
[2026-02-16 18:52:24.112812] Pt 000184: +6.33668e-04 V [step=  1.675]
[2026-02-16 18:52:24.112812] Pt 000185: +6.33568e-04 V [step=  1.672]
--------------------------------------------------

>> LOG BATCH: 2026-02-16 18:52:25.470765 | Count: 4 <<
--------------------------------------------------
[2026-02-16 18:52:25.470765] Pt 000186: +6.33568e-04 V [step=  1.672]
[2026-02-16 18:52:25.470765] Pt 000187: +6.33467e-04 V [step=  1.668]
[2026-02-16 18:52:25.470765] Pt 000188: +6.35884e-04 V [step=  1.751]
[2026-02-16 18:52:25.470765] Pt 000189: +6.35884e-04 V [step=  1.751]
--------------------------------------------------

>> LOG BATCH: 2026-02-16 18:52:26.851466 | Count: 4 <<
--------------------------------------------------
[2026-02-16 18:52:26.851466] Pt 000190: +6.34776e-04 V [step=  1.713]
[2026-02-16 18:52:26.851466] Pt 000191: +6.34776e-04 V [step=  1.713]
[2026-02-16 18:52:26.851466] Pt 000192: +6.38402e-04 V [step=  1.838]
[2026-02-16 18:52:26.851466] Pt 000193: +6.38502e-04 V [step=  1.841]
--------------------------------------------------

>> LOG BATCH: 2026-02-16 18:52:28.236978 | Count: 4 <<
--------------------------------------------------
[2026-02-16 18:52:28.236978] Pt 000194: +6.37797e-04 V [step=  1.817]
[2026-02-16 18:52:28.236978] Pt 000195: +6.37697e-04 V [step=  1.814]
[2026-02-16 18:52:28.236978] Pt 000196: +6.39610e-04 V [step=  1.879]
[2026-02-16 18:52:28.236978] Pt 000197: +6.39308e-04 V [step=  1.869]
--------------------------------------------------

>> LOG BATCH: 2026-02-16 18:52:29.599744 | Count: 4 <<
--------------------------------------------------
[2026-02-16 18:52:29.599744] Pt 000198: +6.38402e-04 V [step=  1.838]
[2026-02-16 18:52:29.599744] Pt 000199: +6.38502e-04 V [step=  1.841]
[2026-02-16 18:52:29.599744] Pt 000200: +6.40919e-04 V [step=  1.925]
[2026-02-16 18:52:29.599744] Pt 000201: +6.41020e-04 V [step=  1.928]
--------------------------------------------------

>> LOG BATCH: 2026-02-16 18:52:30.967746 | Count: 4 <<
--------------------------------------------------
[2026-02-16 18:52:30.967746] Pt 000202: +6.40113e-04 V [step=  1.897]
[2026-02-16 18:52:30.967746] Pt 000203: +6.40214e-04 V [step=  1.900]
[2026-02-16 18:52:30.967746] Pt 000204: +6.42128e-04 V [step=  1.966]
[2026-02-16 18:52:30.967746] Pt 000205: +6.42128e-04 V [step=  1.966]
--------------------------------------------------

>> LOG BATCH: 2026-02-16 18:52:32.330840 | Count: 4 <<
--------------------------------------------------
[2026-02-16 18:52:32.330840] Pt 000206: +6.42631e-04 V [step=  1.983]
[2026-02-16 18:52:32.330840] Pt 000207: +6.42631e-04 V [step=  1.983]
[2026-02-16 18:52:32.330840] Pt 000208: +6.42732e-04 V [step=  1.987]
[2026-02-16 18:52:32.330840] Pt 000209: +6.42732e-04 V [step=  1.987]
--------------------------------------------------

>> LOG BATCH: 2026-02-16 18:52:33.709144 | Count: 4 <<
--------------------------------------------------
[2026-02-16 18:52:33.709144] Pt 000210: +6.43034e-04 V [step=  1.997]
[2026-02-16 18:52:33.709144] Pt 000211: +6.43034e-04 V [step=  1.997]
[2026-02-16 18:52:33.709144] Pt 000212: +6.43437e-04 V [step=  2.011]
[2026-02-16 18:52:33.709144] Pt 000213: +6.43538e-04 V [step=  2.015]
--------------------------------------------------

>> LOG BATCH: 2026-02-16 18:52:35.084633 | Count: 4 <<
--------------------------------------------------
[2026-02-16 18:52:35.084633] Pt 000214: +6.44444e-04 V [step=  2.046]
[2026-02-16 18:52:35.084633] Pt 000215: +6.44343e-04 V [step=  2.042]
[2026-02-16 18:52:35.084633] Pt 000216: +6.46357e-04 V [step=  2.112]
[2026-02-16 18:52:35.084633] Pt 000217: +6.46357e-04 V [step=  2.112]
--------------------------------------------------

>> LOG BATCH: 2026-02-16 18:52:36.460459 | Count: 4 <<
--------------------------------------------------
[2026-02-16 18:52:36.460459] Pt 000218: +6.46458e-04 V [step=  2.115]
[2026-02-16 18:52:36.460459] Pt 000219: +6.46559e-04 V [step=  2.119]
[2026-02-16 18:52:36.460459] Pt 000220: +6.50084e-04 V [step=  2.240]
[2026-02-16 18:52:36.460459] Pt 000221: +6.50084e-04 V [step=  2.240]
--------------------------------------------------

>> LOG BATCH: 2026-02-16 18:52:37.834937 | Count: 4 <<
--------------------------------------------------
[2026-02-16 18:52:37.834937] Pt 000222: +6.48674e-04 V [step=  2.191]
[2026-02-16 18:52:37.834937] Pt 000223: +6.48573e-04 V [step=  2.188]
[2026-02-16 18:52:37.834937] Pt 000224: +6.52601e-04 V [step=  2.326]
[2026-02-16 18:52:37.834937] Pt 000225: +6.52803e-04 V [step=  2.333]
--------------------------------------------------

>> LOG BATCH: 2026-02-16 18:52:39.212460 | Count: 4 <<
--------------------------------------------------
[2026-02-16 18:52:39.212460] Pt 000226: +6.51192e-04 V [step=  2.278]
[2026-02-16 18:52:39.212460] Pt 000227: +6.51192e-04 V [step=  2.278]
[2026-02-16 18:52:39.212460] Pt 000228: +6.53306e-04 V [step=  2.351]
[2026-02-16 18:52:39.212460] Pt 000229: +6.53206e-04 V [step=  2.347]
--------------------------------------------------

>> LOG BATCH: 2026-02-16 18:52:40.571493 | Count: 4 <<
--------------------------------------------------
[2026-02-16 18:52:40.571493] Pt 000230: +6.54515e-04 V [step=  2.392]
[2026-02-16 18:52:40.571493] Pt 000231: +6.54414e-04 V [step=  2.389]
[2026-02-16 18:52:40.571493] Pt 000232: +6.54112e-04 V [step=  2.378]
[2026-02-16 18:52:40.571493] Pt 000233: +6.53911e-04 V [step=  2.371]
--------------------------------------------------

>> LOG BATCH: 2026-02-16 18:52:41.931759 | Count: 4 <<
--------------------------------------------------
[2026-02-16 18:52:41.931759] Pt 000234: +6.54112e-04 V [step=  2.378]
[2026-02-16 18:52:41.931759] Pt 000235: +6.54112e-04 V [step=  2.378]
[2026-02-16 18:52:41.931759] Pt 000236: +6.54515e-04 V [step=  2.392]
[2026-02-16 18:52:41.931759] Pt 000237: +6.54515e-04 V [step=  2.392]
--------------------------------------------------

>> LOG BATCH: 2026-02-16 18:52:43.307893 | Count: 4 <<
--------------------------------------------------
[2026-02-16 18:52:43.307893] Pt 000238: +6.55019e-04 V [step=  2.410]
[2026-02-16 18:52:43.307893] Pt 000239: +6.55019e-04 V [step=  2.410]
[2026-02-16 18:52:43.307893] Pt 000240: +6.58745e-04 V [step=  2.538]
[2026-02-16 18:52:43.307893] Pt 000241: +6.58644e-04 V [step=  2.534]
--------------------------------------------------

>> LOG BATCH: 2026-02-16 18:52:44.674862 | Count: 4 <<
--------------------------------------------------
[2026-02-16 18:52:44.674862] Pt 000242: +6.59349e-04 V [step=  2.558]
[2026-02-16 18:52:44.674862] Pt 000243: +6.59450e-04 V [step=  2.562]
[2026-02-16 18:52:44.674862] Pt 000244: +6.61464e-04 V [step=  2.631]
[2026-02-16 18:52:44.674862] Pt 000245: +6.61565e-04 V [step=  2.635]
--------------------------------------------------

>> LOG BATCH: 2026-02-16 18:52:46.065981 | Count: 4 <<
--------------------------------------------------
[2026-02-16 18:52:46.065981] Pt 000246: +6.61565e-04 V [step=  2.635]
[2026-02-16 18:52:46.065981] Pt 000247: +6.61363e-04 V [step=  2.628]
[2026-02-16 18:52:46.065981] Pt 000248: +6.63982e-04 V [step=  2.718]
[2026-02-16 18:52:46.065981] Pt 000249: +6.64183e-04 V [step=  2.725]
--------------------------------------------------

>> LOG BATCH: 2026-02-16 18:52:47.478621 | Count: 4 <<
--------------------------------------------------
[2026-02-16 18:52:47.478621] Pt 000250: +6.62270e-04 V [step=  2.659]
[2026-02-16 18:52:47.478621] Pt 000251: +6.62270e-04 V [step=  2.659]
[2026-02-16 18:52:47.478621] Pt 000252: +6.66701e-04 V [step=  2.811]
[2026-02-16 18:52:47.478621] Pt 000253: +6.66902e-04 V [step=  2.818]
--------------------------------------------------

>> LOG BATCH: 2026-02-16 18:52:48.876115 | Count: 4 <<
--------------------------------------------------
[2026-02-16 18:52:48.876115] Pt 000254: +6.64486e-04 V [step=  2.735]
[2026-02-16 18:52:48.876115] Pt 000255: +6.64486e-04 V [step=  2.735]
[2026-02-16 18:52:48.876115] Pt 000256: +6.68413e-04 V [step=  2.870]
[2026-02-16 18:52:48.876115] Pt 000257: +6.68413e-04 V [step=  2.870]
--------------------------------------------------

>> LOG BATCH: 2026-02-16 18:52:50.246438 | Count: 4 <<
--------------------------------------------------
[2026-02-16 18:52:50.246438] Pt 000258: +6.65392e-04 V [step=  2.766]
[2026-02-16 18:52:50.246438] Pt 000259: +6.65291e-04 V [step=  2.763]
[2026-02-16 18:52:50.246438] Pt 000260: +6.69823e-04 V [step=  2.919]
[2026-02-16 18:52:50.246438] Pt 000261: +6.69722e-04 V [step=  2.915]
--------------------------------------------------

>> LOG BATCH: 2026-02-16 18:52:51.623693 | Count: 4 <<
--------------------------------------------------
[2026-02-16 18:52:51.623693] Pt 000262: +6.68312e-04 V [step=  2.867]
[2026-02-16 18:52:51.623693] Pt 000263: +6.68312e-04 V [step=  2.867]
[2026-02-16 18:52:51.623693] Pt 000264: +6.70125e-04 V [step=  2.929]
[2026-02-16 18:52:51.623693] Pt 000265: +6.70125e-04 V [step=  2.929]
--------------------------------------------------

>> LOG BATCH: 2026-02-16 18:52:53.005824 | Count: 4 <<
--------------------------------------------------
[2026-02-16 18:52:53.005824] Pt 000266: +6.70629e-04 V [step=  2.947]
[2026-02-16 18:52:53.005824] Pt 000267: +6.70629e-04 V [step=  2.947]
[2026-02-16 18:52:53.005824] Pt 000268: +6.70629e-04 V [step=  2.947]
[2026-02-16 18:52:53.005824] Pt 000269: +6.70730e-04 V [step=  2.950]
--------------------------------------------------

>> LOG BATCH: 2026-02-16 18:52:54.390738 | Count: 4 <<
--------------------------------------------------
[2026-02-16 18:52:54.390738] Pt 000270: +6.71435e-04 V [step=  2.974]
[2026-02-16 18:52:54.390738] Pt 000271: +6.71535e-04 V [step=  2.978]
[2026-02-16 18:52:54.390738] Pt 000272: +6.71736e-04 V [step=  2.985]
[2026-02-16 18:52:54.390738] Pt 000273: +6.71837e-04 V [step=  2.988]
--------------------------------------------------

>> LOG BATCH: 2026-02-16 18:52:55.766790 | Count: 4 <<
--------------------------------------------------
[2026-02-16 18:52:55.766790] Pt 000274: +6.71938e-04 V [step=  2.992]
[2026-02-16 18:52:55.766790] Pt 000275: +6.71636e-04 V [step=  2.981]
[2026-02-16 18:52:55.766790] Pt 000276: +6.73348e-04 V [step=  3.040]
[2026-02-16 18:52:55.766790] Pt 000277: +6.73348e-04 V [step=  3.040]
--------------------------------------------------

>> LOG BATCH: 2026-02-16 18:52:57.149850 | Count: 4 <<
--------------------------------------------------
[2026-02-16 18:52:57.149850] Pt 000278: +6.73751e-04 V [step=  3.054]
[2026-02-16 18:52:57.149850] Pt 000279: +6.73851e-04 V [step=  3.057]
[2026-02-16 18:52:57.149850] Pt 000280: +6.76772e-04 V [step=  3.158]
[2026-02-16 18:52:57.149850] Pt 000281: +6.76672e-04 V [step=  3.154]
--------------------------------------------------

>> LOG BATCH: 2026-02-16 18:52:58.632096 | Count: 4 <<
--------------------------------------------------
[2026-02-16 18:52:58.632096] Pt 000282: +6.76067e-04 V [step=  3.134]
[2026-02-16 18:52:58.632096] Pt 000283: +6.76067e-04 V [step=  3.134]
[2026-02-16 18:52:58.632096] Pt 000284: +6.79592e-04 V [step=  3.255]
[2026-02-16 18:52:58.632096] Pt 000285: +6.79693e-04 V [step=  3.258]
--------------------------------------------------

>> LOG BATCH: 2026-02-16 18:53:00.002230 | Count: 4 <<
--------------------------------------------------
[2026-02-16 18:53:00.002230] Pt 000286: +6.78383e-04 V [step=  3.213]
[2026-02-16 18:53:00.002230] Pt 000287: +6.78182e-04 V [step=  3.206]
[2026-02-16 18:53:00.002230] Pt 000288: +6.82815e-04 V [step=  3.366]
[2026-02-16 18:53:00.002230] Pt 000289: +6.82815e-04 V [step=  3.366]
--------------------------------------------------

>> LOG BATCH: 2026-02-16 18:53:01.371200 | Count: 4 <<
--------------------------------------------------
[2026-02-16 18:53:01.371200] Pt 000290: +6.79995e-04 V [step=  3.269]
[2026-02-16 18:53:01.371200] Pt 000291: +6.79894e-04 V [step=  3.265]
[2026-02-16 18:53:01.371200] Pt 000292: +6.84426e-04 V [step=  3.421]
[2026-02-16 18:53:01.371200] Pt 000293: +6.84527e-04 V [step=  3.425]
--------------------------------------------------

>> LOG BATCH: 2026-02-16 18:53:02.757400 | Count: 4 <<
--------------------------------------------------
[2026-02-16 18:53:02.757400] Pt 000294: +6.82412e-04 V [step=  3.352]
[2026-02-16 18:53:02.757400] Pt 000295: +6.82513e-04 V [step=  3.355]
[2026-02-16 18:53:02.757400] Pt 000296: +6.86037e-04 V [step=  3.477]
[2026-02-16 18:53:02.757400] Pt 000297: +6.86138e-04 V [step=  3.480]
--------------------------------------------------

>> LOG BATCH: 2026-02-16 18:53:04.128988 | Count: 4 <<
--------------------------------------------------
[2026-02-16 18:53:04.128988] Pt 000298: +6.83822e-04 V [step=  3.400]
[2026-02-16 18:53:04.128988] Pt 000299: +6.83822e-04 V [step=  3.400]
[2026-02-16 18:53:04.128988] Pt 000300: +6.87246e-04 V [step=  3.518]
[2026-02-16 18:53:04.128988] Pt 000301: +6.87145e-04 V [step=  3.515]
--------------------------------------------------

>> LOG BATCH: 2026-02-16 18:53:05.494452 | Count: 4 <<
--------------------------------------------------
[2026-02-16 18:53:05.494452] Pt 000302: +6.86541e-04 V [step=  3.494]
[2026-02-16 18:53:05.494452] Pt 000303: +6.86642e-04 V [step=  3.497]
[2026-02-16 18:53:05.494452] Pt 000304: +6.87850e-04 V [step=  3.539]
[2026-02-16 18:53:05.494452] Pt 000305: +6.87951e-04 V [step=  3.542]
--------------------------------------------------

>> LOG BATCH: 2026-02-16 18:53:06.855542 | Count: 4 <<
--------------------------------------------------
[2026-02-16 18:53:06.855542] Pt 000306: +6.87145e-04 V [step=  3.515]
[2026-02-16 18:53:06.855542] Pt 000307: +6.87246e-04 V [step=  3.518]
[2026-02-16 18:53:06.855542] Pt 000308: +6.87347e-04 V [step=  3.522]
[2026-02-16 18:53:06.855542] Pt 000309: +6.87347e-04 V [step=  3.522]
--------------------------------------------------

>> LOG BATCH: 2026-02-16 18:53:08.235392 | Count: 4 <<
--------------------------------------------------
[2026-02-16 18:53:08.235392] Pt 000310: +6.88253e-04 V [step=  3.553]
[2026-02-16 18:53:08.235392] Pt 000311: +6.88253e-04 V [step=  3.553]
[2026-02-16 18:53:08.235392] Pt 000312: +6.92584e-04 V [step=  3.702]
[2026-02-16 18:53:08.235392] Pt 000313: +6.92483e-04 V [step=  3.698]
--------------------------------------------------

>> LOG BATCH: 2026-02-16 18:53:09.633535 | Count: 4 <<
--------------------------------------------------
[2026-02-16 18:53:09.633535] Pt 000314: +6.91375e-04 V [step=  3.660]
[2026-02-16 18:53:09.633535] Pt 000315: +6.91375e-04 V [step=  3.660]
[2026-02-16 18:53:09.633535] Pt 000316: +6.94598e-04 V [step=  3.771]
[2026-02-16 18:53:09.633535] Pt 000317: +6.94799e-04 V [step=  3.778]
--------------------------------------------------

>> LOG BATCH: 2026-02-16 18:53:11.016634 | Count: 4 <<
--------------------------------------------------
[2026-02-16 18:53:11.016634] Pt 000318: +6.94195e-04 V [step=  3.757]
[2026-02-16 18:53:11.016634] Pt 000319: +6.94195e-04 V [step=  3.757]
[2026-02-16 18:53:11.016634] Pt 000320: +6.96410e-04 V [step=  3.833]
[2026-02-16 18:53:11.016634] Pt 000321: +6.96511e-04 V [step=  3.837]
--------------------------------------------------

>> LOG BATCH: 2026-02-16 18:53:12.408379 | Count: 4 <<
--------------------------------------------------
[2026-02-16 18:53:12.408379] Pt 000322: +6.95605e-04 V [step=  3.806]
[2026-02-16 18:53:12.408379] Pt 000323: +6.95605e-04 V [step=  3.806]
[2026-02-16 18:53:12.408379] Pt 000324: +6.97720e-04 V [step=  3.878]
[2026-02-16 18:53:12.408379] Pt 000325: +6.97619e-04 V [step=  3.875]
--------------------------------------------------

>> LOG BATCH: 2026-02-16 18:53:13.789541 | Count: 4 <<
--------------------------------------------------
[2026-02-16 18:53:13.789541] Pt 000326: +6.96813e-04 V [step=  3.847]
[2026-02-16 18:53:13.789541] Pt 000327: +6.96813e-04 V [step=  3.847]
[2026-02-16 18:53:13.789541] Pt 000328: +7.00540e-04 V [step=  3.975]
[2026-02-16 18:53:13.789541] Pt 000329: +7.00439e-04 V [step=  3.972]
--------------------------------------------------

>> LOG BATCH: 2026-02-16 18:53:15.158202 | Count: 4 <<
--------------------------------------------------
[2026-02-16 18:53:15.158202] Pt 000330: +6.99432e-04 V [step=  3.937]
[2026-02-16 18:53:15.158202] Pt 000331: +6.99533e-04 V [step=  3.941]
[2026-02-16 18:53:15.158202] Pt 000332: +7.00439e-04 V [step=  3.972]
[2026-02-16 18:53:15.158202] Pt 000333: +7.00540e-04 V [step=  3.975]
--------------------------------------------------

>> LOG BATCH: 2026-02-16 18:53:16.515978 | Count: 4 <<
--------------------------------------------------
[2026-02-16 18:53:16.515978] Pt 000334: +7.01346e-04 V [step=  4.003]
[2026-02-16 18:53:16.515978] Pt 000335: +7.01547e-04 V [step=  4.010]
[2026-02-16 18:53:16.515978] Pt 000336: +7.02051e-04 V [step=  4.027]
[2026-02-16 18:53:16.515978] Pt 000337: +7.02051e-04 V [step=  4.027]
--------------------------------------------------

>> LOG BATCH: 2026-02-16 18:53:17.898038 | Count: 4 <<
--------------------------------------------------
[2026-02-16 18:53:17.898038] Pt 000338: +7.01949e-04 V [step=  4.024]
[2026-02-16 18:53:17.898038] Pt 000339: +7.01949e-04 V [step=  4.024]
[2026-02-16 18:53:17.898038] Pt 000340: +7.02151e-04 V [step=  4.031]
[2026-02-16 18:53:17.898038] Pt 000341: +7.02352e-04 V [step=  4.038]
--------------------------------------------------

>> LOG BATCH: 2026-02-16 18:53:19.261077 | Count: 4 <<
--------------------------------------------------
[2026-02-16 18:53:19.261077] Pt 000342: +7.02756e-04 V [step=  4.052]
[2026-02-16 18:53:19.261077] Pt 000343: +7.02654e-04 V [step=  4.048]
[2026-02-16 18:53:19.261077] Pt 000344: +7.04064e-04 V [step=  4.097]
[2026-02-16 18:53:19.261077] Pt 000345: +7.04064e-04 V [step=  4.097]
--------------------------------------------------

>> LOG BATCH: 2026-02-16 18:53:20.640793 | Count: 4 <<
--------------------------------------------------
[2026-02-16 18:53:20.640793] Pt 000346: +7.05374e-04 V [step=  4.142]
[2026-02-16 18:53:20.640793] Pt 000347: +7.05072e-04 V [step=  4.131]
[2026-02-16 18:53:20.640793] Pt 000348: +7.06582e-04 V [step=  4.183]
[2026-02-16 18:53:20.640793] Pt 000349: +7.06885e-04 V [step=  4.194]
--------------------------------------------------

>> LOG BATCH: 2026-02-16 18:53:22.011273 | Count: 4 <<
--------------------------------------------------
[2026-02-16 18:53:22.011273] Pt 000350: +7.08496e-04 V [step=  4.249]
[2026-02-16 18:53:22.011273] Pt 000351: +7.08395e-04 V [step=  4.246]
[2026-02-16 18:53:22.011273] Pt 000352: +7.10208e-04 V [step=  4.308]
[2026-02-16 18:53:22.011273] Pt 000353: +7.10107e-04 V [step=  4.305]
--------------------------------------------------

>> LOG BATCH: 2026-02-16 18:53:23.377164 | Count: 4 <<
--------------------------------------------------
[2026-02-16 18:53:23.377164] Pt 000354: +7.09805e-04 V [step=  4.294]
[2026-02-16 18:53:23.377164] Pt 000355: +7.10006e-04 V [step=  4.301]
[2026-02-16 18:53:23.377164] Pt 000356: +7.12222e-04 V [step=  4.377]
[2026-02-16 18:53:23.377164] Pt 000357: +7.12323e-04 V [step=  4.381]
--------------------------------------------------

>> LOG BATCH: 2026-02-16 18:53:24.742629 | Count: 4 <<
--------------------------------------------------
[2026-02-16 18:53:24.742629] Pt 000358: +7.11618e-04 V [step=  4.357]
[2026-02-16 18:53:24.742629] Pt 000359: +7.11618e-04 V [step=  4.357]
[2026-02-16 18:53:24.742629] Pt 000360: +7.14941e-04 V [step=  4.471]
[2026-02-16 18:53:24.742629] Pt 000361: +7.14840e-04 V [step=  4.467]
--------------------------------------------------

>> LOG BATCH: 2026-02-16 18:53:26.124967 | Count: 4 <<
--------------------------------------------------
[2026-02-16 18:53:26.124967] Pt 000362: +7.14236e-04 V [step=  4.447]
[2026-02-16 18:53:26.124967] Pt 000363: +7.14236e-04 V [step=  4.447]
[2026-02-16 18:53:26.124967] Pt 000364: +7.15948e-04 V [step=  4.505]
[2026-02-16 18:53:26.124967] Pt 000365: +7.15848e-04 V [step=  4.502]
--------------------------------------------------

>> LOG BATCH: 2026-02-16 18:53:27.522908 | Count: 4 <<
--------------------------------------------------
[2026-02-16 18:53:27.522908] Pt 000366: +7.15042e-04 V [step=  4.474]
[2026-02-16 18:53:27.522908] Pt 000367: +7.15042e-04 V [step=  4.474]
[2026-02-16 18:53:27.522908] Pt 000368: +7.15646e-04 V [step=  4.495]
[2026-02-16 18:53:27.522908] Pt 000369: +7.15848e-04 V [step=  4.502]
--------------------------------------------------

>> LOG BATCH: 2026-02-16 18:53:28.891484 | Count: 4 <<
--------------------------------------------------
[2026-02-16 18:53:28.891484] Pt 000370: +7.16452e-04 V [step=  4.523]
[2026-02-16 18:53:28.891484] Pt 000371: +7.16049e-04 V [step=  4.509]
[2026-02-16 18:53:28.891484] Pt 000372: +7.17459e-04 V [step=  4.557]
[2026-02-16 18:53:28.891484] Pt 000373: +7.17459e-04 V [step=  4.557]
--------------------------------------------------

>> LOG BATCH: 2026-02-16 18:53:30.250895 | Count: 4 <<
--------------------------------------------------
[2026-02-16 18:53:30.250895] Pt 000374: +7.18265e-04 V [step=  4.585]
[2026-02-16 18:53:30.250895] Pt 000375: +7.18265e-04 V [step=  4.585]
[2026-02-16 18:53:30.250895] Pt 000376: +7.20581e-04 V [step=  4.665]
[2026-02-16 18:53:30.250895] Pt 000377: +7.20782e-04 V [step=  4.672]
--------------------------------------------------

>> LOG BATCH: 2026-02-16 18:53:31.613496 | Count: 4 <<
--------------------------------------------------
[2026-02-16 18:53:31.613496] Pt 000378: +7.21286e-04 V [step=  4.689]
[2026-02-16 18:53:31.613496] Pt 000379: +7.21387e-04 V [step=  4.693]
[2026-02-16 18:53:31.613496] Pt 000380: +7.23602e-04 V [step=  4.769]
[2026-02-16 18:53:31.613496] Pt 000381: +7.23502e-04 V [step=  4.765]
--------------------------------------------------

>> LOG BATCH: 2026-02-16 18:53:32.988178 | Count: 4 <<
--------------------------------------------------
[2026-02-16 18:53:32.988178] Pt 000382: +7.22293e-04 V [step=  4.724]
[2026-02-16 18:53:32.988178] Pt 000383: +7.22293e-04 V [step=  4.724]
[2026-02-16 18:53:32.988178] Pt 000384: +7.27026e-04 V [step=  4.887]
[2026-02-16 18:53:32.988178] Pt 000385: +7.27127e-04 V [step=  4.890]
--------------------------------------------------

>> LOG BATCH: 2026-02-16 18:53:34.369665 | Count: 4 <<
--------------------------------------------------
[2026-02-16 18:53:34.369665] Pt 000386: +7.24509e-04 V [step=  4.800]
[2026-02-16 18:53:34.369665] Pt 000387: +7.24509e-04 V [step=  4.800]
[2026-02-16 18:53:34.369665] Pt 000388: +7.27731e-04 V [step=  4.911]
[2026-02-16 18:53:34.369665] Pt 000389: +7.27832e-04 V [step=  4.914]
--------------------------------------------------

>> LOG BATCH: 2026-02-16 18:53:35.756416 | Count: 4 <<
--------------------------------------------------
[2026-02-16 18:53:35.756416] Pt 000390: +7.26623e-04 V [step=  4.873]
[2026-02-16 18:53:35.756416] Pt 000391: +7.26725e-04 V [step=  4.876]
[2026-02-16 18:53:35.756416] Pt 000392: +7.29444e-04 V [step=  4.970]
[2026-02-16 18:53:35.756416] Pt 000393: +7.29343e-04 V [step=  4.966]
--------------------------------------------------

>> LOG BATCH: 2026-02-16 18:53:37.147932 | Count: 4 <<
--------------------------------------------------
[2026-02-16 18:53:37.147932] Pt 000394: +7.27430e-04 V [step=  4.900]
[2026-02-16 18:53:37.147932] Pt 000395: +7.27228e-04 V [step=  4.893]
[2026-02-16 18:53:37.147932] Pt 000396: +7.29444e-04 V [step=  4.970]
[2026-02-16 18:53:37.147932] Pt 000397: +7.29444e-04 V [step=  4.970]
--------------------------------------------------

>> LOG BATCH: 2026-02-16 18:53:38.518042 | Count: 4 <<
--------------------------------------------------
[2026-02-16 18:53:38.518042] Pt 000398: +7.30249e-04 V [step=  4.997]
[2026-02-16 18:53:38.518042] Pt 000399: +7.30249e-04 V [step=  4.997]
[2026-02-16 18:53:38.518042] Pt 000400: +7.31559e-04 V [step=  5.042]
[2026-02-16 18:53:38.518042] Pt 000401: +7.31760e-04 V [step=  5.049]
--------------------------------------------------

>> LOG BATCH: 2026-02-16 18:53:39.891307 | Count: 4 <<
--------------------------------------------------
[2026-02-16 18:53:39.891307] Pt 000402: +7.32062e-04 V [step=  5.060]
[2026-02-16 18:53:39.891307] Pt 000403: +7.32163e-04 V [step=  5.063]
[2026-02-16 18:53:39.891307] Pt 000404: +7.32868e-04 V [step=  5.088]
[2026-02-16 18:53:39.891307] Pt 000405: +7.32565e-04 V [step=  5.077]
--------------------------------------------------

>> LOG BATCH: 2026-02-16 18:53:41.250228 | Count: 4 <<
--------------------------------------------------
[2026-02-16 18:53:41.250228] Pt 000406: +7.31961e-04 V [step=  5.056]
[2026-02-16 18:53:41.250228] Pt 000407: +7.31961e-04 V [step=  5.056]
[2026-02-16 18:53:41.250228] Pt 000408: +7.32969e-04 V [step=  5.091]
[2026-02-16 18:53:41.250228] Pt 000409: +7.32868e-04 V [step=  5.088]
--------------------------------------------------

>> LOG BATCH: 2026-02-16 18:53:42.618659 | Count: 4 <<
--------------------------------------------------
[2026-02-16 18:53:42.618659] Pt 000410: +7.33975e-04 V [step=  5.126]
[2026-02-16 18:53:42.618659] Pt 000411: +7.34177e-04 V [step=  5.133]
[2026-02-16 18:53:42.618659] Pt 000412: +7.35587e-04 V [step=  5.181]
[2026-02-16 18:53:42.618659] Pt 000413: +7.35285e-04 V [step=  5.171]
--------------------------------------------------

>> LOG BATCH: 2026-02-16 18:53:43.988248 | Count: 4 <<
--------------------------------------------------
[2026-02-16 18:53:43.988248] Pt 000414: +7.36090e-04 V [step=  5.198]
[2026-02-16 18:53:43.988248] Pt 000415: +7.35990e-04 V [step=  5.195]
[2026-02-16 18:53:43.988248] Pt 000416: +7.38809e-04 V [step=  5.292]
[2026-02-16 18:53:43.988248] Pt 000417: +7.38809e-04 V [step=  5.292]
--------------------------------------------------

>> LOG BATCH: 2026-02-16 18:53:45.369038 | Count: 4 <<
--------------------------------------------------
[2026-02-16 18:53:45.369038] Pt 000418: +7.38407e-04 V [step=  5.278]
[2026-02-16 18:53:45.369038] Pt 000419: +7.38508e-04 V [step=  5.282]
[2026-02-16 18:53:45.369038] Pt 000420: +7.40622e-04 V [step=  5.354]
[2026-02-16 18:53:45.369038] Pt 000421: +7.40622e-04 V [step=  5.354]
--------------------------------------------------

>> LOG BATCH: 2026-02-16 18:53:46.742122 | Count: 4 <<
--------------------------------------------------
[2026-02-16 18:53:46.742122] Pt 000422: +7.41025e-04 V [step=  5.368]
[2026-02-16 18:53:46.742122] Pt 000423: +7.41126e-04 V [step=  5.372]
[2026-02-16 18:53:46.742122] Pt 000424: +7.41025e-04 V [step=  5.368]
[2026-02-16 18:53:46.742122] Pt 000425: +7.41227e-04 V [step=  5.375]
--------------------------------------------------

>> LOG BATCH: 2026-02-16 18:53:48.098481 | Count: 4 <<
--------------------------------------------------
[2026-02-16 18:53:48.098481] Pt 000426: +7.42637e-04 V [step=  5.424]
[2026-02-16 18:53:48.098481] Pt 000427: +7.42435e-04 V [step=  5.417]
[2026-02-16 18:53:48.098481] Pt 000428: +7.42838e-04 V [step=  5.430]
[2026-02-16 18:53:48.098481] Pt 000429: +7.42939e-04 V [step=  5.434]
--------------------------------------------------

>> LOG BATCH: 2026-02-16 18:53:49.472871 | Count: 4 <<
--------------------------------------------------
[2026-02-16 18:53:49.472871] Pt 000430: +7.43543e-04 V [step=  5.455]
[2026-02-16 18:53:49.472871] Pt 000431: +7.43543e-04 V [step=  5.455]
[2026-02-16 18:53:49.472871] Pt 000432: +7.45053e-04 V [step=  5.507]
[2026-02-16 18:53:49.472871] Pt 000433: +7.45356e-04 V [step=  5.517]
--------------------------------------------------

>> LOG BATCH: 2026-02-16 18:53:50.831181 | Count: 4 <<
--------------------------------------------------
[2026-02-16 18:53:50.831181] Pt 000434: +7.47471e-04 V [step=  5.590]
[2026-02-16 18:53:50.831181] Pt 000435: +7.47471e-04 V [step=  5.590]
[2026-02-16 18:53:50.831181] Pt 000436: +7.47471e-04 V [step=  5.590]
[2026-02-16 18:53:50.831181] Pt 000437: +7.47672e-04 V [step=  5.597]
--------------------------------------------------

>> LOG BATCH: 2026-02-16 18:53:52.218615 | Count: 4 <<
--------------------------------------------------
[2026-02-16 18:53:52.218615] Pt 000438: +7.49082e-04 V [step=  5.645]
[2026-02-16 18:53:52.218615] Pt 000439: +7.49283e-04 V [step=  5.652]
[2026-02-16 18:53:52.218615] Pt 000440: +7.51499e-04 V [step=  5.728]
[2026-02-16 18:53:52.218615] Pt 000441: +7.51399e-04 V [step=  5.725]
--------------------------------------------------

>> LOG BATCH: 2026-02-16 18:53:53.598954 | Count: 4 <<
--------------------------------------------------
[2026-02-16 18:53:53.598954] Pt 000442: +7.49988e-04 V [step=  5.676]
[2026-02-16 18:53:53.598954] Pt 000443: +7.49988e-04 V [step=  5.676]
[2026-02-16 18:53:53.598954] Pt 000444: +7.54621e-04 V [step=  5.836]
[2026-02-16 18:53:53.598954] Pt 000445: +7.54520e-04 V [step=  5.832]
--------------------------------------------------

>> LOG BATCH: 2026-02-16 18:53:54.973416 | Count: 4 <<
--------------------------------------------------
[2026-02-16 18:53:54.973416] Pt 000446: +7.50190e-04 V [step=  5.683]
[2026-02-16 18:53:54.973416] Pt 000447: +7.50190e-04 V [step=  5.683]
[2026-02-16 18:53:54.973416] Pt 000448: +7.57139e-04 V [step=  5.922]
[2026-02-16 18:53:54.973416] Pt 000449: +7.57139e-04 V [step=  5.922]
--------------------------------------------------

>> LOG BATCH: 2026-02-16 18:53:56.342754 | Count: 4 <<
--------------------------------------------------
[2026-02-16 18:53:56.342754] Pt 000450: +7.51600e-04 V [step=  5.732]
[2026-02-16 18:53:56.342754] Pt 000451: +7.51499e-04 V [step=  5.728]
[2026-02-16 18:53:56.342754] Pt 000452: +7.58649e-04 V [step=  5.974]
[2026-02-16 18:53:56.342754] Pt 000453: +7.58750e-04 V [step=  5.978]
--------------------------------------------------

>> LOG BATCH: 2026-02-16 18:53:57.719385 | Count: 4 <<
--------------------------------------------------
[2026-02-16 18:53:57.719385] Pt 000454: +7.54823e-04 V [step=  5.843]
[2026-02-16 18:53:57.719385] Pt 000455: +7.54621e-04 V [step=  5.836]
[2026-02-16 18:53:57.719385] Pt 000456: +7.58549e-04 V [step=  5.971]
[2026-02-16 18:53:57.719385] Pt 000457: +7.58750e-04 V [step=  5.978]
--------------------------------------------------

>> LOG BATCH: 2026-02-16 18:53:59.093520 | Count: 4 <<
--------------------------------------------------
[2026-02-16 18:53:59.093520] Pt 000458: +7.57844e-04 V [step=  5.947]
[2026-02-16 18:53:59.093520] Pt 000459: +7.57944e-04 V [step=  5.950]
[2026-02-16 18:53:59.093520] Pt 000460: +7.59254e-04 V [step=  5.995]
[2026-02-16 18:53:59.093520] Pt 000461: +7.59455e-04 V [step=  6.002]
--------------------------------------------------

>> LOG BATCH: 2026-02-16 18:54:00.489777 | Count: 4 <<
--------------------------------------------------
[2026-02-16 18:54:00.489777] Pt 000462: +7.58549e-04 V [step=  5.971]
[2026-02-16 18:54:00.489777] Pt 000463: +7.58649e-04 V [step=  5.974]
[2026-02-16 18:54:00.489777] Pt 000464: +7.59757e-04 V [step=  6.012]
[2026-02-16 18:54:00.489777] Pt 000465: +7.59657e-04 V [step=  6.009]
--------------------------------------------------

>> LOG BATCH: 2026-02-16 18:54:01.863649 | Count: 4 <<
--------------------------------------------------
[2026-02-16 18:54:01.863649] Pt 000466: +7.60160e-04 V [step=  6.026]
[2026-02-16 18:54:01.863649] Pt 000467: +7.60160e-04 V [step=  6.026]
[2026-02-16 18:54:01.863649] Pt 000468: +7.59959e-04 V [step=  6.019]
[2026-02-16 18:54:01.863649] Pt 000469: +7.60059e-04 V [step=  6.023]
--------------------------------------------------

>> LOG BATCH: 2026-02-16 18:54:03.225305 | Count: 4 <<
--------------------------------------------------
[2026-02-16 18:54:03.225305] Pt 000470: +7.61167e-04 V [step=  6.061]
[2026-02-16 18:54:03.225305] Pt 000471: +7.61167e-04 V [step=  6.061]
[2026-02-16 18:54:03.225305] Pt 000472: +7.63182e-04 V [step=  6.130]
[2026-02-16 18:54:03.225305] Pt 000473: +7.63282e-04 V [step=  6.134]
--------------------------------------------------

>> LOG BATCH: 2026-02-16 18:54:04.609312 | Count: 4 <<
--------------------------------------------------
[2026-02-16 18:54:04.609312] Pt 000474: +7.63483e-04 V [step=  6.141]
[2026-02-16 18:54:04.609312] Pt 000475: +7.63483e-04 V [step=  6.141]
[2026-02-16 18:54:04.609312] Pt 000476: +7.67411e-04 V [step=  6.276]
[2026-02-16 18:54:04.609312] Pt 000477: +7.67512e-04 V [step=  6.279]
--------------------------------------------------

>> LOG BATCH: 2026-02-16 18:54:05.984539 | Count: 4 <<
--------------------------------------------------
[2026-02-16 18:54:05.984539] Pt 000478: +7.65901e-04 V [step=  6.224]
[2026-02-16 18:54:05.984539] Pt 000479: +7.65901e-04 V [step=  6.224]
[2026-02-16 18:54:05.984539] Pt 000480: +7.69325e-04 V [step=  6.342]
[2026-02-16 18:54:05.984539] Pt 000481: +7.69426e-04 V [step=  6.345]
--------------------------------------------------

>> LOG BATCH: 2026-02-16 18:54:07.369553 | Count: 4 <<
--------------------------------------------------
[2026-02-16 18:54:07.369553] Pt 000482: +7.69022e-04 V [step=  6.331]
[2026-02-16 18:54:07.369553] Pt 000483: +7.68821e-04 V [step=  6.324]
[2026-02-16 18:54:07.369553] Pt 000484: +7.70735e-04 V [step=  6.390]
[2026-02-16 18:54:07.369553] Pt 000485: +7.70835e-04 V [step=  6.394]
--------------------------------------------------

>> LOG BATCH: 2026-02-16 18:54:08.736968 | Count: 4 <<
--------------------------------------------------
[2026-02-16 18:54:08.736968] Pt 000486: +7.70835e-04 V [step=  6.394]
[2026-02-16 18:54:08.736968] Pt 000487: +7.70634e-04 V [step=  6.387]
[2026-02-16 18:54:08.736968] Pt 000488: +7.72145e-04 V [step=  6.439]
[2026-02-16 18:54:08.736968] Pt 000489: +7.72044e-04 V [step=  6.435]
--------------------------------------------------

>> LOG BATCH: 2026-02-16 18:54:10.104021 | Count: 4 <<
--------------------------------------------------
[2026-02-16 18:54:10.104021] Pt 000490: +7.72447e-04 V [step=  6.449]
[2026-02-16 18:54:10.104021] Pt 000491: +7.72547e-04 V [step=  6.452]
[2026-02-16 18:54:10.104021] Pt 000492: +7.74763e-04 V [step=  6.529]
[2026-02-16 18:54:10.104021] Pt 000493: +7.74662e-04 V [step=  6.525]
--------------------------------------------------

>> LOG BATCH: 2026-02-16 18:54:11.477339 | Count: 4 <<
--------------------------------------------------
[2026-02-16 18:54:11.477339] Pt 000494: +7.73756e-04 V [step=  6.494]
[2026-02-16 18:54:11.477339] Pt 000495: +7.73756e-04 V [step=  6.494]
[2026-02-16 18:54:11.477339] Pt 000496: +7.74159e-04 V [step=  6.508]
[2026-02-16 18:54:11.477339] Pt 000497: +7.74058e-04 V [step=  6.504]
--------------------------------------------------

>> LOG BATCH: 2026-02-16 18:54:12.859945 | Count: 4 <<
--------------------------------------------------
[2026-02-16 18:54:12.859945] Pt 000498: +7.74058e-04 V [step=  6.504]
[2026-02-16 18:54:12.859945] Pt 000499: +7.74159e-04 V [step=  6.508]
[2026-02-16 18:54:12.859945] Pt 000500: +7.77381e-04 V [step=  6.619]
[2026-02-16 18:54:12.859945] Pt 000501: +7.77079e-04 V [step=  6.608]
--------------------------------------------------

>> LOG BATCH: 2026-02-16 18:54:14.243384 | Count: 4 <<
--------------------------------------------------
[2026-02-16 18:54:14.243384] Pt 000502: +7.77381e-04 V [step=  6.619]
[2026-02-16 18:54:14.243384] Pt 000503: +7.77381e-04 V [step=  6.619]
[2026-02-16 18:54:14.243384] Pt 000504: +7.79396e-04 V [step=  6.688]
[2026-02-16 18:54:14.243384] Pt 000505: +7.79396e-04 V [step=  6.688]
--------------------------------------------------

>> LOG BATCH: 2026-02-16 18:54:15.610974 | Count: 4 <<
--------------------------------------------------
[2026-02-16 18:54:15.610974] Pt 000506: +7.78389e-04 V [step=  6.653]
[2026-02-16 18:54:15.610974] Pt 000507: +7.78187e-04 V [step=  6.646]
[2026-02-16 18:54:15.610974] Pt 000508: +7.82820e-04 V [step=  6.806]
[2026-02-16 18:54:15.610974] Pt 000509: +7.82719e-04 V [step=  6.802]
--------------------------------------------------

>> LOG BATCH: 2026-02-16 18:54:16.995260 | Count: 4 <<
--------------------------------------------------
[2026-02-16 18:54:16.995260] Pt 000510: +7.79799e-04 V [step=  6.702]
[2026-02-16 18:54:16.995260] Pt 000511: +7.79899e-04 V [step=  6.705]
[2026-02-16 18:54:16.995260] Pt 000512: +7.85338e-04 V [step=  6.892]
[2026-02-16 18:54:16.995260] Pt 000513: +7.85136e-04 V [step=  6.885]
--------------------------------------------------

>> LOG BATCH: 2026-02-16 18:54:18.365996 | Count: 4 <<
--------------------------------------------------
[2026-02-16 18:54:18.365996] Pt 000514: +7.81913e-04 V [step=  6.775]
[2026-02-16 18:54:18.365996] Pt 000515: +7.82115e-04 V [step=  6.782]
[2026-02-16 18:54:18.365996] Pt 000516: +7.86748e-04 V [step=  6.941]
[2026-02-16 18:54:18.365996] Pt 000517: +7.86647e-04 V [step=  6.937]
--------------------------------------------------

>> LOG BATCH: 2026-02-16 18:54:19.757511 | Count: 4 <<
--------------------------------------------------
[2026-02-16 18:54:19.757511] Pt 000518: +7.83726e-04 V [step=  6.837]
[2026-02-16 18:54:19.757511] Pt 000519: +7.83827e-04 V [step=  6.840]
[2026-02-16 18:54:19.757511] Pt 000520: +7.88258e-04 V [step=  6.993]
[2026-02-16 18:54:19.757511] Pt 000521: +7.88561e-04 V [step=  7.003]
--------------------------------------------------

>> LOG BATCH: 2026-02-16 18:54:21.149112 | Count: 4 <<
--------------------------------------------------
[2026-02-16 18:54:21.149112] Pt 000522: +7.85942e-04 V [step=  6.913]
[2026-02-16 18:54:21.149112] Pt 000523: +7.85942e-04 V [step=  6.913]
[2026-02-16 18:54:21.149112] Pt 000524: +7.88963e-04 V [step=  7.017]
[2026-02-16 18:54:21.149112] Pt 000525: +7.89265e-04 V [step=  7.028]
--------------------------------------------------

>> LOG BATCH: 2026-02-16 18:54:22.525747 | Count: 4 <<
--------------------------------------------------
[2026-02-16 18:54:22.525747] Pt 000526: +7.88963e-04 V [step=  7.017]
[2026-02-16 18:54:22.525747] Pt 000527: +7.88963e-04 V [step=  7.017]
[2026-02-16 18:54:22.525747] Pt 000528: +7.89970e-04 V [step=  7.052]
[2026-02-16 18:54:22.525747] Pt 000529: +7.89970e-04 V [step=  7.052]
--------------------------------------------------

>> LOG BATCH: 2026-02-16 18:54:23.909928 | Count: 4 <<
--------------------------------------------------
[2026-02-16 18:54:23.909928] Pt 000530: +7.90272e-04 V [step=  7.062]
[2026-02-16 18:54:23.909928] Pt 000531: +7.90373e-04 V [step=  7.066]
[2026-02-16 18:54:23.909928] Pt 000532: +7.90675e-04 V [step=  7.076]
[2026-02-16 18:54:23.909928] Pt 000533: +7.90776e-04 V [step=  7.079]
--------------------------------------------------

>> LOG BATCH: 2026-02-16 18:54:25.300675 | Count: 4 <<
--------------------------------------------------
[2026-02-16 18:54:25.300675] Pt 000534: +7.91179e-04 V [step=  7.093]
[2026-02-16 18:54:25.300675] Pt 000535: +7.91280e-04 V [step=  7.097]
[2026-02-16 18:54:25.300675] Pt 000536: +7.90877e-04 V [step=  7.083]
[2026-02-16 18:54:25.300675] Pt 000537: +7.90776e-04 V [step=  7.079]
--------------------------------------------------

>> LOG BATCH: 2026-02-16 18:54:26.678649 | Count: 4 <<
--------------------------------------------------
[2026-02-16 18:54:26.678649] Pt 000538: +7.91582e-04 V [step=  7.107]
[2026-02-16 18:54:26.678649] Pt 000539: +7.91582e-04 V [step=  7.107]
[2026-02-16 18:54:26.678649] Pt 000540: +7.93696e-04 V [step=  7.180]
[2026-02-16 18:54:26.678649] Pt 000541: +7.93797e-04 V [step=  7.183]
--------------------------------------------------

>> LOG BATCH: 2026-02-16 18:54:28.061873 | Count: 4 <<
--------------------------------------------------
[2026-02-16 18:54:28.061873] Pt 000542: +7.95409e-04 V [step=  7.239]
[2026-02-16 18:54:28.061873] Pt 000543: +7.95409e-04 V [step=  7.239]
[2026-02-16 18:54:28.061873] Pt 000544: +7.98027e-04 V [step=  7.329]
[2026-02-16 18:54:28.061873] Pt 000545: +7.97826e-04 V [step=  7.322]
--------------------------------------------------

>> LOG BATCH: 2026-02-16 18:54:29.426920 | Count: 4 <<
--------------------------------------------------
[2026-02-16 18:54:29.426920] Pt 000546: +7.96516e-04 V [step=  7.277]
[2026-02-16 18:54:29.426920] Pt 000547: +7.96416e-04 V [step=  7.274]
[2026-02-16 18:54:29.426920] Pt 000548: +8.00444e-04 V [step=  7.412]
[2026-02-16 18:54:29.426920] Pt 000549: +8.00444e-04 V [step=  7.412]
--------------------------------------------------

>> LOG BATCH: 2026-02-16 18:54:30.809071 | Count: 4 <<
--------------------------------------------------
[2026-02-16 18:54:30.809071] Pt 000550: +7.99236e-04 V [step=  7.371]
[2026-02-16 18:54:30.809071] Pt 000551: +7.99236e-04 V [step=  7.371]
[2026-02-16 18:54:30.809071] Pt 000552: +8.01048e-04 V [step=  7.433]
[2026-02-16 18:54:30.809071] Pt 000553: +8.01048e-04 V [step=  7.433]
--------------------------------------------------

>> LOG BATCH: 2026-02-16 18:54:32.169221 | Count: 4 <<
--------------------------------------------------
[2026-02-16 18:54:32.169221] Pt 000554: +8.00746e-04 V [step=  7.422]
[2026-02-16 18:54:32.169221] Pt 000555: +8.00645e-04 V [step=  7.419]
[2026-02-16 18:54:32.169221] Pt 000556: +8.02559e-04 V [step=  7.485]
[2026-02-16 18:54:32.169221] Pt 000557: +8.02559e-04 V [step=  7.485]
--------------------------------------------------

>> LOG BATCH: 2026-02-16 18:54:33.554056 | Count: 4 <<
--------------------------------------------------
[2026-02-16 18:54:33.554056] Pt 000558: +8.03969e-04 V [step=  7.533]
[2026-02-16 18:54:33.554056] Pt 000559: +8.04070e-04 V [step=  7.537]
[2026-02-16 18:54:33.554056] Pt 000560: +8.03566e-04 V [step=  7.519]
[2026-02-16 18:54:33.554056] Pt 000561: +8.03465e-04 V [step=  7.516]
--------------------------------------------------

>> LOG BATCH: 2026-02-16 18:54:34.949363 | Count: 4 <<
--------------------------------------------------
[2026-02-16 18:54:34.949363] Pt 000562: +8.03969e-04 V [step=  7.533]
[2026-02-16 18:54:34.949363] Pt 000563: +8.03868e-04 V [step=  7.530]
[2026-02-16 18:54:34.949363] Pt 000564: +8.05379e-04 V [step=  7.582]
[2026-02-16 18:54:34.949363] Pt 000565: +8.05479e-04 V [step=  7.585]
--------------------------------------------------

>> LOG BATCH: 2026-02-16 18:54:36.386502 | Count: 4 <<
--------------------------------------------------
[2026-02-16 18:54:36.386502] Pt 000566: +8.05077e-04 V [step=  7.571]
[2026-02-16 18:54:36.386502] Pt 000567: +8.05278e-04 V [step=  7.578]
[2026-02-16 18:54:36.386502] Pt 000568: +8.08702e-04 V [step=  7.696]
[2026-02-16 18:54:36.386502] Pt 000569: +8.08904e-04 V [step=  7.703]
--------------------------------------------------

>> LOG BATCH: 2026-02-16 18:54:37.804424 | Count: 4 <<
--------------------------------------------------
[2026-02-16 18:54:37.804424] Pt 000570: +8.08300e-04 V [step=  7.682]
[2026-02-16 18:54:37.804424] Pt 000571: +8.08400e-04 V [step=  7.686]
[2026-02-16 18:54:37.804424] Pt 000572: +8.10817e-04 V [step=  7.769]
[2026-02-16 18:54:37.804424] Pt 000573: +8.10817e-04 V [step=  7.769]
--------------------------------------------------

>> LOG BATCH: 2026-02-16 18:54:39.208939 | Count: 4 <<
--------------------------------------------------
[2026-02-16 18:54:39.208939] Pt 000574: +8.10717e-04 V [step=  7.765]
[2026-02-16 18:54:39.208939] Pt 000575: +8.10817e-04 V [step=  7.769]
[2026-02-16 18:54:39.208939] Pt 000576: +8.13335e-04 V [step=  7.856]
[2026-02-16 18:54:39.208939] Pt 000577: +8.13335e-04 V [step=  7.856]
--------------------------------------------------

>> LOG BATCH: 2026-02-16 18:54:40.584937 | Count: 4 <<
--------------------------------------------------
[2026-02-16 18:54:40.584937] Pt 000578: +8.11623e-04 V [step=  7.797]
[2026-02-16 18:54:40.584937] Pt 000579: +8.11623e-04 V [step=  7.797]
[2026-02-16 18:54:40.584937] Pt 000580: +8.15349e-04 V [step=  7.925]
[2026-02-16 18:54:40.584937] Pt 000581: +8.15249e-04 V [step=  7.921]
--------------------------------------------------

>> LOG BATCH: 2026-02-16 18:54:41.937128 | Count: 4 <<
--------------------------------------------------
[2026-02-16 18:54:41.937128] Pt 000582: +8.14040e-04 V [step=  7.880]
[2026-02-16 18:54:41.937128] Pt 000583: +8.14040e-04 V [step=  7.880]
[2026-02-16 18:54:41.937128] Pt 000584: +8.18069e-04 V [step=  8.018]
[2026-02-16 18:54:41.937128] Pt 000585: +8.18069e-04 V [step=  8.018]
--------------------------------------------------

>> LOG BATCH: 2026-02-16 18:54:43.290708 | Count: 4 <<
--------------------------------------------------
[2026-02-16 18:54:43.290708] Pt 000586: +8.14141e-04 V [step=  7.883]
[2026-02-16 18:54:43.290708] Pt 000587: +8.14241e-04 V [step=  7.887]
[2026-02-16 18:54:43.290708] Pt 000588: +8.18774e-04 V [step=  8.043]
[2026-02-16 18:54:43.290708] Pt 000589: +8.18774e-04 V [step=  8.043]
--------------------------------------------------

>> LOG BATCH: 2026-02-16 18:54:44.665134 | Count: 4 <<
--------------------------------------------------
[2026-02-16 18:54:44.665134] Pt 000590: +8.18169e-04 V [step=  8.022]
[2026-02-16 18:54:44.665134] Pt 000591: +8.18169e-04 V [step=  8.022]
[2026-02-16 18:54:44.665134] Pt 000592: +8.18774e-04 V [step=  8.043]
[2026-02-16 18:54:44.665134] Pt 000593: +8.18975e-04 V [step=  8.050]
--------------------------------------------------

>> LOG BATCH: 2026-02-16 18:54:46.038246 | Count: 4 <<
--------------------------------------------------
[2026-02-16 18:54:46.038246] Pt 000594: +8.19075e-04 V [step=  8.053]
[2026-02-16 18:54:46.038246] Pt 000595: +8.19075e-04 V [step=  8.053]
[2026-02-16 18:54:46.038246] Pt 000596: +8.19780e-04 V [step=  8.077]
[2026-02-16 18:54:46.038246] Pt 000597: +8.19982e-04 V [step=  8.084]
--------------------------------------------------

>> LOG BATCH: 2026-02-16 18:54:47.431501 | Count: 4 <<
--------------------------------------------------
[2026-02-16 18:54:47.431501] Pt 000598: +8.19579e-04 V [step=  8.070]
[2026-02-16 18:54:47.431501] Pt 000599: +8.19277e-04 V [step=  8.060]
[2026-02-16 18:54:47.431501] Pt 000600: +8.20083e-04 V [step=  8.088]
[2026-02-16 18:54:47.431501] Pt 000601: +8.19982e-04 V [step=  8.084]
--------------------------------------------------

>> LOG BATCH: 2026-02-16 18:54:48.804910 | Count: 4 <<
--------------------------------------------------
[2026-02-16 18:54:48.804910] Pt 000602: +8.21795e-04 V [step=  8.147]
[2026-02-16 18:54:48.804910] Pt 000603: +8.21493e-04 V [step=  8.136]
[2026-02-16 18:54:48.804910] Pt 000604: +8.22500e-04 V [step=  8.171]
[2026-02-16 18:54:48.804910] Pt 000605: +8.22701e-04 V [step=  8.178]
--------------------------------------------------

>> LOG BATCH: 2026-02-16 18:54:50.169962 | Count: 4 <<
--------------------------------------------------
[2026-02-16 18:54:50.169962] Pt 000606: +8.24917e-04 V [step=  8.254]
[2026-02-16 18:54:50.169962] Pt 000607: +8.24715e-04 V [step=  8.247]
[2026-02-16 18:54:50.169962] Pt 000608: +8.25924e-04 V [step=  8.289]
[2026-02-16 18:54:50.169962] Pt 000609: +8.25823e-04 V [step=  8.285]
--------------------------------------------------

>> LOG BATCH: 2026-02-16 18:54:51.535864 | Count: 4 <<
--------------------------------------------------
[2026-02-16 18:54:51.535864] Pt 000610: +8.26226e-04 V [step=  8.299]
[2026-02-16 18:54:51.535864] Pt 000611: +8.26327e-04 V [step=  8.302]
[2026-02-16 18:54:51.535864] Pt 000612: +8.28240e-04 V [step=  8.368]
[2026-02-16 18:54:51.535864] Pt 000613: +8.28240e-04 V [step=  8.368]
--------------------------------------------------

>> LOG BATCH: 2026-02-16 18:54:52.893820 | Count: 4 <<
--------------------------------------------------
[2026-02-16 18:54:52.893820] Pt 000614: +8.28341e-04 V [step=  8.372]
[2026-02-16 18:54:52.893820] Pt 000615: +8.28139e-04 V [step=  8.365]
[2026-02-16 18:54:52.893820] Pt 000616: +8.29650e-04 V [step=  8.417]
[2026-02-16 18:54:52.893820] Pt 000617: +8.29650e-04 V [step=  8.417]
--------------------------------------------------

>> LOG BATCH: 2026-02-16 18:54:54.269960 | Count: 4 <<
--------------------------------------------------
[2026-02-16 18:54:54.269960] Pt 000618: +8.29449e-04 V [step=  8.410]
[2026-02-16 18:54:54.269960] Pt 000619: +8.29550e-04 V [step=  8.413]
[2026-02-16 18:54:54.269960] Pt 000620: +8.30355e-04 V [step=  8.441]
[2026-02-16 18:54:54.269960] Pt 000621: +8.30355e-04 V [step=  8.441]
--------------------------------------------------

>> LOG BATCH: 2026-02-16 18:54:55.640578 | Count: 4 <<
--------------------------------------------------
[2026-02-16 18:54:55.640578] Pt 000622: +8.29751e-04 V [step=  8.420]
[2026-02-16 18:54:55.640578] Pt 000623: +8.29751e-04 V [step=  8.420]
[2026-02-16 18:54:55.640578] Pt 000624: +8.32369e-04 V [step=  8.510]
[2026-02-16 18:54:55.640578] Pt 000625: +8.32470e-04 V [step=  8.514]
--------------------------------------------------

>> LOG BATCH: 2026-02-16 18:54:57.008359 | Count: 4 <<
--------------------------------------------------
[2026-02-16 18:54:57.008359] Pt 000626: +8.32369e-04 V [step=  8.510]
[2026-02-16 18:54:57.008359] Pt 000627: +8.32369e-04 V [step=  8.510]
[2026-02-16 18:54:57.008359] Pt 000628: +8.37002e-04 V [step=  8.670]
[2026-02-16 18:54:57.008359] Pt 000629: +8.36901e-04 V [step=  8.666]
--------------------------------------------------

>> LOG BATCH: 2026-02-16 18:54:58.386405 | Count: 4 <<
--------------------------------------------------
[2026-02-16 18:54:58.386405] Pt 000630: +8.34585e-04 V [step=  8.586]
[2026-02-16 18:54:58.386405] Pt 000631: +8.34384e-04 V [step=  8.580]
[2026-02-16 18:54:58.386405] Pt 000632: +8.40325e-04 V [step=  8.784]
[2026-02-16 18:54:58.386405] Pt 000633: +8.40325e-04 V [step=  8.784]
--------------------------------------------------

>> LOG BATCH: 2026-02-16 18:54:59.772783 | Count: 4 <<
--------------------------------------------------
[2026-02-16 18:54:59.772783] Pt 000634: +8.36398e-04 V [step=  8.649]
[2026-02-16 18:54:59.772783] Pt 000635: +8.36196e-04 V [step=  8.642]
[2026-02-16 18:54:59.772783] Pt 000636: +8.42642e-04 V [step=  8.864]
[2026-02-16 18:54:59.772783] Pt 000637: +8.42743e-04 V [step=  8.867]
--------------------------------------------------

>> LOG BATCH: 2026-02-16 18:55:01.146446 | Count: 4 <<
--------------------------------------------------
[2026-02-16 18:55:01.146446] Pt 000638: +8.37606e-04 V [step=  8.690]
[2026-02-16 18:55:01.146446] Pt 000639: +8.37505e-04 V [step=  8.687]
[2026-02-16 18:55:01.146446] Pt 000640: +8.45764e-04 V [step=  8.971]
[2026-02-16 18:55:01.146446] Pt 000641: +8.45562e-04 V [step=  8.964]
--------------------------------------------------

>> LOG BATCH: 2026-02-16 18:55:02.503241 | Count: 4 <<
--------------------------------------------------
[2026-02-16 18:55:02.503241] Pt 000642: +8.38311e-04 V [step=  8.715]
[2026-02-16 18:55:02.503241] Pt 000643: +8.38110e-04 V [step=  8.708]
[2026-02-16 18:55:02.503241] Pt 000644: +8.47174e-04 V [step=  9.020]
[2026-02-16 18:55:02.503241] Pt 000645: +8.47174e-04 V [step=  9.020]
--------------------------------------------------

>> LOG BATCH: 2026-02-16 18:55:03.868221 | Count: 4 <<
--------------------------------------------------
[2026-02-16 18:55:03.868221] Pt 000646: +8.41534e-04 V [step=  8.826]
[2026-02-16 18:55:03.868221] Pt 000647: +8.41433e-04 V [step=  8.822]
[2026-02-16 18:55:03.868221] Pt 000648: +8.46066e-04 V [step=  8.981]
[2026-02-16 18:55:03.868221] Pt 000649: +8.46066e-04 V [step=  8.981]
--------------------------------------------------

>> LOG BATCH: 2026-02-16 18:55:05.217428 | Count: 4 <<
--------------------------------------------------
[2026-02-16 18:55:05.217428] Pt 000650: +8.45965e-04 V [step=  8.978]
[2026-02-16 18:55:05.217428] Pt 000651: +8.45864e-04 V [step=  8.974]
[2026-02-16 18:55:05.217428] Pt 000652: +8.46066e-04 V [step=  8.981]
[2026-02-16 18:55:05.217428] Pt 000653: +8.46167e-04 V [step=  8.985]
--------------------------------------------------

>> LOG BATCH: 2026-02-16 18:55:06.577174 | Count: 4 <<
--------------------------------------------------
[2026-02-16 18:55:06.577174] Pt 000654: +8.46469e-04 V [step=  8.995]
[2026-02-16 18:55:06.577174] Pt 000655: +8.46569e-04 V [step=  8.999]
[2026-02-16 18:55:06.577174] Pt 000656: +8.48382e-04 V [step=  9.061]
[2026-02-16 18:55:06.577174] Pt 000657: +8.48282e-04 V [step=  9.058]
--------------------------------------------------

>> LOG BATCH: 2026-02-16 18:55:07.937074 | Count: 4 <<
--------------------------------------------------
[2026-02-16 18:55:07.937074] Pt 000658: +8.48987e-04 V [step=  9.082]
[2026-02-16 18:55:07.937074] Pt 000659: +8.48987e-04 V [step=  9.082]
[2026-02-16 18:55:07.937074] Pt 000660: +8.48583e-04 V [step=  9.068]
[2026-02-16 18:55:07.937074] Pt 000661: +8.48483e-04 V [step=  9.065]
--------------------------------------------------

>> LOG BATCH: 2026-02-16 18:55:09.310672 | Count: 4 <<
--------------------------------------------------
[2026-02-16 18:55:09.310672] Pt 000662: +8.49288e-04 V [step=  9.092]
[2026-02-16 18:55:09.310672] Pt 000663: +8.49389e-04 V [step=  9.096]
[2026-02-16 18:55:09.310672] Pt 000664: +8.49993e-04 V [step=  9.117]
[2026-02-16 18:55:09.310672] Pt 000665: +8.50094e-04 V [step=  9.120]
--------------------------------------------------

>> LOG BATCH: 2026-02-16 18:55:10.662241 | Count: 4 <<
--------------------------------------------------
[2026-02-16 18:55:10.662241] Pt 000666: +8.50396e-04 V [step=  9.130]
[2026-02-16 18:55:10.662241] Pt 000667: +8.50497e-04 V [step=  9.134]
[2026-02-16 18:55:10.662241] Pt 000668: +8.54022e-04 V [step=  9.255]
[2026-02-16 18:55:10.662241] Pt 000669: +8.54022e-04 V [step=  9.255]
--------------------------------------------------

>> LOG BATCH: 2026-02-16 18:55:12.032878 | Count: 4 <<
--------------------------------------------------
[2026-02-16 18:55:12.032878] Pt 000670: +8.53317e-04 V [step=  9.231]
[2026-02-16 18:55:12.032878] Pt 000671: +8.53317e-04 V [step=  9.231]
[2026-02-16 18:55:12.032878] Pt 000672: +8.55432e-04 V [step=  9.304]
[2026-02-16 18:55:12.032878] Pt 000673: +8.55532e-04 V [step=  9.307]
--------------------------------------------------

>> LOG BATCH: 2026-02-16 18:55:13.392019 | Count: 4 <<
--------------------------------------------------
[2026-02-16 18:55:13.392019] Pt 000674: +8.55231e-04 V [step=  9.297]
[2026-02-16 18:55:13.392019] Pt 000675: +8.55231e-04 V [step=  9.297]
[2026-02-16 18:55:13.392019] Pt 000676: +8.58856e-04 V [step=  9.421]
[2026-02-16 18:55:13.392019] Pt 000677: +8.58554e-04 V [step=  9.411]
--------------------------------------------------

>> LOG BATCH: 2026-02-16 18:55:14.773752 | Count: 4 <<
--------------------------------------------------
[2026-02-16 18:55:14.773752] Pt 000678: +8.56942e-04 V [step=  9.356]
[2026-02-16 18:55:14.773752] Pt 000679: +8.56942e-04 V [step=  9.356]
[2026-02-16 18:55:14.773752] Pt 000680: +8.60165e-04 V [step=  9.466]
[2026-02-16 18:55:14.773752] Pt 000681: +8.60165e-04 V [step=  9.466]
--------------------------------------------------

>> LOG BATCH: 2026-02-16 18:55:16.151921 | Count: 4 <<
--------------------------------------------------
[2026-02-16 18:55:16.151921] Pt 000682: +8.58755e-04 V [step=  9.418]
[2026-02-16 18:55:16.151921] Pt 000683: +8.58755e-04 V [step=  9.418]
[2026-02-16 18:55:16.151921] Pt 000684: +8.61273e-04 V [step=  9.505]
[2026-02-16 18:55:16.151921] Pt 000685: +8.61273e-04 V [step=  9.505]
--------------------------------------------------

>> LOG BATCH: 2026-02-16 18:55:17.529849 | Count: 4 <<
--------------------------------------------------
[2026-02-16 18:55:17.529849] Pt 000686: +8.61273e-04 V [step=  9.505]
[2026-02-16 18:55:17.529849] Pt 000687: +8.61273e-04 V [step=  9.505]
[2026-02-16 18:55:17.529849] Pt 000688: +8.61474e-04 V [step=  9.511]
[2026-02-16 18:55:17.529849] Pt 000689: +8.61676e-04 V [step=  9.518]
--------------------------------------------------

>> LOG BATCH: 2026-02-16 18:55:18.899084 | Count: 4 <<
--------------------------------------------------
[2026-02-16 18:55:18.899084] Pt 000690: +8.62179e-04 V [step=  9.536]
[2026-02-16 18:55:18.899084] Pt 000691: +8.62381e-04 V [step=  9.543]
[2026-02-16 18:55:18.899084] Pt 000692: +8.63892e-04 V [step=  9.595]
[2026-02-16 18:55:18.899084] Pt 000693: +8.63892e-04 V [step=  9.595]
--------------------------------------------------

>> LOG BATCH: 2026-02-16 18:55:20.275246 | Count: 4 <<
--------------------------------------------------
[2026-02-16 18:55:20.275246] Pt 000694: +8.64194e-04 V [step=  9.605]
[2026-02-16 18:55:20.275246] Pt 000695: +8.64194e-04 V [step=  9.605]
[2026-02-16 18:55:20.275246] Pt 000696: +8.67819e-04 V [step=  9.730]
[2026-02-16 18:55:20.275246] Pt 000697: +8.67618e-04 V [step=  9.723]
--------------------------------------------------

>> LOG BATCH: 2026-02-16 18:55:21.653952 | Count: 4 <<
--------------------------------------------------
[2026-02-16 18:55:21.653952] Pt 000698: +8.65704e-04 V [step=  9.657]
[2026-02-16 18:55:21.653952] Pt 000699: +8.65604e-04 V [step=  9.654]
[2026-02-16 18:55:21.653952] Pt 000700: +8.71948e-04 V [step=  9.872]
[2026-02-16 18:55:21.653952] Pt 000701: +8.72150e-04 V [step=  9.879]
--------------------------------------------------

>> LOG BATCH: 2026-02-16 18:55:23.029990 | Count: 4 <<
--------------------------------------------------
[2026-02-16 18:55:23.029990] Pt 000702: +8.66007e-04 V [step=  9.667]
[2026-02-16 18:55:23.029990] Pt 000703: +8.65805e-04 V [step=  9.660]
[2026-02-16 18:55:23.029990] Pt 000704: +8.74567e-04 V [step=  9.962]
[2026-02-16 18:55:23.029990] Pt 000705: +8.74768e-04 V [step=  9.969]
--------------------------------------------------

>> LOG BATCH: 2026-02-16 18:55:24.402640 | Count: 4 <<
--------------------------------------------------
[2026-02-16 18:55:24.402640] Pt 000706: +8.67517e-04 V [step=  9.719]
[2026-02-16 18:55:24.402640] Pt 000707: +8.67618e-04 V [step=  9.723]
[2026-02-16 18:55:24.402640] Pt 000708: +8.75876e-04 V [step= 10.007]
[2026-02-16 18:55:24.402640] Pt 000709: +8.76077e-04 V [step= 10.014]
--------------------------------------------------

>> LOG BATCH: 2026-02-16 18:55:25.773472 | Count: 4 <<
--------------------------------------------------
[2026-02-16 18:55:25.773472] Pt 000710: +8.71344e-04 V [step=  9.851]
[2026-02-16 18:55:25.773472] Pt 000711: +8.71243e-04 V [step=  9.848]
[2026-02-16 18:55:25.773472] Pt 000712: +8.76682e-04 V [step= 10.035]
[2026-02-16 18:55:25.773472] Pt 000713: +8.76581e-04 V [step= 10.031]
--------------------------------------------------

>> LOG BATCH: 2026-02-16 18:55:27.130869 | Count: 4 <<
--------------------------------------------------
[2026-02-16 18:55:27.130869] Pt 000714: +8.73560e-04 V [step=  9.927]
[2026-02-16 18:55:27.130869] Pt 000715: +8.73661e-04 V [step=  9.931]
[2026-02-16 18:55:27.130869] Pt 000716: +8.77588e-04 V [step= 10.066]
[2026-02-16 18:55:27.130869] Pt 000717: +8.77487e-04 V [step= 10.062]
--------------------------------------------------
