[LOG] goTo_fit (scan version):	wait_time=0.3333 s
[LOG] SCAN_PART Channel               : R
[LOG] SCAN_PART_1 (Forward 15 points) : k1 = 2.894e-05,	b1 = 5.827e-04
[LOG] SCAN_PART_2 (Backward 15 points): k2 = 2.939e-05,	b2 = 5.920e-04
[LOG] SCAN_TOTAL  (Symmetric)         : k_total = 2.916e-05,	b_total = 5.874e-04
[LOG] HYSTERESIS_AVG: Mean Delta_Cap  (dy) = 1.082e-05
[LOG] HYSTERESIS_AVG: Mean Delta_Step (dx) = 0.3711 steps
	(0.000000, 5.863340e-04)
	(0.500000, 5.962040e-04)
	(1.000000, 6.102030e-04)
	(1.500000, 6.252080e-04)
	(2.000000, 6.399120e-04)
	(2.500000, 6.548170e-04)
	(3.000000, 6.711320e-04)
	(3.500000, 6.831170e-04)
	(4.000000, 6.992300e-04)
	(4.500000, 7.121210e-04)
	(5.000000, 7.276310e-04)
	(5.500000, 7.400180e-04)
	(6.000000, 7.543190e-04)
	(6.500000, 7.736550e-04)
	(7.000000, 7.865460e-04)
	(7.000000, 7.945020e-04)
	(6.500000, 7.840280e-04)
	(6.000000, 7.685190e-04)
	(5.500000, 7.540170e-04)
	(5.000000, 7.403200e-04)
	(4.500000, 7.268250e-04)
	(4.000000, 7.114160e-04)
	(3.500000, 6.940940e-04)
	(3.000000, 6.802970e-04)
	(2.500000, 6.651910e-04)
	(2.000000, 6.466600e-04)
	(1.500000, 6.359840e-04)
	(1.000000, 6.183600e-04)
	(0.500000, 6.083900e-04)
	(0.000000, 5.941900e-04)
>> note = "last is 700mVpp"

note = 

    "last is 700mVpp"

>> note = "20MHZ, 700mVpp, 100mVdc, time_const 100ms, sen 3mV rms, VDD 3.0, 2/13/2026"

note = 

    "20MHZ, 700mVpp, 100mVdc, time_const 100ms, sen 3mV rms, VDD 3.0, 2/13/2026"
[LOG] goTo_fit (scan version):	wait_time=1.0000 s
[LOG] SCAN_PART Channel               : R
[LOG] SCAN_PART_1 (Forward 15 points) : k1 = 2.958e-05,	b1 = 5.857e-04
[LOG] SCAN_PART_2 (Backward 15 points): k2 = 2.938e-05,	b2 = 5.871e-04
[LOG] SCAN_TOTAL  (Symmetric)         : k_total = 2.948e-05,	b_total = 5.864e-04
[LOG] HYSTERESIS_AVG: Mean Delta_Cap  (dy) = 8.662e-07
[LOG] HYSTERESIS_AVG: Mean Delta_Step (dx) = 0.0294 steps
	(0.000000, 5.850250e-04)
	(0.500000, 6.014410e-04)
	(1.000000, 6.154390e-04)
	(1.500000, 6.308480e-04)
	(2.000000, 6.450480e-04)
	(2.500000, 6.570330e-04)
	(3.000000, 6.739520e-04)
	(3.500000, 6.902670e-04)
	(4.000000, 7.055750e-04)
	(4.500000, 7.190700e-04)
	(5.000000, 7.335730e-04)
	(5.500000, 7.449530e-04)
	(6.000000, 7.640880e-04)
	(6.500000, 7.779860e-04)
	(7.000000, 7.937970e-04)
	(7.000000, 7.944010e-04)
	(6.500000, 7.777840e-04)
	(6.000000, 7.634830e-04)
	(5.500000, 7.459600e-04)
	(5.000000, 7.349830e-04)
	(4.500000, 7.196740e-04)
	(4.000000, 7.053740e-04)
	(3.500000, 6.902670e-04)
	(3.000000, 6.755640e-04)
	(2.500000, 6.583420e-04)
	(2.000000, 6.454510e-04)
	(1.500000, 6.311500e-04)
	(1.000000, 6.165470e-04)
	(0.500000, 6.019450e-04)
	(0.000000, 5.881470e-04)
[LOG] goTo_fit (scan version):	wait_time=2.0000 s
[LOG] SCAN_PART Channel               : R
[LOG] SCAN_PART_1 (Forward 15 points) : k1 = 2.950e-05,	b1 = 5.862e-04
[LOG] SCAN_PART_2 (Backward 15 points): k2 = 2.952e-05,	b2 = 5.862e-04
[LOG] SCAN_TOTAL  (Symmetric)         : k_total = 2.951e-05,	b_total = 5.862e-04
[LOG] HYSTERESIS_AVG: Mean Delta_Cap  (dy) = 5.908e-07
[LOG] HYSTERESIS_AVG: Mean Delta_Step (dx) = 0.0200 steps
	(0.000000, 5.861330e-04)
	(0.500000, 6.021460e-04)
	(1.000000, 6.158430e-04)
	(1.500000, 6.298410e-04)
	(2.000000, 6.457530e-04)
	(2.500000, 6.578390e-04)
	(3.000000, 6.747580e-04)
	(3.500000, 6.903680e-04)
	(4.000000, 7.040640e-04)
	(4.500000, 7.191710e-04)
	(5.000000, 7.348820e-04)
	(5.500000, 7.453560e-04)
	(6.000000, 7.637860e-04)
	(6.500000, 7.775830e-04)
	(7.000000, 7.942000e-04)
	(7.000000, 7.947040e-04)
	(6.500000, 7.778850e-04)
	(6.000000, 7.636850e-04)
	(5.500000, 7.457580e-04)
	(5.000000, 7.344790e-04)
	(4.500000, 7.199770e-04)
	(4.000000, 7.051720e-04)
	(3.500000, 6.891600e-04)
	(3.000000, 6.741540e-04)
	(2.500000, 6.572340e-04)
	(2.000000, 6.449480e-04)
	(1.500000, 6.307480e-04)
	(1.000000, 6.164470e-04)
	(0.500000, 6.023470e-04)
	(0.000000, 5.864350e-04)
[LOG] goTo_fit (scan version):	wait_time=1.2500 s
[LOG] SCAN_PART Channel               : R
[LOG] SCAN_PART_1 (Forward 15 points) : k1 = 2.956e-05,	b1 = 5.865e-04
[LOG] SCAN_PART_2 (Backward 15 points): k2 = 2.935e-05,	b2 = 5.872e-04
[LOG] SCAN_TOTAL  (Symmetric)         : k_total = 2.945e-05,	b_total = 5.868e-04
[LOG] HYSTERESIS_AVG: Mean Delta_Cap  (dy) = 5.907e-07
[LOG] HYSTERESIS_AVG: Mean Delta_Step (dx) = 0.0201 steps
	(0.000000, 5.859310e-04)
	(0.500000, 6.024480e-04)
	(1.000000, 6.157420e-04)
	(1.500000, 6.318550e-04)
	(2.000000, 6.465590e-04)
	(2.500000, 6.571340e-04)
	(3.000000, 6.749590e-04)
	(3.500000, 6.903680e-04)
	(4.000000, 7.057770e-04)
	(4.500000, 7.191710e-04)
	(5.000000, 7.352850e-04)
	(5.500000, 7.463630e-04)
	(6.000000, 7.644910e-04)
	(6.500000, 7.776840e-04)
	(7.000000, 7.951060e-04)
	(7.000000, 7.950060e-04)
	(6.500000, 7.780860e-04)
	(6.000000, 7.637860e-04)
	(5.500000, 7.453560e-04)
	(5.000000, 7.341770e-04)
	(4.500000, 7.193730e-04)
	(4.000000, 7.045680e-04)
	(3.500000, 6.901660e-04)
	(3.000000, 6.747580e-04)
	(2.500000, 6.573350e-04)
	(2.000000, 6.467610e-04)
	(1.500000, 6.317550e-04)
	(1.000000, 6.167490e-04)
	(0.500000, 6.032530e-04)
	(0.000000, 5.873410e-04)